# Bundle file v0.3
14 672
0 0 0
0 0 0
0 0 0
0 0 0
0 0 0
0 0 0
0 0 0
0 0 0
0 0 0
0 0 0
1.7697807004e+03 1.3899220004e-01 1.6789292837e-01
9.8911433524e-01 -1.2031727853e-01 -8.4714723112e-02
1.1554770786e-01 9.9154016458e-01 -5.9133993809e-02
9.1112891701e-02 4.8701688899e-02 9.9464897651e-01
-2.3291684511e-01 -1.4164648699e-01 9.9411098240e-01
1.7226243593e+03 2.2075972407e-01 -2.6902022892e-02
8.5847997920e-01 -3.7270616693e-01 3.5228147616e-01
3.9115861698e-01 9.2010098334e-01 2.0226636375e-02
-3.3167312474e-01 1.2043377263e-01 9.3567550184e-01
5.6454097115e-01 -6.3175575335e-02 9.6413053935e-01
0 0 0
0 0 0
0 0 0
0 0 0
0 0 0
0 0 0
0 0 0
0 0 0
0 0 0
0 0 0
0 0 0
0 0 0
0 0 0
0 0 0
0 0 0
0 0 0
0 0 0
0 0 0
0 0 0
0 0 0
1.7550129626e+03 1.9565791729e-01 -4.2066878735e-02
9.4869963038e-01 2.2662042898e-02 -3.1536557061e-01
-4.3111179203e-02 9.9738426353e-01 -5.8017730893e-02
3.1322585708e-01 6.8637181482e-02 9.4719506955e-01
-6.4623540392e-01 -1.0898289571e-01 8.9846361248e-01
1.7407328093e+03 1.7652999857e-01 2.0659915011e-02
9.5137162000e-01 -2.5933446192e-01 1.6624583457e-01
2.6983313598e-01 9.6191820736e-01 -4.3628443429e-02
-1.4860053627e-01 8.6365497788e-02 9.8511871438e-01
2.1128262549e-01 -1.5215139733e-01 1.0404675580e+00
1.7560507301e+03 2.5419396339e-01 -2.1560241805e-01
8.3021021570e-01 1.8915841141e-01 -5.2437590824e-01
-2.1273021179e-01 9.7698600788e-01 1.5626816703e-02
5.1526386904e-01 9.8577055154e-02 8.5134347326e-01
-9.9224177736e-01 4.4154171895e-02 7.0873994735e-01
0 0 0
0 0 0
0 0 0
0 0 0
0 0 0
0 0 0
0 0 0
0 0 0
0 0 0
0 0 0
1.7705319208e+03 1.5921848300e-01 6.2142382716e-02
6.4762709871e-01 3.1740676629e-01 -6.9269913075e-01
-3.5478631912e-01 9.3015800959e-01 9.4513199942e-02
6.7431877386e-01 1.8455086539e-01 7.1500711136e-01
-1.2654458295e+00 2.0243495449e-01 4.7278500711e-01
-2.4858035001e-02 -2.7539060326e-01 -1.8433983738e+00
27 29 7
2 8 112 -194.0800 -565.3900 10 134 -195.6300 -494.0300
-3.3557425736e-01 2.7552508692e-01 -1.8811077404e+00
169 102 81
4 8 261 -689.1800 546.6799 10 215 -407.7400 623.2500 2 249 -915.9800 425.9500 13 322 -159.6200 692.9301
2.2488919568e-01 -1.2316987053e-01 -2.1347492851e+00
85 50 0
2 8 2161 397.5100 -197.2500 10 1389 520.5200 -281.5300
3.0213718897e-01 -2.0797624219e-01 -2.0643780521e+00
239 236 225
2 8 15 528.3000 -386.5200 10 10 603.3500 -510.7100
-1.9329693995e-01 -1.4538319974e-01 -1.9838292364e+00
230 181 54
4 8 160 -348.7800 -219.6300 10 105 -225.8400 -140.2400 3 88 -524.8600 -668.5100 9 112 -528.8500 -515.1899
-3.3959810310e-01 -1.1315600598e-01 -1.9405251306e+00
246 242 227
4 8 297 -611.3700 -162.4500 10 240 -439.0700 -39.1200 13 270 -270.6500 52.4000 9 156 -902.9800 -595.8500
3.3220063945e-01 -2.0557087887e-01 -2.0514998631e+00
199 139 29
2 8 153 588.8101 -395.4600 10 102 662.8600 -537.1600
-3.3373921956e-01 -1.1969065745e-01 -1.9491126423e+00
136 102 38
3 8 296 -593.5100 -170.7000 10 238 -424.2300 -50.3400 13 268 -257.3800 38.1700
-2.5582867589e-01 -1.2568851830e-01 -1.9732916077e+00
222 172 49
2 8 385 -452.8600 -183.0000 10 321 -307.3100 -87.2600
2.2373893883e-01 3.3140780522e-01 -2.1507886441e+00
195 189 164
5 8 450 435.7000 583.1300 10 279 725.5699 541.2600 2 347 212.5300 551.7700 3 456 -202.2700 463.3800 9 346 -31.3500 523.5500
2.2975496417e-01 3.4288092918e-01 -2.1437870570e+00
188 182 148
5 8 455 446.6400 606.9800 10 286 741.1000 567.0400 2 354 222.0800 576.8201 3 343 -198.9900 488.2300 9 349 -24.9700 548.5300
-4.3767736787e-02 3.5631450167e-01 -1.9628808284e+00
61 63 50
3 8 370 -115.1900 687.4200 10 305 130.0601 707.9800 9 269 -523.1500 557.2900
2.9359253847e-01 -2.5992220666e-01 -1.9976068038e+00
169 111 13
2 8 282 504.2100 -520.9200 10 225 528.3300 -641.9000
2.3593072846e-01 3.2811912661e-01 -2.1408314034e+00
192 185 167
4 8 611 454.4900 583.3600 10 363 746.3199 538.9500 2 465 234.9301 553.4700 9 433 -9.0800 527.5500
3.3611452522e-01 3.1096408016e-01 -2.0490148425e+00
210 205 175
4 8 352 650.0601 610.6200 10 280 942.8500 547.8000 2 475 429.4100 594.7500 3 627 26.7500 536.8500
-2.3453004811e-01 8.7232027834e-02 -1.8740347431e+00
57 51 39
4 8 738 -521.4500 183.8100 10 608 -335.2700 267.7900 3 395 -852.9700 -291.6600 9 392 -818.0400 -117.9200
-2.9968220754e-01 1.9126067211e-01 -1.7839823412e+00
85 56 74
2 8 562 -762.4400 416.4000 10 491 -517.9900 512.3000
2.5090634863e-02 2.9566221542e-01 -1.9962700530e+00
67 67 59
2 8 599 25.6500 557.7500 10 505 249.5699 563.1500
2.3262591683e-01 3.3399243888e-01 -2.1416169577e+00
34 38 24
4 8 614 450.8900 592.8201 10 503 741.8600 550.6400 2 623 228.2000 563.1100 9 794 -17.4200 535.3400
-3.3844273758e-01 -1.1889269485e-01 -1.9422449037e+00
249 246 232
3 8 916 -607.5100 -171.0900 10 1023 -437.4800 -48.2200 2 663 -730.3800 -344.2800
-3.3318935097e-01 -1.1060452291e-01 -1.9441619463e+00
241 241 223
3 8 919 -598.4200 -157.2300 10 1031 -425.8500 -36.8700 13 814 -259.4200 52.5000
-3.3318935097e-01 -1.1060452291e-01 -1.9441619463e+00
241 241 223
3 8 920 -598.4200 -157.2300 10 1032 -425.8500 -36.8700 13 815 -259.4200 52.5000
-3.2712496631e-01 -1.1112681872e-01 -1.9577788516e+00
36 38 8
3 8 922 -574.0800 -155.0900 10 744 -404.1200 -39.6400 13 811 -237.5100 45.9100
-1.9644198180e-01 -1.2281681552e-01 -1.9766954706e+00
61 48 32
4 8 915 -360.0000 -184.2100 10 735 -230.5500 -105.5100 2 675 -441.4200 -304.7200 9 458 -549.6400 -478.2400
-2.0104778153e-01 -1.1387677702e-01 -1.9690047183e+00
125 86 57
3 8 678 -373.6500 -170.0500 10 737 -241.5800 -89.4300 2 679 -456.1600 -293.7000
-1.9363770103e-01 -8.6757140318e-02 -1.9547208998e+00
53 42 22
3 8 931 -374.4300 -127.8800 10 1021 -239.3000 -48.7700 2 693 -457.8800 -249.0600
-1.7501903959e-01 -5.3837468529e-02 -1.9323155070e+00
98 88 62
4 8 702 -364.9600 -76.2100 10 751 -229.1900 -1.3700 2 706 -445.8900 -190.9800 9 502 -555.7300 -354.9100
-2.3721660132e-01 9.2351467249e-02 -1.8731741643e+00
203 201 191
3 8 968 -526.9200 192.6700 10 798 -338.8800 276.5100 3 548 -866.7000 -281.7500
-3.4430795876e-01 1.2318539628e-01 -1.9188400708e+00
30 27 22
3 8 757 -645.4300 247.8100 10 623 -409.3800 341.6500 2 749 -831.2000 106.0100
-3.3179777498e-01 2.7926574716e-01 -1.8804294111e+00
175 83 75
3 8 831 -683.8500 554.4600 10 688 -402.5500 629.4800 2 785 -910.5900 435.2700
-3.2872660567e-01 2.8332212167e-01 -1.8642538357e+00
248 111 70
4 8 840 -700.6700 571.1500 10 951 -417.9200 646.9301 2 789 -928.2500 452.2600 13 1032 -172.4200 717.6700
4.6870323140e-02 2.9848889800e-01 -1.9941479507e+00
35 38 27
3 8 836 62.6600 566.7000 10 919 287.6500 567.7400 2 831 -98.5300 513.6899
-1.7363399471e-01 -4.4951838589e-02 -1.9270708183e+00
100 84 55
4 8 1245 -367.3900 -61.6500 10 1049 -230.6100 12.6900 2 921 -448.8700 -175.2000 9 669 -559.6700 -338.4600
-3.3439495383e-01 2.9189502329e-01 -1.8513462821e+00
244 220 197
3 8 1489 -729.8100 595.2500 10 1743 -441.2400 671.7900 2 1017 -963.1000 476.3600
-3.3296472133e-01 2.9763684620e-01 -1.8474890042e+00
247 222 191
3 8 1495 -733.5500 609.5400 10 1753 -443.1700 685.3101 2 1054 -968.3700 491.5800
8.5898785547e-02 3.3744856302e-01 -2.0462917200e+00
49 53 39
3 8 1136 160.0400 622.7500 10 933 411.0601 613.9000 2 1093 -26.8900 574.4299
8.9729942663e-02 3.4613270227e-01 -1.9894472481e+00
180 175 147
5 8 1162 142.2700 671.7200 10 957 385.6100 669.7400 2 1107 -32.3300 619.2100 3 1100 -376.2200 499.5800 9 1067 -243.7600 575.0701
-3.6166554250e-01 -1.3334030344e-01 -1.9220573752e+00
233 178 60
3 8 1604 -666.3600 -198.7200 10 1875 -492.1000 -62.3900 2 1124 -792.8500 -388.3101
-3.2929314569e-01 -1.1806540918e-01 -1.9452327933e+00
145 107 46
3 8 1206 -591.3800 -169.5300 10 1408 -422.7200 -49.8000 13 1360 -257.9000 39.2300
-3.2929314569e-01 -1.1806540918e-01 -1.9452327933e+00
145 107 46
3 8 1207 -591.3800 -169.5300 10 1409 -422.7200 -49.8000 13 1361 -257.9000 39.2300
-3.5340447365e-01 -1.1117434638e-01 -1.9365737514e+00
198 151 65
2 8 1610 -637.1600 -157.6900 10 1419 -458.4400 -30.5700
-3.2922747646e-01 -1.0779612760e-01 -1.9577524840e+00
207 198 157
4 8 1613 -577.1800 -149.9400 10 1892 -405.6800 -34.3900 13 1786 -238.3100 51.2200 9 1094 -867.1900 -561.3500
-2.9028255141e-01 -9.9151696149e-02 -1.9594667985e+00
224 204 136
4 8 1623 -517.3600 -139.4600 10 1891 -356.8100 -35.4400 3 649 -795.5800 -721.5200 9 831 -778.4000 -512.8101
-2.3276659369e-01 8.8464910343e-02 -1.8680568688e+00
58 58 46
2 8 1301 -526.0000 186.3400 10 1517 -339.4100 270.5900
-3.4247142175e-01 1.2457419142e-01 -1.9238317810e+00
136 130 103
3 8 1314 -636.5100 249.4000 10 1559 -400.8600 342.0100 2 1253 -822.4300 109.1200
5.0985963318e-02 2.9850261912e-01 -1.9933957769e+00
102 104 90
3 8 1474 69.5800 567.4000 10 1258 294.5601 568.7900 2 1356 -91.1100 514.3300
-3.2713472565e-01 -1.0849771943e-01 -1.9631753316e+00
175 145 86
3 8 2190 -568.4800 -149.8600 10 1418 -396.4800 -34.4000 9 1389 -857.2000 -558.3900
-3.3154600083e-01 2.2543732596e-01 -1.8227173802e+00
238 244 251
2 8 2512 -761.7000 472.3900 10 2240 -494.0600 562.1000
-3.2364472288e-01 2.3096083134e-01 -1.8302697948e+00
180 201 216
2 8 2518 -737.2400 480.4100 10 3496 -471.5500 567.5300
-3.2875060933e-01 2.8547553551e-01 -1.8767424394e+00
170 88 84
3 8 2663 -684.0600 568.4900 10 1307 -401.8500 643.9200 2 1653 -911.7300 450.4500
-3.3911298641e-01 2.8505260371e-01 -1.8554026203e+00
245 219 196
3 8 2681 -731.1900 578.6300 10 3659 -443.6200 656.6801 2 1661 -964.6100 458.0000
-3.2908666323e-01 2.9214349156e-01 -1.8566228713e+00
255 174 149
3 8 2706 -713.2100 593.0900 10 3695 -427.1200 668.7500 2 1701 -943.4900 474.9100
-3.2908666323e-01 2.9214349156e-01 -1.8566228713e+00
255 174 149
3 8 2707 -713.2100 593.0900 10 3696 -427.1200 668.7500 2 1702 -943.4900 474.9100
-3.3105873048e-01 3.0169142821e-01 -1.8439313492e+00
252 221 190
3 8 2743 -735.7300 620.1100 10 2384 -444.6200 695.6300 2 1746 -971.4100 503.1000
-2.4355228492e-01 3.5261386687e-01 -2.0179682617e+00
252 249 237
2 8 2753 -395.9800 629.3600 10 2365 -114.5500 673.8500
-3.2564155343e-01 3.1951530197e-01 -1.8387109863e+00
255 237 214
2 8 2010 -736.5300 661.1200 10 2435 -439.8000 733.6000
2.1959394571e-01 3.3333135509e-01 -2.0147827823e+00
185 169 103
4 8 2000 403.5200 654.2900 10 1289 664.6500 625.3600 2 1835 212.4000 618.3101 3 1807 -148.1600 531.3800
8.4764289834e-02 3.4753284053e-01 -1.9875705219e+00
234 237 205
4 8 2844 132.1500 674.9100 10 2363 375.4800 673.8101 3 2500 -386.2200 500.7400 9 1786 -254.0200 576.9800
2.2173059564e-01 3.3735262674e-01 -2.0146306688e+00
103 105 89
6 8 2013 407.3600 663.5800 10 1716 669.7000 634.8600 2 1852 215.2900 627.0601 13 1241 952.1600 616.3300 3 1810 -146.7200 540.2900 9 1819 0.2900 599.1700
-2.5819621683e-01 7.9015795491e-02 -1.8515359681e+00
227 231 219
2 8 2346 -588.8200 170.7400 10 3063 -397.1400 264.6700
-3.3809910804e-01 2.8391099718e-01 -1.8564571137e+00
175 99 91
3 8 4309 -727.9100 575.8600 10 3653 -441.1400 653.7500 2 2194 -960.2000 455.0500
-3.3721264182e-01 2.8641790214e-01 -1.8546898591e+00
179 98 78
3 8 2689 -729.1500 581.7800 10 3666 -441.7800 659.5800 2 2208 -961.9900 461.8600
-3.3721264182e-01 2.8641790214e-01 -1.8546898591e+00
179 98 78
3 8 2690 -729.1500 581.7800 10 3667 -441.7800 659.5800 2 2209 -961.9900 461.8600
-3.3458816197e-01 2.9302090196e-01 -1.8495827529e+00
201 101 93
3 8 2718 -733.0000 598.6799 10 3719 -443.4900 675.0601 2 2251 -966.6300 479.7300
8.9847805915e-02 3.4468828629e-01 -1.9904178658e+00
199 189 163
5 8 4578 142.8600 667.9399 10 2347 385.8300 665.8700 2 2395 -31.7000 616.0800 3 2491 -374.9600 496.4000 9 2566 -242.8600 571.6100
8.4217891655e-02 3.4538233423e-01 -1.9894046894e+00
196 188 169
6 8 2827 131.5699 669.3700 10 2353 374.1500 668.2100 2 2396 -42.6300 616.1799 13 1597 617.2200 681.1000 3 2490 -385.5800 495.0200 9 2565 -253.9100 571.1700
9.5191926051e-02 3.4555569346e-01 -1.9901965226e+00
46 48 36
5 8 2831 152.9000 671.2000 10 2351 396.4200 668.0100 2 2402 -21.9600 619.1700 3 2498 -365.5900 501.0601 9 2570 -233.1500 575.6500
9.5222348315e-02 3.4572108800e-01 -1.9908681239e+00
46 48 36
6 8 2832 152.9000 671.2000 10 2352 396.4200 668.0100 2 2403 -21.9600 619.1700 13 1594 641.4700 678.8500 3 2499 -365.5900 501.0601 9 2571 -233.1500 575.6500
9.7143059430e-02 3.4658910281e-01 -1.9907623597e+00
209 212 197
6 8 2836 156.4500 673.3000 10 2359 400.2800 669.8101 2 2404 -18.3400 621.2900 13 2147 646.3300 681.0200 3 2505 -362.8000 503.9500 9 2576 -229.9300 578.3201
9.2262240899e-02 3.4814931490e-01 -1.9896183337e+00
54 56 51
6 8 2026 146.9600 676.2100 10 1744 390.7000 673.5800 2 2410 -28.0600 624.1600 13 1607 636.6801 686.1300 3 1796 -372.8500 505.0200 9 2577 -240.2300 580.4100
1.5506888624e-01 2.7488147589e-01 -2.0096207299e+00
48 50 38
4 8 589 269.7000 525.3201 10 489 491.3900 503.5000 3 789 -208.8800 392.7100 9 771 -89.9500 453.5100
8.3518874162e-02 2.5225259179e-01 -1.9651561408e+00
42 44 28
2 8 1393 113.3300 490.3900 10 1195 311.5200 485.6500
8.5992328394e-02 3.4491946219e-01 -1.9891404103e+00
201 196 168
3 8 4583 135.3500 668.8101 10 3689 377.4600 667.0400 3 4369 -381.9800 495.5000
9.8118463924e-02 3.4381209490e-01 -1.9919646103e+00
203 197 178
3 8 4576 159.1700 667.0000 10 3673 402.4000 662.9301 3 4374 -359.1200 498.2600
9.8118463924e-02 3.4381209490e-01 -1.9919646103e+00
203 197 178
3 8 4577 159.1700 667.0000 10 3674 402.4000 662.9301 3 4375 -359.1200 498.2600
-2.2213615181e-02 -2.9257275135e-01 -1.8480170093e+00
119 118 98
2 8 23 -186.1100 -598.0100 10 31 -192.4100 -527.4000
-2.2944667862e-02 -2.9328162752e-01 -1.8491078287e+00
116 115 96
2 8 37 -186.5500 -598.6899 10 32 -192.4100 -527.4000
3.0842762463e-01 2.6249143672e-01 -2.0627296547e+00
87 88 74
2 8 50 584.0100 500.9600 10 42 846.4100 433.4100
2.2794021004e-01 -1.7622197817e-01 -2.0593052247e+00
177 127 28
2 8 66 386.5500 -313.1400 10 54 464.6600 -399.2700
2.4847413903e-01 -2.4470139085e-01 -2.0125142056e+00
206 155 47
2 8 79 414.6899 -468.6000 10 69 450.0500 -563.1200
2.7951560181e-01 -1.8975390148e-01 -2.0701373298e+00
174 118 21
2 8 80 485.2700 -344.7700 10 71 566.7900 -456.5601
2.9636932811e-01 1.8282577597e-01 -1.9532398998e+00
95 125 81
2 8 135 542.4399 368.7700 10 89 728.8101 302.1000
-3.2720571006e-01 -9.8299061035e-02 -1.9462959939e+00
238 236 195
2 8 164 -586.8300 -135.6900 10 189 -413.6400 -20.4100
-2.0077190617e-02 -2.8609287208e-01 -1.8378736360e+00
119 118 100
2 8 209 -190.5000 -593.2000 10 183 -199.2700 -521.3900
-4.0316672983e-01 2.2114084434e-01 -1.7894398473e+00
67 51 34
2 8 254 -940.3900 476.2700 10 210 -636.3300 583.8900
-3.2923776522e-02 -2.7876686794e-01 -1.8397439903e+00
71 66 45
2 8 280 -212.6800 -572.6600 10 314 -213.9000 -496.9500
3.1624376530e-01 -2.2241724461e-01 -2.0322867140e+00
204 150 38
2 8 284 554.7800 -433.4900 10 226 611.6400 -566.7900
-3.2309007610e-01 1.1549203123e-01 -1.9192359080e+00
187 163 112
2 8 320 -612.7100 233.1300 10 350 -384.4900 324.6600
2.9244261723e-01 2.0034598283e-01 -1.9762242361e+00
192 211 218
3 8 329 537.2200 399.8500 10 268 739.9700 333.9700 13 206 936.9900 258.8800
-4.0641296896e-01 2.4811881201e-01 -1.8210636230e+00
57 75 153
2 8 335 -894.6700 517.5500 10 374 -585.6700 616.3201
-3.0094778158e-01 3.2613372817e-01 -1.9698988362e+00
48 46 38
2 8 350 -530.4900 600.7200 10 387 -245.0700 659.1200
1.0627283484e-01 -3.0181243112e-01 -1.8943554693e+00
225 182 67
2 8 376 91.8300 -619.2300 10 310 66.2000 -621.9100
2.5605380036e-01 -2.0395761130e-01 -2.0172765855e+00
37 41 26
2 8 379 432.0200 -391.0601 10 315 484.2300 -486.8300
1.9484306879e-01 2.8002741672e-01 -2.0273506083e+00
34 35 24
2 8 440 351.8300 533.8600 10 361 585.7300 501.4100
-3.4386512445e-01 2.6923500694e-01 -1.8691558893e+00
238 104 65
2 8 441 -718.8000 539.4800 10 523 -434.9000 619.0800
-2.9045138708e-01 3.2386892255e-01 -1.9692265089e+00
249 248 246
3 8 454 -514.9400 598.1000 10 534 -233.0000 655.4900 13 583 22.5700 711.9600
-3.4150359091e-02 -2.7210648189e-01 -1.8403868072e+00
228 185 73
2 8 476 -214.1300 -557.0900 10 555 -212.5700 -483.7300
-1.7856685392e-01 -1.2601052673e-01 -2.0106629814e+00
147 100 21
2 8 491 -304.6000 -182.4800 10 413 -174.9600 -114.9400
-2.9854710510e-01 -7.4233642119e-02 -1.9478246474e+00
213 161 49
2 8 500 -541.6900 -98.6700 10 752 -371.8000 8.5500
-2.3752294587e-01 6.1471906897e-02 -1.8630427162e+00
64 46 24
2 8 517 -539.5400 135.2200 10 437 -359.8800 224.7200
2.1194657336e-01 2.4342650011e-01 -1.9963343890e+00
60 60 50
2 8 567 374.5500 473.9800 10 357 586.4600 436.3101
-3.2506881594e-01 2.2720992685e-01 -1.8166153668e+00
103 144 179
2 8 569 -759.8700 478.8400 10 673 -493.9400 568.1400
1.9099345403e-01 2.6789871493e-01 -2.0080103815e+00
35 35 23
2 8 587 338.1100 516.2300 10 482 560.8900 486.4700
1.4589912809e-01 2.7505026558e-01 -2.0061608376e+00
50 51 45
2 8 590 250.4700 526.5601 10 490 470.7800 506.0601
-3.5447818652e-01 2.6068602085e-01 -1.8190388275e+00
209 207 198
2 8 596 -810.3900 546.7800 10 690 -520.3300 635.0000
4.1056779755e-02 2.9688578747e-01 -1.9942358719e+00
166 164 151
2 8 604 52.9900 563.1700 10 506 276.3600 565.2800
-8.4240907584e-03 3.0712473849e-01 -1.9849812633e+00
113 114 97
2 8 609 -39.5300 582.2000 10 516 188.3500 594.2800
-7.9129766645e-02 3.4302907583e-01 -2.0560083397e+00
188 184 161
2 8 618 -111.2900 608.2700 10 528 146.5900 627.0000
-1.2196458102e-01 3.5643804163e-01 -2.0389536420e+00
211 204 188
2 8 628 -190.6700 636.6100 10 389 73.9800 663.1300
-2.8499644609e-01 3.7063886756e-01 -2.0292982473e+00
63 57 53
2 8 635 -448.3000 652.0400 10 544 -152.1000 701.0100
-2.6603577553e-02 -3.0747929218e-01 -1.8397199643e+00
194 148 51
2 8 660 -202.3500 -635.5800 10 726 -215.0700 -556.7100
-2.7786855212e-02 -2.6563156034e-01 -1.8409794280e+00
215 209 197
2 8 665 -201.2000 -545.7700 10 556 -199.4900 -474.4200
-2.5364687401e-01 -1.1645804536e-01 -1.9659841251e+00
87 73 39
2 8 679 -456.4400 -169.3900 10 1018 -310.0700 -74.3800
-5.4208843791e-01 -1.5010644598e-02 -1.9520085222e+00
222 179 51
2 8 715 -890.9200 20.3600 10 589 -616.9700 167.6900
-2.2569317088e-01 5.0794883683e-02 -1.8600174482e+00
41 35 23
2 8 726 -522.9900 114.0300 10 595 -351.0400 203.0700
2.5876006065e-01 1.5227600516e-01 -1.9035121415e+00
87 115 80
2 8 763 446.0400 312.4700 10 604 590.5200 255.7900
2.7244565464e-01 1.5474679573e-01 -1.9099553883e+00
155 207 107
2 8 766 479.1100 316.9100 10 605 629.6899 256.0700
3.3692975942e-01 1.5615131985e-01 -1.9349981197e+00
125 183 99
2 8 767 634.0800 319.2700 10 438 811.3400 231.6800
3.1085797949e-01 1.8187909659e-01 -1.9608434341e+00
217 214 173
3 8 776 576.2300 366.7100 10 612 767.9200 292.5701 13 475 952.4800 205.8500
2.7516431507e-01 2.0117772171e-01 -1.9748517656e+00
80 84 81
2 8 784 499.1500 400.4399 10 461 697.0601 340.5601
1.9221861066e-01 2.4430353183e-01 -1.9895724111e+00
42 42 30
2 8 790 333.0699 476.3000 10 632 540.5601 443.7300
-3.3807345464e-01 2.2633996678e-01 -1.8161980373e+00
254 255 253
2 8 791 -783.0800 476.7700 10 674 -511.7500 568.7000
-3.2008881985e-01 2.3499138148e-01 -1.8321217037e+00
253 253 254
2 8 796 -728.7300 488.7100 10 923 -463.3400 572.9000
1.6489296497e-01 2.7324022051e-01 -2.0090698768e+00
32 34 25
2 8 808 287.7800 524.2300 10 488 509.9301 498.8800
1.0937139791e-01 2.7504551072e-01 -1.9916530150e+00
32 33 25
2 8 811 175.6600 528.4000 10 648 390.0200 516.7800
4.4494539125e-02 2.9148460040e-01 -1.9932603089e+00
41 43 30
2 8 830 58.3900 552.3300 10 667 279.4100 555.6300
3.8946554913e-02 2.9261003740e-01 -1.9906157726e+00
29 32 25
2 8 832 47.0699 555.3400 10 670 268.1000 559.5601
-3.3136412589e-01 2.9630182034e-01 -1.8503633425e+00
222 74 31
2 8 851 -726.9400 605.0800 10 704 -437.2400 680.6100
-3.7145888046e-01 2.8580515775e-01 -1.7880002704e+00
103 104 106
2 8 856 -894.8500 617.8400 10 965 -583.0700 707.0100
-3.2100435121e-01 3.0522532452e-01 -1.8500437666e+00
245 201 181
2 8 859 -710.6100 624.3600 10 964 -421.7700 697.2900
-3.6584544132e-01 2.8860619132e-01 -1.7862910314e+00
229 230 229
2 8 860 -888.1800 625.4301 10 968 -577.7700 713.4000
-3.5056894003e-01 3.9759496723e-01 -2.0467193462e+00
113 114 98
2 8 877 -528.2100 685.3900 10 983 -209.0700 738.2100
3.0286599948e-01 -2.3111519853e-01 -2.0307163317e+00
214 166 62
3 8 902 526.0900 -447.4600 10 1367 579.5699 -572.9600 13 792 596.1300 -705.2300
-3.3644416892e-01 -1.0787603711e-01 -1.9497505902e+00
199 143 49
3 8 927 -596.8500 -150.4500 10 1034 -422.7600 -31.6400 13 1062 -253.9300 56.6600
-1.9470417212e-01 -9.1019417257e-02 -1.9583490476e+00
70 56 30
2 8 930 -372.8800 -134.2100 10 1020 -238.3000 -56.4900
-5.1901290572e-01 -1.3121107169e-02 -1.9685374629e+00
202 144 23
2 8 950 -836.6300 23.1500 10 1090 -572.9800 162.0000
-2.3354475799e-01 9.9671664100e-02 -1.8652012091e+00
16 16 14
2 8 973 -530.8900 208.6900 10 1130 -340.8800 291.3500
-3.3902906008e-01 1.1284140113e-01 -1.9076049680e+00
147 124 74
2 8 981 -651.6000 230.6600 10 815 -418.7100 327.0200
3.1886608275e-01 1.4959483225e-01 -1.9194466904e+00
87 156 77
2 8 995 589.4100 306.5701 10 600 751.7200 226.2200
2.8957638126e-01 1.4926935868e-01 -1.9081948570e+00
140 205 103
2 8 996 518.4500 306.4100 10 784 668.9100 238.0500
2.9562200543e-01 1.4958821576e-01 -1.9102269779e+00
146 214 102
2 8 997 533.0500 307.2500 10 602 685.8101 236.1600
2.5405003504e-01 1.7106368116e-01 -1.9244023179e+00
76 112 67
2 8 1014 441.3000 348.3900 10 807 602.3400 294.5100
3.2680605891e-01 1.8144290609e-01 -1.9656621957e+00
88 120 70
2 8 1019 612.8700 366.0400 10 803 811.6500 285.8500
3.0742982483e-01 1.8095586550e-01 -1.9576895340e+00
103 112 74
2 8 1020 567.7600 365.0701 10 613 757.7900 292.7800
3.3313573628e-01 1.8869356439e-01 -1.9776217020e+00
190 197 164
2 8 1024 628.4200 379.0100 10 810 837.0900 297.1200
2.5333467232e-01 1.8950785450e-01 -1.9298076036e+00
101 101 93
3 8 1026 443.3199 385.4299 10 622 614.5900 335.3000 13 642 772.0601 280.0200
-4.0720873421e-01 2.2112046379e-01 -1.7797612579e+00
84 62 60
2 8 1047 -964.9100 480.3500 10 925 -656.7300 590.4700
1.9589955988e-01 2.6592952514e-01 -2.0075648146e+00
93 94 84
2 8 1071 347.5000 513.4299 10 842 570.0100 481.6100
1.0676847405e-01 2.6769711833e-01 -1.9869598907e+00
86 98 84
2 8 1073 168.2100 515.1600 10 857 378.3400 504.2900
1.7868188585e-01 2.7006240001e-01 -2.0029696859e+00
34 37 28
2 8 1076 312.6100 521.5500 10 847 533.2800 494.5100
-2.9902411514e-03 2.8681297275e-01 -1.9725916985e+00
29 31 23
2 8 1105 -38.4400 547.7500 10 914 179.0699 560.9500
-3.5501934825e-01 2.6448066901e-01 -1.8272012445e+00
172 97 135
2 8 1107 -798.9100 550.0500 10 691 -508.2100 637.5601
-3.1957951968e-03 2.9497688566e-01 -1.9827821777e+00
28 29 23
2 8 1115 -32.1200 558.7700 10 922 190.4800 572.0601
7.0303422804e-02 3.0855937875e-01 -2.0490096902e+00
223 222 202
2 8 1120 131.9600 563.9299 10 906 371.6400 557.6300
-3.3184470784e-01 2.7847239579e-01 -1.8600552175e+00
229 75 47
3 8 1123 -712.7100 564.7000 10 949 -428.7100 641.2300 13 1305 -183.4000 710.6600
-3.5418828479e-01 2.9882922228e-01 -1.7937821988e+00
253 252 249
2 8 1145 -855.7200 643.8199 10 974 -548.3900 727.5100
-3.5418828479e-01 2.9882922228e-01 -1.7937821988e+00
253 252 249
2 8 1146 -855.7200 643.8199 10 975 -548.3900 727.5100
-1.2490347438e-01 3.6156803441e-01 -2.0430253344e+00
213 208 202
2 8 1148 -192.3500 643.9900 10 698 74.8199 669.8600
-3.2187342719e-01 3.1842822945e-01 -1.8396443507e+00
220 65 36
2 8 1157 -728.5200 658.7500 10 1331 -433.8000 730.2700
-3.6579093520e-02 3.6137953110e-01 -1.9611487524e+00
31 31 21
2 8 1165 -103.6100 700.9900 10 972 142.8101 720.7100
1.8794148000e-01 -3.1185924772e-01 -1.8669535471e+00
60 50 13
2 8 1179 247.3900 -695.0601 10 718 187.4100 -737.8700
-3.6126128601e-01 -1.0677698477e-01 -1.9367766718e+00
214 163 62
2 8 1208 -648.5700 -149.4300 10 1422 -465.8700 -21.0500
-3.2954027671e-01 -9.9951369521e-02 -1.9509640276e+00
228 224 179
2 8 1216 -585.2000 -136.9800 10 1421 -411.3500 -22.3800
-1.7736559824e-01 -4.8738975054e-02 -1.9315754990e+00
28 21 11
2 8 1242 -369.1200 -67.9500 10 1429 -232.1200 7.2100
-2.3432022994e-01 3.1854065514e-02 -1.8785803766e+00
121 114 89
2 8 1278 -515.8900 78.5200 10 1475 -344.6800 168.6600
-2.3432022994e-01 3.1854065514e-02 -1.8785803766e+00
121 114 89
2 8 1279 -515.8900 78.5200 10 1476 -344.6800 168.6600
4.1039396872e-01 8.9420206554e-02 -1.9645213112e+00
9 36 84
2 8 1295 802.6000 169.2600 10 760 985.3101 32.8700
-2.3909822204e-01 8.2358375881e-02 -1.8691283690e+00
106 79 34
2 8 1296 -535.3000 175.0000 10 2035 -348.2800 260.8100
3.3427488615e-01 1.4000940341e-01 -1.9113778146e+00
210 237 161
2 8 1319 625.9900 287.4000 10 776 784.1801 199.7300
3.3775178999e-01 1.4397794569e-01 -1.9177298956e+00
241 247 219
2 8 1321 635.0000 295.4600 10 777 799.0100 206.5700
3.3775178999e-01 1.4397794569e-01 -1.9177298956e+00
241 247 219
2 8 1322 635.0000 295.4600 10 778 799.0100 206.5700
3.2366454682e-01 1.5075372658e-01 -1.9224596298e+00
245 249 216
2 8 1332 601.2500 308.8900 10 1102 766.7100 226.5800
3.0330329210e-01 1.5922433219e-01 -1.9268826034e+00
97 157 82
2 8 1337 553.7000 325.4900 10 788 719.9600 251.9700
3.3673734189e-01 1.6485167709e-01 -1.9457362649e+00
112 185 86
2 8 1340 634.5300 335.6400 10 785 820.4399 250.0100
3.2290242553e-01 1.7104049221e-01 -1.9493928329e+00
132 204 98
2 8 1351 602.3101 347.4600 10 795 788.6100 267.5200
3.0842432006e-01 1.7664761894e-01 -1.9535542223e+00
143 211 97
3 8 1354 569.4500 357.2700 10 1122 755.6801 283.2500 13 844 931.5400 197.2200
3.2931263100e-01 1.7808759532e-01 -1.9606804113e+00
174 206 146
2 8 1356 618.3300 360.6500 10 1117 814.3400 278.6500
3.3573125972e-01 1.8912003908e-01 -1.9790700468e+00
80 106 71
2 8 1362 634.4600 379.9700 10 809 844.6899 296.7800
2.8753991684e-01 1.9901274014e-01 -1.9764553024e+00
234 194 171
3 8 1367 526.7500 396.4000 10 818 726.0500 332.2100 13 639 922.2500 258.1400
2.8170167124e-01 1.9929304349e-01 -1.9731452779e+00
170 186 186
2 8 1369 513.1400 397.6400 10 820 711.0699 335.5300
3.1452648601e-01 2.0435839995e-01 -1.9909020673e+00
82 103 70
2 8 1370 588.0300 406.3300 10 819 803.2300 333.2700
-3.3892937315e-01 2.2641395994e-01 -1.8190987666e+00
253 251 247
2 8 1381 -780.0900 475.8101 10 1675 -508.6400 567.1000
-4.0354169505e-01 2.1855170024e-01 -1.7793335424e+00
225 222 201
2 8 1383 -958.9200 475.6200 10 1267 -653.5200 584.7200
-3.6101489127e-01 2.4181479559e-01 -1.8280213387e+00
101 70 67
2 8 1402 -805.6700 503.1100 10 1274 -520.3000 594.0701
3.4628579936e-01 2.6833615722e-01 -2.0832185917e+00
56 57 49
2 8 1407 664.6500 508.7900 10 834 947.7500 432.9100
1.7253774360e-01 2.6958358542e-01 -2.0074313685e+00
56 62 46
2 8 1416 301.8199 517.8101 10 1197 522.8300 491.8900
8.8659585709e-04 2.6808477947e-01 -1.9541682935e+00
49 49 37
2 8 1425 -43.9900 519.4299 10 1235 162.3700 532.3500
1.4440821357e-01 2.7301853247e-01 -1.9961756193e+00
31 33 23
2 8 1434 243.9399 526.3101 10 865 460.5900 507.2900
-3.5729683725e-01 2.5294283022e-01 -1.8263415531e+00
184 179 173
2 8 1435 -803.0000 526.8900 10 1284 -515.2500 615.8400
-3.5674275003e-01 2.5478925665e-01 -1.8184214910e+00
162 88 148
2 8 1437 -814.6800 534.4399 10 1709 -525.5700 624.5300
-3.5653391356e-01 2.5696165847e-01 -1.8242968001e+00
170 157 160
2 8 1447 -805.2800 536.6600 10 1708 -516.2900 624.2800
6.8383501388e-02 3.1065156538e-01 -2.0468243547e+00
45 42 29
2 8 1475 127.7800 568.7000 10 1252 367.7300 562.9399
5.1132619469e-02 3.0480588351e-01 -1.9970190980e+00
103 103 93
2 8 1480 73.0100 578.2000 10 1263 299.8101 579.6300
-3.3254594241e-01 2.8353915221e-01 -1.8530695038e+00
246 229 194
3 8 1481 -724.1000 577.7300 10 1727 -437.9100 655.0000 13 2210 -190.9600 726.6500
2.0801318650e-01 3.3785663222e-01 -2.0167482996e+00
32 35 24
3 8 1532 382.1600 660.3500 10 1297 641.0500 634.1100 13 998 916.4301 618.0800
-3.1855951851e-01 3.2174773831e-01 -1.8441070890e+00
220 182 160
2 8 1536 -716.6100 662.8199 10 1334 -422.3400 733.7100
-3.1855951851e-01 3.2174773831e-01 -1.8441070890e+00
220 182 160
2 8 1537 -716.6100 662.8199 10 1335 -422.3400 733.7100
2.4183538490e-01 3.4333127238e-01 -2.0251484083e+00
23 24 18
2 8 1547 454.2600 672.9301 10 947 724.0699 640.5300
-2.8367642072e-01 3.9033118546e-01 -2.0274517851e+00
239 238 216
2 8 1552 -448.9700 688.7900 10 1337 -146.8400 735.7800
2.7765273775e-01 -2.0759544760e-01 -2.0472558322e+00
244 234 202
2 8 1590 478.4900 -387.5400 10 996 543.8600 -498.6600
-3.4681793183e-01 -9.1864306508e-02 -1.9528226007e+00
212 167 77
2 8 1632 -608.6000 -121.6000 10 1906 -426.6400 -3.8700
-1.7547112506e-01 -5.4794236017e-02 -1.9357559724e+00
111 100 71
2 8 1650 -362.3400 -78.0700 10 1905 -226.9100 -3.7700
-2.4431952117e-01 -2.4035618143e-02 -1.9137258390e+00
37 24 6
2 8 1669 -493.5800 -20.3600 10 1457 -331.3200 72.1300
4.1063637286e-01 9.1651756142e-02 -1.9608195103e+00
124 131 143
2 8 1709 804.4900 174.1300 10 1440 986.8101 38.8200
3.4055168750e-01 1.3877238817e-01 -1.9116826669e+00
223 237 168
2 8 1733 641.4900 284.9299 10 1091 801.0100 194.2900
3.3572878780e-01 1.4213886219e-01 -1.9143048554e+00
125 171 144
2 8 1734 629.8300 291.8000 10 1093 790.8101 203.6900
2.8537924472e-01 1.4854605797e-01 -1.9049853146e+00
161 214 113
2 8 1741 508.0699 305.2700 10 1105 655.9500 238.5400
3.0759825354e-01 1.5135523727e-01 -1.9175260402e+00
68 119 49
2 8 1747 562.4100 310.1899 10 1499 721.9200 234.6800
3.2491645486e-01 1.5220234778e-01 -1.9244956642e+00
91 151 78
2 8 1750 604.4900 311.9200 10 1494 771.8800 229.0000
2.9397356756e-01 1.5276587396e-01 -1.9143540423e+00
95 150 65
2 8 1752 529.8900 313.2200 10 1109 685.6100 243.2200
3.3205692204e-01 1.5912129987e-01 -1.9374389930e+00
143 215 111
2 8 1757 622.6300 324.6600 10 1107 800.9200 239.9800
3.0808149790e-01 1.6305590740e-01 -1.9351168358e+00
76 147 45
3 8 1759 566.0601 331.9200 10 2033 738.4100 257.3800 13 1390 894.9600 169.9200
3.1625601598e-01 1.6499084536e-01 -1.9398951271e+00
117 191 90
2 8 1760 585.6500 335.7800 10 1507 763.3600 258.1800
2.6245390800e-01 1.6607825594e-01 -1.9217529051e+00
194 204 164
2 8 1764 459.2800 338.5400 10 1528 618.3300 281.7500
2.6279442206e-01 1.6981176264e-01 -1.9265461716e+00
173 193 144
2 8 1766 461.2500 345.8201 10 1534 624.0200 288.5200
2.6124402500e-01 1.7486383353e-01 -1.9320547186e+00
12 20 7
3 8 1774 459.3700 354.9900 10 1133 626.1300 298.7700 13 1093 777.9700 235.0000
2.8006740985e-01 1.7739194559e-01 -1.9421760195e+00
82 127 56
2 8 1779 503.5000 359.4000 10 1539 679.3101 296.6000
3.0394761836e-01 1.7817202613e-01 -1.9523170928e+00
134 195 100
2 8 1780 559.0900 360.5900 10 1533 744.8199 288.6200
3.1729084119e-01 1.7862152804e-01 -1.9582034484e+00
232 240 193
2 8 1781 590.2700 361.1300 10 1121 782.0800 284.1899
3.1439754363e-01 1.8073626451e-01 -1.9590900928e+00
241 245 212
2 8 1786 583.8800 364.9900 10 1127 776.2300 289.8600
3.2768440997e-01 1.9279418588e-01 -1.9803601078e+00
83 129 70
2 8 1796 616.3500 386.3500 10 1136 826.2800 307.2400
2.8467258586e-01 1.9930062144e-01 -1.9764497733e+00
187 105 76
3 8 1798 520.3600 396.5500 10 1147 719.3700 333.3900 13 857 914.5800 260.8700
2.9576153687e-01 1.9914288985e-01 -1.9786367223e+00
137 128 129
3 8 1800 545.3500 397.3000 10 2104 747.0500 329.9200 13 1421 947.7100 251.8800
2.9576153687e-01 1.9914288985e-01 -1.9786367223e+00
137 128 129
3 8 1801 545.3500 397.3000 10 2105 747.0500 329.9200 13 1422 947.7100 251.8800
-2.9540945895e-01 1.9271663850e-01 -1.7868299602e+00
135 131 152
2 8 1808 -750.3100 418.1400 10 2191 -507.4200 513.2500
1.1188395674e-01 2.6188270568e-01 -1.9815179841e+00
146 146 134
2 8 1856 175.1000 506.2700 10 1619 381.6000 494.3800
3.7548979066e-02 2.7926463696e-01 -2.0311688206e+00
106 107 93
2 8 1861 65.0400 513.3500 10 2185 289.8800 511.5900
1.0612463984e-01 2.7078647071e-01 -1.9885200071e+00
47 49 39
2 8 1869 167.9000 520.7200 10 1638 379.6500 509.9100
-3.5752108274e-01 2.4975593459e-01 -1.8253351517e+00
240 236 237
2 8 1871 -804.6400 520.7700 10 1698 -517.7700 610.4200
-3.6027492287e-01 2.5113278612e-01 -1.8179860825e+00
167 93 148
2 8 1881 -821.1000 527.2600 10 2294 -531.6800 617.8000
1.6239979113e-01 2.7602599567e-01 -2.0056578999e+00
177 181 168
2 8 1884 282.1801 530.6100 10 1212 504.2800 507.1300
-3.5943618983e-01 2.5348558282e-01 -1.8159201234e+00
172 83 146
2 8 1891 -823.1900 533.2600 10 1706 -533.0700 623.5000
-3.5884526208e-01 2.5542588516e-01 -1.8144462888e+00
167 80 147
2 8 1897 -824.7300 538.1799 10 1711 -534.0200 628.0200
-3.5851445240e-01 2.5746354376e-01 -1.8129799379e+00
165 76 141
2 8 1906 -826.7300 543.0300 10 1715 -535.2400 633.0800
-3.6183175371e-01 2.6241872354e-01 -1.8041933276e+00
221 199 181
2 8 1918 -847.4100 558.4100 10 1723 -551.4800 648.4399
-1.3760203658e-01 2.9258978579e-01 -1.9445249151e+00
61 62 87
2 8 1923 -291.6400 560.6899 10 1275 -57.3100 599.0500
-3.5810085998e-01 2.7163885929e-01 -1.8059076093e+00
172 77 142
2 8 1931 -839.0800 576.9900 10 1739 -541.7800 665.3101
-2.5269222766e-01 3.3200923315e-01 -1.9884134655e+00
160 138 116
3 8 1949 -437.3100 606.2200 10 2335 -161.4800 655.2700 13 2195 92.0699 708.7000
-3.2893197870e-01 3.0384360189e-01 -1.8402660391e+00
244 228 190
2 8 1972 -738.2800 626.8600 10 1758 -446.0100 701.9500
-2.4072120540e-01 3.5702034750e-01 -2.0256730564e+00
209 180 103
2 8 1977 -384.8400 633.5800 10 1749 -102.2200 677.0000
-3.2068789794e-01 3.1156359001e-01 -1.8463352888e+00
249 175 149
2 8 1983 -716.0200 639.7300 10 2399 -424.7500 712.3500
-3.7384983562e-01 3.5885161733e-01 -1.9877104431e+00
248 250 239
2 8 1993 -623.0100 646.9800 10 1763 -307.6000 709.3800
-3.3068397710e-01 3.2290449022e-01 -1.8371540174e+00
255 255 252
2 8 2021 -747.9300 668.9500 10 1788 -447.7900 741.7300
-2.8212757786e-01 3.8640833120e-01 -2.0230135711e+00
71 70 72
2 8 2029 -450.7400 684.2100 10 1778 -150.2400 731.8000
-2.3031911133e-02 -2.7602998701e-01 -1.8518126076e+00
204 165 82
2 8 2082 -183.4400 -561.0200 10 1380 -182.6900 -492.4500
3.3625781762e-01 -2.6385013524e-01 -2.0022164743e+00
119 71 2
2 8 2091 595.6801 -539.6200 10 1819 623.7100 -688.5400
2.8318230247e-01 -2.4962920287e-01 -2.0046418275e+00
154 102 4
2 8 2104 483.5300 -492.8800 10 2533 514.4700 -607.2900
-3.3182323368e-01 -1.2137837029e-01 -1.9429282585e+00
143 113 34
3 8 2166 -597.8400 -175.3300 10 1879 -429.2300 -53.9200 13 1784 -264.3800 35.9200
-3.2107597212e-01 -1.1715870512e-01 -1.9510828754e+00
181 156 88
2 8 2171 -572.7200 -167.5100 10 2717 -406.0900 -50.9700
-4.6491406005e-01 -1.1172800514e-01 -1.8825761763e+00
175 127 16
2 8 2176 -875.6100 -161.2500 10 2790 -650.8900 7.4900
-4.1088154485e-01 -9.8834272725e-02 -1.9292092650e+00
221 178 41
2 8 2204 -731.3100 -132.7100 10 2787 -528.0700 7.7000
-4.1088154485e-01 -9.8834272725e-02 -1.9292092650e+00
221 178 41
2 8 2205 -731.3100 -132.7100 10 2788 -528.0700 7.7000
-1.7845940220e-01 -8.1815278948e-02 -1.9522502591e+00
87 77 52
2 8 2211 -352.7300 -121.7700 10 2719 -221.2200 -47.3900
-1.7845940220e-01 -8.1815278948e-02 -1.9522502591e+00
87 77 52
2 8 2212 -352.7300 -121.7700 10 2720 -221.2200 -47.3900
-1.7448167508e-01 -4.8153403097e-02 -1.9317957148e+00
107 101 82
2 8 2247 -364.2900 -66.8700 10 2784 -227.9400 6.8600
-1.7448167508e-01 -4.8153403097e-02 -1.9317957148e+00
107 101 82
2 8 2248 -364.2900 -66.8700 10 2785 -227.9400 6.8600
-1.7380187163e-01 -2.4070246099e-02 -1.9150463342e+00
101 89 63
2 8 2274 -378.5200 -26.5200 10 2843 -238.2200 48.5100
-1.8328868351e-01 2.3432349369e-02 -1.8847524861e+00
131 117 87
2 8 2310 -423.9900 59.5000 10 2918 -271.5000 137.2100
-1.8328868351e-01 2.3432349369e-02 -1.8847524861e+00
131 117 87
2 8 2311 -423.9900 59.5000 10 2919 -271.5000 137.2100
3.4355146631e-01 1.3616983802e-01 -1.9128028719e+00
244 238 209
2 8 2402 648.5400 279.1200 10 1479 808.1600 186.2000
3.2309997131e-01 1.4836838187e-01 -1.9190159785e+00
97 153 101
2 8 2408 599.5400 304.1100 10 1490 762.1801 222.0300
3.0438059150e-01 1.4812749896e-01 -1.9112909560e+00
146 214 111
2 8 2409 553.9399 303.9299 10 1495 708.4100 229.8500
3.0934446498e-01 1.5155013805e-01 -1.9188737221e+00
139 205 113
2 8 2414 566.7000 310.2100 10 2010 727.3101 234.4100
3.3428208378e-01 1.5476884696e-01 -1.9316404472e+00
195 229 153
2 8 2423 627.5601 316.4700 10 1496 801.9301 230.4000
2.9008950173e-01 1.5510590216e-01 -1.9149599736e+00
124 90 38
3 8 2427 520.9301 317.5100 10 1504 677.7900 249.6900 13 1080 812.9500 171.8500
2.9684352684e-01 1.6533857206e-01 -1.9331456297e+00
221 120 64
2 8 2437 539.7500 336.7200 10 2046 710.0000 266.7200
3.1412320308e-01 1.6612298534e-01 -1.9406658605e+00
71 145 49
2 8 2439 580.7700 338.0500 10 1509 758.7700 261.1400
3.2234345313e-01 1.6846320150e-01 -1.9459794247e+00
78 136 65
2 8 2444 600.6200 342.5701 10 1513 784.1500 262.6600
3.0432235691e-01 1.7563766829e-01 -1.9497658550e+00
60 106 39
3 8 2458 559.6000 355.7900 10 1529 742.9100 283.4700 13 1083 914.6400 198.9800
2.8072529287e-01 1.8020320695e-01 -1.9490681844e+00
128 188 102
2 8 2465 506.0601 363.8300 10 3134 686.0000 300.3900
3.1763743876e-01 2.0162793912e-01 -1.9899550392e+00
111 159 71
2 8 2487 594.6200 401.4000 10 2098 809.1300 326.4200
-4.0511830307e-01 2.3632336073e-01 -1.8071790697e+00
120 124 154
2 8 2538 -914.5600 500.1000 10 2277 -607.7400 602.1000
-3.6830012545e-01 2.4036212104e-01 -1.8228865945e+00
244 212 161
2 8 2545 -826.0300 502.1899 10 2270 -537.3300 595.4299
-3.5969475369e-01 2.4746554223e-01 -1.8381615790e+00
157 133 131
2 8 2553 -788.4000 509.5100 10 2276 -502.7200 599.0701
-3.5707580240e-01 2.5350606597e-01 -1.8226424737e+00
213 198 205
2 8 2587 -808.4600 530.1000 10 2295 -520.2100 618.9600
2.0583376290e-01 2.8037325932e-01 -2.0229938423e+00
167 166 152
2 8 2607 372.5200 537.8800 10 2175 607.1100 503.5601
-3.5528296889e-01 2.6068900832e-01 -1.8172132386e+00
251 232 246
2 8 2636 -814.6800 547.8700 10 3620 -524.0600 636.0900
-3.5341601786e-01 2.6302051987e-01 -1.8207950556e+00
254 238 233
2 8 2642 -806.0200 551.0200 10 2321 -515.8500 638.0200
-3.2635506879e-01 2.7569777323e-01 -1.8681770719e+00
246 233 207
3 8 2646 -691.9300 554.2300 10 2308 -411.5300 629.8101 13 2181 -167.9900 700.4301
-3.5382814108e-01 2.6503206154e-01 -1.8213034898e+00
165 96 128
2 8 2647 -806.1400 554.8101 10 2330 -515.1300 641.7700
-1.5117320999e-01 2.9460020711e-01 -1.9543090287e+00
182 184 196
2 8 2650 -305.6300 559.0601 10 2274 -66.7800 598.4299
-3.2848936298e-01 2.7994603186e-01 -1.8660034925e+00
231 125 105
2 8 2659 -698.5300 563.5500 10 2322 -416.6800 638.9800
-3.2848936298e-01 2.7994603186e-01 -1.8660034925e+00
231 125 105
2 8 2660 -698.5300 563.5500 10 2323 -416.6800 638.9800
-3.4152507789e-01 2.9181759591e-01 -1.8508612121e+00
194 137 131
2 8 2712 -743.0000 595.1300 10 3711 -450.9200 672.4100
-2.3218826925e-01 3.4187133430e-01 -2.0062602080e+00
255 252 242
2 8 2738 -389.0000 616.4000 10 2343 -113.8800 661.2900
-2.6280524693e-01 3.4371693597e-01 -2.0010356383e+00
148 126 78
2 8 2745 -440.9300 620.5500 10 3694 -158.8700 668.8700
-3.2241324210e-01 3.0648931472e-01 -1.8580766473e+00
243 164 144
2 8 2747 -701.7200 622.1801 10 2383 -412.4900 694.2900
-1.8733749831e-01 3.4386653362e-01 -2.0003582096e+00
214 212 211
2 8 2751 -324.4600 626.9900 10 2345 -57.8300 665.6899
-2.4355228492e-01 3.5261386687e-01 -2.0179682617e+00
252 249 237
2 8 2754 -395.9800 629.3600 10 2366 -114.5500 673.8500
-1.1275806751e-01 3.5313684079e-01 -2.0373016759e+00
183 179 184
2 8 2757 -177.2900 632.4500 10 2338 84.9700 657.5699
-1.1275806751e-01 3.5313684079e-01 -2.0373016759e+00
183 179 184
2 8 2758 -177.2900 632.4500 10 2339 84.9700 657.5699
-3.6262136615e-01 3.3475667316e-01 -1.9177277394e+00
197 157 44
2 8 2773 -689.3400 641.4399 10 3786 -380.5800 710.1600
-3.5269804251e-01 2.9974519991e-01 -1.7950864447e+00
223 170 134
2 8 2783 -850.9600 645.1300 10 3843 -544.2100 728.2100
-3.5810123116e-01 2.9719535707e-01 -1.7868832136e+00
255 245 219
2 8 2784 -874.3800 644.7600 10 2431 -564.6300 729.4301
-3.5810123116e-01 2.9719535707e-01 -1.7868832136e+00
255 245 219
2 8 2785 -874.3800 644.7600 10 2429 -564.6300 729.4301
-3.6328654048e-01 2.9982500692e-01 -1.7842705388e+00
238 209 157
2 8 2797 -888.6200 652.2700 10 3858 -574.9000 736.8199
-1.2504353051e-01 3.7646812857e-01 -2.0758243380e+00
218 218 211
2 8 2800 -169.4600 653.9100 10 2369 106.2900 677.8300
-1.2504353051e-01 3.7646812857e-01 -2.0758243380e+00
218 218 211
2 8 2801 -169.4600 653.9100 10 2370 106.2900 677.8300
2.0818931923e-01 3.3680297888e-01 -2.0211863810e+00
162 156 142
2 8 2803 383.7200 654.9900 10 1712 642.5400 628.2200
2.0858083534e-01 3.3604819691e-01 -2.0195062998e+00
162 156 142
3 8 2804 383.7200 654.9900 10 1713 642.5400 628.2200 13 1239 918.0900 611.2200
1.9325662726e-01 3.3789755025e-01 -2.0175727469e+00
33 35 15
2 8 2808 353.0200 656.7300 10 2314 608.7300 632.8400
-3.4918612167e-01 3.0670108641e-01 -1.7932463050e+00
245 198 161
2 8 2817 -848.6900 662.0000 10 3881 -540.6600 743.4000
9.5606150484e-02 3.4775149585e-01 -1.9940889966e+00
209 212 197
2 8 2835 156.4500 673.3000 10 2358 400.2800 669.8101
8.3479421342e-02 3.4855092775e-01 -1.9909847543e+00
234 237 205
3 8 2845 132.1500 674.9100 10 2364 375.4800 673.8101 13 1611 619.7500 687.2600
1.2288746506e-02 -3.3970338483e-01 -1.8158764334e+00
188 150 66
2 8 2899 -149.9200 -739.4000 10 2501 -197.3600 -668.4500
-5.8930966909e-02 -3.1146216721e-01 -1.8289184471e+00
186 146 46
2 8 2982 -273.4400 -642.7700 10 2557 -279.5200 -547.0900
-1.5042146105e-02 -3.0012444982e-01 -1.8581148648e+00
107 86 31
2 8 3003 -164.6500 -607.3199 10 2561 -171.9700 -542.5200
-2.2698910440e-01 -2.7073565024e-01 -1.8123893990e+00
168 131 54
2 8 3058 -592.8800 -529.2800 10 2625 -519.8100 -369.4800
-1.8029547411e-01 -1.1904220415e-01 -2.0176256910e+00
87 85 70
2 8 3295 -301.4200 -169.1600 10 2692 -168.3300 -103.0100
-3.2431007067e-01 -1.1629810176e-01 -1.9465604480e+00
148 123 68
2 8 3297 -582.4800 -166.9100 10 2718 -414.8300 -48.5500
-3.5349098607e-01 -1.1542110346e-01 -1.9342710921e+00
195 133 9
2 8 3304 -640.0700 -165.1800 10 2734 -462.5000 -37.4100
-3.5349098607e-01 -1.1542110346e-01 -1.9342710921e+00
195 133 9
2 8 3305 -640.0700 -165.1800 10 2735 -462.5000 -37.4100
-3.2360363108e-01 -1.1465294149e-01 -1.9582050825e+00
198 156 49
4 8 3310 -567.6200 -161.7000 10 2722 -400.6100 -46.8300 13 2417 -236.5800 38.5600 9 1896 -849.4600 -570.6200
-3.8196399805e-01 -1.0767187983e-01 -1.9341938703e+00
204 152 16
2 8 3334 -682.4500 -149.2600 10 1897 -492.4000 -15.5700
2.2934110549e-01 -9.7327243530e-02 -2.1614539257e+00
104 61 2
2 8 3336 410.9399 -148.7400 10 2678 551.4600 -234.6700
-2.8821279030e-01 -1.0315919543e-01 -1.9586072454e+00
166 127 44
2 8 3339 -515.3900 -145.6300 10 2728 -355.4700 -40.8400
-2.1697199663e-01 -3.4483556681e-02 -1.9213717982e+00
113 106 78
2 8 3498 -442.1800 -40.4200 10 2836 -290.7100 45.1700
-2.3452378882e-01 -3.1019609302e-02 -1.9170607718e+00
106 99 71
2 8 3504 -474.5300 -33.4000 10 2854 -317.0300 57.2200
-2.0939107174e-01 1.0939886547e-02 -1.9063150779e+00
78 70 34
2 8 3580 -444.9200 40.0300 10 2903 -284.9200 119.9500
-2.1425810791e-01 1.4500512897e-02 -1.8897806565e+00
75 69 41
2 8 3587 -470.3000 45.3100 10 2912 -309.7200 130.5100
-5.0237116433e-01 8.8135996549e-03 -2.0007820149e+00
191 139 20
2 8 3600 -773.7700 58.4700 10 2947 -513.3700 184.5500
-3.4397787387e-01 3.6929906154e-02 -1.9501417888e+00
208 204 192
2 8 3623 -607.2800 94.5800 10 2956 -393.0100 195.1800
4.1523124744e-01 6.8782195382e-02 -1.9553976840e+00
117 118 104
2 8 3645 814.1500 123.6300 10 2754 984.4800 -19.7500
4.0517115906e-01 9.2908148484e-02 -1.9613858617e+00
124 129 138
2 8 3693 790.5900 176.8400 10 2834 971.6400 44.5500
3.9910007016e-01 9.3877806576e-02 -1.9614293316e+00
115 123 132
2 8 3697 775.3300 179.0200 10 2845 954.5500 49.7900
3.9910007016e-01 9.3877806576e-02 -1.9614293316e+00
115 123 132
2 8 3698 775.3300 179.0200 10 2846 954.5500 49.7900
3.2332945689e-01 1.4521870409e-01 -1.9145773291e+00
128 175 132
2 8 3822 599.6400 298.0300 10 2982 758.8400 215.4100
3.0591952206e-01 1.4752165657e-01 -1.9115313155e+00
84 153 56
2 8 3832 557.5601 302.8000 10 3004 712.2000 227.6300
2.9884906554e-01 1.4877396193e-01 -1.9105462758e+00
84 154 58
2 8 3841 540.6801 305.4900 10 2006 693.8900 233.1300
3.1986034767e-01 1.5233754428e-01 -1.9231443771e+00
206 191 109
2 8 3856 592.2600 311.9000 10 3011 757.7700 231.5900
2.6802887072e-01 1.5244880280e-01 -1.9049637584e+00
69 109 59
2 8 3857 467.8101 312.7600 10 2027 614.4301 253.3500
2.5153769548e-01 1.5479698116e-01 -1.9022735533e+00
112 159 111
2 8 3868 429.5100 317.8800 10 2042 573.6100 264.3100
2.8029038843e-01 1.6299999608e-01 -1.9230294257e+00
253 185 120
3 8 3892 499.9200 332.7500 10 2047 661.6500 269.0000 13 1402 804.5100 195.6200
2.6406309139e-01 1.6452566908e-01 -1.9190640664e+00
79 104 60
3 8 3895 462.2400 335.6700 10 2060 620.1600 278.2000 13 1409 759.0900 213.1400
2.6171009302e-01 1.7150670257e-01 -1.9274756150e+00
51 78 33
3 8 3921 459.0601 349.0100 10 3120 623.1400 292.3000 13 2563 770.2200 228.3600
2.8112555694e-01 1.7801203631e-01 -1.9446133787e+00
94 153 66
2 8 3929 506.2200 360.4200 10 3126 683.5000 296.6899
2.7552697123e-01 2.0390828182e-01 -1.9785208597e+00
85 102 116
3 8 3997 500.9200 404.6799 10 2112 701.0500 344.7900 13 1097 897.0200 277.2500
2.7527499808e-01 2.0528993408e-01 -1.9748875956e+00
126 155 165
2 8 4001 499.9500 409.2600 10 1565 699.7700 349.8400
1.9533456038e-01 2.6297987920e-01 -2.0062850319e+00
49 50 45
2 8 4097 345.7100 508.1500 10 2157 566.5200 475.7000
-3.6473374594e-01 2.4759127994e-01 -1.8166816123e+00
210 144 111
2 8 4146 -830.5200 520.2700 10 3578 -540.1500 612.4700
-3.6473374594e-01 2.4759127994e-01 -1.8166816123e+00
210 144 111
2 8 4147 -830.5200 520.2700 10 3579 -540.1500 612.4700
1.9952712030e-01 2.7977083924e-01 -2.0238249807e+00
69 68 54
2 8 4184 360.1801 535.1899 10 3348 593.7200 502.5800
2.0222315735e-01 2.8246785623e-01 -2.0238025057e+00
93 92 82
2 8 4206 365.8000 541.1100 10 3356 600.9100 508.0701
1.9744691736e-01 2.8264288272e-01 -2.0227797831e+00
96 93 79
2 8 4209 356.1500 541.2400 10 2183 590.2900 509.3700
-3.5381580786e-01 2.6020810984e-01 -1.8224319332e+00
219 198 187
2 8 4217 -803.8500 544.2900 10 3609 -514.6800 631.5800
2.2244884451e-02 2.8690415660e-01 -1.9776866900e+00
50 52 49
2 8 4231 9.5800 548.2700 10 3466 226.4000 556.2200
-3.6070471743e-01 2.6077638998e-01 -1.8087835256e+00
195 140 96
2 8 4248 -837.7100 552.2800 10 3632 -543.5100 642.3300
-3.6070471743e-01 2.6077638998e-01 -1.8087835256e+00
195 140 96
2 8 4249 -837.7100 552.2800 10 3633 -543.5100 642.3300
-3.6070471743e-01 2.6077638998e-01 -1.8087835256e+00
195 140 96
2 8 4250 -837.7100 552.2800 10 3634 -543.5100 642.3300
-3.5287914635e-01 2.6691794307e-01 -1.8215551001e+00
236 177 175
2 8 4263 -804.3000 558.6300 10 3636 -513.0700 645.1899
-3.2741028400e-01 2.7957542765e-01 -1.8673437724e+00
249 189 161
2 8 4267 -694.8500 561.9200 10 3622 -413.5800 637.6100
-3.2907728003e-01 2.8361882883e-01 -1.8739204084e+00
230 120 90
2 8 4281 -688.9600 566.3600 10 3629 -406.0700 641.5300
-3.2546045284e-01 2.8103584843e-01 -1.8644157795e+00
255 203 175
3 8 4282 -696.0500 566.8201 10 3631 -413.9800 642.3400 13 3111 -169.4200 712.7100
-1.7988566386e-01 3.1378800305e-01 -1.9572423139e+00
210 208 205
2 8 4352 -350.6300 592.6500 10 3617 -99.0600 635.0100
-1.7988566386e-01 3.1378800305e-01 -1.9572423139e+00
210 208 205
2 8 4353 -350.6300 592.6500 10 3618 -99.0600 635.0100
2.7633469177e-01 3.3315218476e-01 -2.1116314300e+00
129 124 96
2 8 4412 530.9500 612.4500 10 3486 826.8000 563.8400
-2.5813906935e-01 3.3952974884e-01 -1.9956482286e+00
140 115 46
2 8 4429 -438.8500 615.8000 10 3682 -159.3400 664.5100
-2.5659851620e-01 3.4690124696e-01 -2.0067156864e+00
252 226 123
2 8 4450 -426.1300 623.7900 10 3703 -144.2300 670.9600
-3.2189365199e-01 3.0529471592e-01 -1.8495861444e+00
255 215 193
2 8 4456 -712.7900 624.8199 10 3760 -423.5600 697.7000
-3.5699346546e-01 2.9649223114e-01 -1.7954684490e+00
214 168 142
2 8 4500 -857.5600 637.3300 10 3820 -550.0600 721.8300
-3.4026494759e-01 3.8724619066e-01 -2.0417994060e+00
159 158 139
2 8 4588 -517.7500 670.8500 10 3825 -204.0900 723.4800
9.2368889539e-02 3.4807437481e-01 -1.9930696202e+00
223 223 212
2 8 4595 149.9200 673.9600 10 3701 393.5100 671.2400
8.6736375364e-02 3.4893650055e-01 -1.9925002243e+00
62 69 61
2 8 4597 139.1400 675.0400 10 3712 382.7400 673.5400
8.6736375364e-02 3.4893650055e-01 -1.9925002243e+00
62 69 61
2 8 4598 139.1400 675.0400 10 3713 382.7400 673.5400
9.3377465126e-02 3.5008821351e-01 -1.9901640031e+00
101 102 84
2 8 4608 150.6700 680.0000 10 3726 394.4600 677.5900
8.8380888742e-02 3.5082867414e-01 -1.9904253305e+00
99 101 90
2 8 4610 141.4100 680.6400 10 2371 385.3700 678.8600
-7.4064291247e-02 -1.4805714341e-01 -1.9712574213e+00
46 44 31
2 8 384 -172.9000 -244.9700 2 280 -220.6000 -328.0200
-3.5548678232e-01 -1.0721118915e-01 -1.9390802095e+00
245 246 227
2 8 493 -637.2400 -150.2500 13 614 -282.6100 69.4100
-5.4345803215e-01 -2.2027131182e-02 -1.9603245296e+00
228 188 72
2 8 1273 -881.2900 9.3500 13 1424 -366.7400 261.7000
-3.3115530626e-01 -1.1484777350e-01 -1.9452861152e+00
231 228 183
2 8 3306 -594.0800 -163.9500 13 2422 -258.0300 44.8100
-4.5818366991e-01 -1.1969082715e-01 -1.8878133894e+00
235 201 93
2 10 241 -638.5800 -7.6500 13 273 -433.0200 111.4700
-2.3697345325e-02 -2.6985308410e-01 -1.8275998854e+00
54 49 25
2 10 728 -211.6700 -491.6600 13 802 -199.8900 -423.6899
-3.3030835792e-01 -1.1541395940e-01 -1.9405635468e+00
153 144 104
2 10 741 -428.5900 -45.1700 13 808 -263.3900 44.0500
-3.5395991431e-01 -1.0689664608e-01 -1.9465302464e+00
197 146 29
2 10 747 -446.1000 -23.7900 13 818 -272.1200 67.0800
-3.2342397140e-01 -1.2015157926e-01 -1.9587063577e+00
188 164 85
2 10 1878 -400.8800 -54.5000 13 2414 -237.5300 30.5700
-3.3063646929e-01 -1.1386804036e-01 -1.9524598909e+00
133 123 82
2 10 1886 -414.5800 -42.6200 13 2420 -248.4200 44.4500
4.4651953138e-02 3.3775584896e-01 -2.0455381307e+00
18 20 15
3 8 103 85.8400 617.5000 3 120 -470.2800 428.8600 9 104 -319.3900 511.3500
4.3995894713e-01 8.9640695589e-02 -1.9377724031e+00
7 9 6
2 8 122 888.9000 170.6400 2 191 729.1300 231.2700
-7.3990400003e-02 -1.8241912889e-01 -1.9679019929e+00
224 175 55
3 8 158 -176.1300 -305.6100 2 156 -214.5800 -391.8900 9 111 -272.7300 -515.0900
5.0476858699e-01 -6.8412702611e-02 -2.1473913677e+00
79 64 33
2 8 163 954.1100 -140.1900 2 172 756.3900 -39.4200
-1.6762592015e-01 -9.1695514129e-02 -2.0526573605e+00
118 79 14
2 8 165 -255.4400 -118.1600 2 123 -357.3500 -218.4200
3.7049185608e-01 2.9441365335e-01 -2.0498594509e+00
207 197 162
4 8 197 726.7900 582.7800 2 198 496.1600 574.0800 3 262 85.7900 525.8600 9 270 258.6500 565.1200
3.7049185608e-01 2.9441365335e-01 -2.0498594509e+00
207 197 162
4 8 198 726.7900 582.7800 2 200 496.1600 574.0800 3 263 85.7900 525.8600 9 271 258.6500 565.1200
3.5807300305e-01 2.9972596003e-01 -2.0504484052e+00
37 38 25
2 8 200 699.1500 591.5100 2 265 472.0699 580.0500
6.8726296867e-02 3.2574918965e-01 -2.0426093287e+00
214 207 183
2 8 201 127.5200 600.0500 2 196 -54.8900 547.4399
-7.0568303002e-02 -1.6663301501e-01 -1.9653929354e+00
64 57 31
2 8 218 -172.0700 -279.8900 9 157 -274.3600 -484.2200
-3.5188525767e-01 -1.0295922124e-01 -1.9540232298e+00
222 169 38
2 8 222 -614.8800 -140.3000 2 160 -747.5100 -312.4900
4.7538022089e-01 -3.7175709143e-03 -2.2142222152e+00
11 11 3
2 8 225 876.4200 -8.7500 2 228 660.0400 63.5000
-3.3558823140e-01 2.7556678569e-01 -1.8811997840e+00
169 102 81
2 8 262 -689.1800 546.6799 2 250 -915.9800 425.9500
3.9344756899e-01 2.9120045076e-01 -2.0403606491e+00
207 198 167
2 8 265 781.1000 586.0400 2 263 545.4100 580.7400
2.8379385087e-01 -2.4658644360e-01 -1.9877204029e+00
176 120 25
2 8 283 483.0100 -499.0000 2 372 457.7100 -438.1000
3.9683705001e-01 8.9213011410e-02 -1.9392622905e+00
77 116 178
2 8 314 773.5000 169.0600 2 430 633.4600 217.7700
3.9251836666e-01 2.9198313732e-01 -2.0386189699e+00
207 198 167
4 8 347 779.8000 587.5000 2 357 543.4900 582.8000 3 345 126.6000 539.0500 9 354 302.7600 576.8900
-2.2667777515e-01 3.4236282420e-01 -2.0131366440e+00
255 255 252
2 8 353 -374.3000 614.5500 2 258 -591.3600 524.5900
-4.4599687832e-02 3.5779138673e-01 -1.9669303651e+00
61 63 50
4 8 369 -115.1900 687.4200 2 362 -291.0700 619.5300 3 340 -659.4800 458.4900 9 350 -524.1100 555.9700
4.8472130222e-01 -2.0539555903e-02 -2.1949199347e+00
31 20 3
2 8 390 899.5100 -41.6200 2 411 687.5500 38.3400
4.3240931130e-01 8.1800169490e-02 -1.9387137567e+00
216 211 139
2 8 405 866.6400 152.3400 2 427 713.0900 212.8600
4.3220454084e-01 8.8886896576e-02 -1.9403844986e+00
4 6 1
2 8 407 866.7300 168.5900 2 433 710.2400 227.0800
3.8816296834e-01 1.0741796358e-01 -1.9602302993e+00
13 15 12
2 8 414 750.2000 208.0400 2 436 600.5100 248.3500
4.4051800775e-02 3.1126941463e-01 -1.9956919255e+00
225 218 203
2 8 453 59.9500 591.4700 2 616 -106.5600 535.0701
-3.5556367242e-01 3.4026669342e-01 -1.9371351527e+00
244 244 236
2 8 461 -653.9800 643.1400 2 457 -913.5600 531.8201
-1.2386867604e-01 3.8023204538e-01 -2.0828895974e+00
36 33 23
2 8 466 -162.8400 657.4200 2 471 -380.5100 582.6200
2.3353651115e-01 -2.0062212257e-01 -2.0119151506e+00
120 82 19
2 8 481 386.7700 -382.4399 2 496 346.3101 -348.9100
4.2423700466e-01 9.8207969317e-02 -1.9294169120e+00
14 16 15
2 8 530 850.2400 191.8200 2 771 698.0800 244.7500
-3.3019232199e-01 1.0793213221e-01 -1.9272143425e+00
27 25 12
2 8 534 -614.1300 219.1800 2 551 -788.8400 79.5100
-1.6229634869e-01 1.1579835691e-01 -1.9225203957e+00
165 154 103
4 8 537 -351.8500 229.7100 2 553 -471.1400 131.8100 3 408 -685.2000 -136.5700 9 530 -636.5500 -2.1100
3.4950643270e-01 2.9953671427e-01 -2.0515300240e+00
209 201 164
3 8 612 679.5601 588.7400 2 626 455.8800 576.5300 9 435 220.5900 564.3800
3.5086787742e-01 3.0754143456e-01 -2.0462612168e+00
210 201 171
4 8 617 684.8400 607.5701 2 631 458.2100 594.5000 3 1105 51.4000 540.0200 9 799 222.8300 582.9700
3.1050203101e-01 -2.2770172053e-01 -2.0322362747e+00
209 154 47
2 8 667 542.8101 -442.6500 13 451 617.2500 -709.1400
2.5981374950e-01 -2.2549739411e-01 -2.0066772323e+00
205 147 48
2 8 668 436.9600 -439.1100 2 878 401.7100 -392.5200
4.5376297972e-01 8.3322085774e-02 -1.9507334825e+00
202 139 13
2 8 729 920.8101 154.9400 2 769 752.0100 220.9100
4.3253518685e-01 9.3932255572e-02 -1.9400110629e+00
75 56 12
2 8 736 868.6200 180.6100 2 981 710.3500 237.2000
4.0723545848e-01 9.4603864813e-02 -1.9374992254e+00
24 21 28
2 8 737 801.8900 181.9800 2 979 656.1100 231.5200
-1.9015590760e-01 -1.0165812638e-01 -1.9632755793e+00
101 82 52
2 8 923 -361.6300 -152.0200 2 685 -442.9900 -271.1700
-1.8627993307e-01 -3.5001737590e-02 -1.9218283687e+00
72 58 36
2 8 942 -392.4800 -44.0900 2 927 -478.6300 -161.0100
-1.6166557584e-01 1.1088982680e-01 -1.9156300693e+00
26 23 13
2 8 975 -356.9200 221.4600 2 966 -474.1200 122.3200
2.5330757204e-01 1.8957595743e-01 -1.9297604015e+00
101 101 93
2 8 1025 443.3199 385.4299 13 643 772.0601 280.0200
1.1478217642e-01 2.4574602182e-01 -1.9566493450e+00
114 116 103
2 8 1049 168.6000 483.6100 9 970 -136.4700 399.5200
-3.5423420850e-01 2.5528136004e-01 -1.8246894782e+00
225 212 207
2 8 1088 -800.6100 533.2700 13 1025 -266.7200 698.6100
-2.2265347318e-01 3.0835886205e-01 -1.9615513061e+00
225 209 188
2 8 1124 -415.5100 576.2100 2 1032 -614.6100 483.1600
-2.7280156841e-02 -2.6740967115e-01 -1.8295118934e+00
216 177 90
2 8 1183 -210.5600 -558.6200 2 871 -156.4200 -648.6899
-3.3247141706e-01 2.7567226472e-01 -1.8736224806e+00
189 69 58
2 8 1463 -694.3600 550.0300 2 1288 -919.4800 430.6200
-9.0111933756e-02 3.5918847447e-01 -2.0711647807e+00
46 47 53
2 8 1506 -118.6000 628.5200 2 1087 -324.4000 558.5701
8.4110514171e-02 2.4828557305e-01 -1.9614439421e+00
37 39 25
2 8 1829 112.3700 483.7500 13 1147 496.7200 478.4399
-3.5651879610e-01 2.5481805680e-01 -1.8148028757e+00
208 146 193
2 8 1896 -820.1400 537.5000 13 2187 -283.6000 705.0800
1.5359318731e-01 2.8152967784e-01 -2.0044428502e+00
71 70 68
2 8 1900 265.4200 540.2300 13 1175 712.8300 504.3600
1.0118186759e-01 3.0447684962e-01 -2.0490800959e+00
189 184 166
2 8 1920 186.2200 559.8900 9 1336 -204.7500 470.1799
-2.0390448935e-01 2.9906126631e-01 -1.9620846557e+00
216 215 222
2 8 1921 -384.6300 559.9000 2 1685 -575.7800 468.3500
2.8052779917e-01 3.3085030347e-01 -2.1129762457e+00
128 123 91
3 8 1952 539.6300 607.7600 2 2375 310.1801 583.4000 9 2556 69.9000 561.6899
2.1801515893e-01 3.3539851871e-01 -2.0220877643e+00
185 169 103
2 8 1999 403.5200 654.2900 13 991 944.3199 606.0300
2.1777867602e-01 3.3677081088e-01 -2.0182014113e+00
40 42 28
2 8 2006 402.4100 659.7300 13 995 942.0900 612.4299
1.7637398407e-01 3.3815497021e-01 -2.0079006436e+00
115 110 96
5 8 2009 314.5400 660.5500 2 1842 131.4000 618.5900 13 1251 831.2300 633.2000 3 1802 -220.5800 521.0601 9 1795 -80.0200 585.2000
8.8312869735e-02 3.4809328836e-01 -1.9874992979e+00
62 64 64
4 8 2027 139.4100 676.5699 2 1851 -35.3300 623.8600 3 1795 -380.1400 503.8700 9 1789 -247.8200 579.6300
-3.2678859062e-01 -5.3020111880e-02 -1.9327474324e+00
101 84 38
2 8 2251 -600.8700 -61.6600 2 1975 -732.3300 -223.1600
-2.6757458400e-01 8.0925890802e-02 -1.8546152624e+00
69 59 42
2 8 2348 -600.8500 173.3700 2 2079 -730.7500 37.0000
-3.2768482556e-01 2.2899793832e-01 -1.8359153471e+00
83 76 71
2 8 2513 -735.7300 473.4200 2 2156 -940.7900 342.5100
-3.2768482556e-01 2.2899793832e-01 -1.8359153471e+00
83 76 71
2 8 2514 -735.7300 473.4200 2 2157 -940.7900 342.5100
-3.4032660735e-01 2.2872253151e-01 -1.8247680605e+00
83 70 93
2 8 2516 -774.0800 476.5701 2 1633 -986.6700 343.7400
-3.3392964369e-01 2.6928850695e-01 -1.8756833401e+00
244 110 97
2 8 2605 -693.4400 536.4299 2 2174 -917.0500 415.4399
-3.2931542288e-01 2.8713796507e-01 -1.8670699613e+00
249 199 180
2 8 2678 -699.0400 577.1600 2 2200 -926.7100 458.8400
-3.4015560459e-01 2.8550213587e-01 -1.8570238017e+00
245 219 196
2 8 2680 -731.1900 578.6300 2 1660 -964.6100 458.0000
1.1654264877e-01 3.4436308768e-01 -1.9791389588e+00
102 103 89
2 8 2846 189.9500 677.7200 13 1598 672.5000 682.6300
1.0098337941e-01 3.4932223621e-01 -1.9853836856e+00
20 18 18
2 8 2853 162.9500 682.5900 3 1799 -356.6300 514.9399
-2.2458672880e-01 -2.6955930158e-01 -1.8091955974e+00
168 131 54
2 8 3056 -592.8800 -529.2800 2 1870 -594.6100 -723.8199
-2.2380636963e-01 -2.6897224507e-01 -1.8078017610e+00
168 131 54
3 8 3057 -592.8800 -529.2800 2 1871 -594.6100 -723.8199 13 2396 -427.9300 -244.4900
-2.3583997974e-01 1.7787719416e-02 -1.8903189454e+00
58 46 20
2 8 3592 -505.1800 52.5700 2 2789 -612.7400 -78.2300
-2.5020165827e-01 7.7452679074e-02 -1.8659859246e+00
114 81 37
2 8 3680 -556.7800 168.9300 3 2218 -888.9200 -339.2500
3.1097597550e-01 1.4357422323e-01 -1.9078658886e+00
146 215 120
2 8 3819 569.0100 295.4100 13 1812 850.0699 126.7700
-3.3834012447e-01 2.2708011256e-01 -1.8263738361e+00
231 242 244
2 8 4038 -768.0700 472.7000 2 2154 -978.7800 339.7100
9.4630665585e-02 2.4680793646e-01 -1.9626292311e+00
55 56 42
2 8 4054 132.7700 481.2300 13 1939 516.4900 470.7500
1.5729010485e-01 2.7896571215e-01 -2.0038500846e+00
88 89 83
2 8 4194 272.0200 536.9200 3 4308 -207.4200 403.1400
-3.3413658984e-01 2.7447478400e-01 -1.8875544292e+00
205 124 102
2 8 4211 -678.2200 541.8600 2 3004 -903.9200 420.9500
-3.2539664985e-01 2.8066144270e-01 -1.8665064537e+00
228 122 99
2 8 4278 -692.7800 565.0200 13 3105 -166.4300 710.6200
-3.5324343506e-01 2.7127798563e-01 -1.8122840882e+00
169 101 159
2 8 4299 -820.2100 573.6400 13 3164 -276.0300 737.8000
-3.4364715649e-01 2.8519508218e-01 -1.8592189728e+00
178 113 98
2 8 4311 -733.8900 576.3500 2 2196 -969.1600 455.9000
-3.2553823684e-01 3.0186564488e-01 -1.8556465096e+00
252 168 145
2 8 4418 -710.0100 613.8800 2 3109 -941.3500 498.2800
8.5318839236e-02 3.3668072886e-01 -2.0487605425e+00
125 126 113
3 8 4435 159.8800 618.2800 3 1779 -393.6500 448.7500 9 2547 -249.2500 524.4399
-2.7082274204e-01 3.4664209623e-01 -2.0079364365e+00
145 133 111
2 8 4444 -446.5300 622.1600 2 2343 -676.8700 525.9399
-3.2998303371e-01 3.0339288376e-01 -1.8436417257e+00
178 75 33
2 8 4452 -735.0400 624.1801 2 2308 -970.0000 507.3000
-2.6782914589e-01 3.5038151749e-01 -2.0132237557e+00
253 252 243
2 8 4461 -437.0700 626.5699 2 3183 -668.0800 531.0800
-3.7459910271e-01 3.5136652438e-01 -1.9820642493e+00
126 119 130
2 8 4505 -629.9700 638.9600 2 2345 -900.9100 527.4500
-3.7459910271e-01 3.5136652438e-01 -1.9820642493e+00
126 119 130
2 8 4506 -629.9700 638.9600 2 2346 -900.9100 527.4500
1.1550791842e-01 -2.6772338377e-01 -1.8996130519e+00
181 130 39
2 10 30 100.6500 -556.7500 13 36 84.5300 -561.7700
1.2214630237e-01 -1.5672178001e-01 -2.0544781738e+00
64 44 7
2 10 75 281.1500 -299.9399 13 71 355.7100 -343.2500
-2.3046197673e-01 -1.3973641417e-01 -1.9694567562e+00
228 181 63
2 10 76 -284.7000 -117.7000 2 61 -502.9300 -346.8600
-8.0893059342e-01 4.0185402941e-02 -1.9106245835e+00
174 130 51
2 10 116 -909.2200 312.6500 13 115 -575.4900 440.7800
1.0937730226e-01 3.3776967350e-01 -2.0540229974e+00
6 7 0
3 10 124 459.1899 612.3300 2 149 16.1100 574.2100 3 156 -353.7800 460.8400
-8.0689521626e-01 7.9934238665e-02 -1.9151409185e+00
29 27 18
2 10 160 -894.2800 367.3900 13 226 -556.6100 487.5800
3.0435108842e-01 -2.2545564171e-01 -2.0342312907e+00
230 227 218
2 10 180 585.7900 -561.5900 13 133 608.0900 -694.3101
3.3127073227e-01 -2.0458194837e-01 -2.0647450346e+00
161 107 36
2 10 181 667.1600 -527.4000 13 134 714.6600 -683.3700
2.8110963003e-01 1.6465766973e-01 -1.9238983033e+00
245 165 119
2 10 197 665.0800 271.5000 13 152 809.6899 199.5300
3.0780522068e-01 1.7089721307e-01 -1.9446335038e+00
109 185 76
2 10 198 746.9000 273.2800 13 200 913.5500 186.1500
-7.7945061500e-01 7.0005003128e-02 -1.9413994308e+00
12 13 9
2 10 200 -836.4300 340.4700 13 291 -512.0000 458.6799
-4.1203483997e-01 2.2825046993e-01 -1.7862928871e+00
247 247 245
2 10 212 -650.7700 601.5100 13 320 -390.8800 687.4500
3.3269044832e-01 -2.0076582909e-01 -2.0546592426e+00
162 110 41
2 10 227 667.4200 -526.1801 2 375 515.2800 -316.2300
2.7450486822e-01 1.6041100278e-01 -1.9124731796e+00
51 74 48
2 10 261 639.7800 266.9600 13 203 774.5100 198.4500
2.9963252520e-01 1.6738531566e-01 -1.9377240771e+00
231 160 106
2 10 262 720.6801 268.4500 13 201 878.7500 186.9200
-7.9463410150e-01 6.1696855620e-02 -1.9183772303e+00
18 19 14
2 10 269 -882.3200 337.7800 13 292 -551.0900 461.2300
-8.3231694447e-01 1.3291000622e-01 -1.8769644632e+00
139 133 109
2 10 270 -961.3400 458.4100 13 407 -602.7700 579.7500
2.0672126820e-01 2.7659175379e-01 -2.0251067173e+00
26 28 21
2 10 275 608.0100 494.6300 13 220 848.7100 460.7000
-2.6052041094e-01 3.3552193046e-01 -1.9903841448e+00
145 129 96
2 10 302 -168.9800 661.3600 13 329 87.2600 714.6000
2.7551859210e-01 -2.1452473016e-01 -2.0445369596e+00
229 223 214
2 10 312 535.1600 -510.5000 13 253 568.6899 -628.1000
2.7551859210e-01 -2.1452473016e-01 -2.0445369596e+00
229 223 214
2 10 313 535.1600 -510.5000 13 254 568.6899 -628.1000
2.3917298270e-01 1.7169685145e-01 -1.9156812376e+00
53 69 40
2 10 347 561.9800 302.6899 13 279 700.7200 248.8900
-8.3823261484e-01 6.9587318845e-02 -1.9004294526e+00
21 22 18
2 10 351 -943.3400 361.6899 13 506 -595.8300 489.2200
2.0914351555e-01 2.3662402241e-01 -2.0022177995e+00
64 65 58
2 10 356 579.8199 419.2600 13 382 789.2400 378.0200
9.8352054993e-02 2.5484583829e-01 -1.9645574306e+00
27 30 19
2 10 360 340.3000 489.1600 13 394 532.9301 486.6100
2.3785391066e-01 1.5688579774e-01 -1.8948789760e+00
60 85 60
2 10 448 537.2000 275.2900 13 360 657.2700 222.5000
-8.4855774564e-01 5.9786076035e-02 -1.8943331798e+00
156 118 57
2 10 463 -962.3900 351.6300 13 682 -612.1200 481.8300
-8.6058731874e-01 5.7232000521e-02 -1.8909851910e+00
60 49 28
2 10 464 -977.6700 351.4200 13 684 -623.7500 482.6500
-8.2604842315e-01 7.9266811190e-02 -1.8973871958e+00
121 91 61
2 10 466 -935.6700 373.9600 13 514 -589.6800 499.8600
1.5768161462e-01 2.4324063271e-01 -1.9553489913e+00
24 27 20
2 10 475 446.1100 462.8600 3 602 -155.8400 357.6100
1.8203177700e-01 2.6151371874e-01 -1.9999547260e+00
31 32 26
2 10 478 533.9700 477.7900 13 387 750.8700 448.9299
1.9941496372e-01 2.6838755136e-01 -2.0132476778e+00
26 26 26
2 10 479 581.9000 483.2200 13 388 811.2300 451.4600
1.3500075769e-01 2.6486535364e-01 -1.9884076120e+00
13 19 9
2 10 487 432.8101 494.9900 13 503 640.6801 481.3500
6.0317566676e-02 3.1442508044e-01 -2.0435976200e+00
24 29 17
2 10 509 353.0500 572.5800 13 405 595.4301 577.7900
5.6735522979e-02 3.0943292177e-01 -1.9994320824e+00
11 14 4
2 10 515 313.7500 587.0300 13 412 540.4800 597.4800
-4.0601230652e-01 2.3359974044e-01 -1.8010117762e+00
176 181 201
2 10 518 -619.0000 601.3700 13 575 -360.7600 686.1500
3.0854223114e-01 1.4567179176e-01 -1.9105401258e+00
137 199 112
2 10 599 717.4500 222.9400 13 470 848.6200 133.3400
3.1035531679e-01 1.8206225117e-01 -1.9623898083e+00
192 197 161
2 10 611 767.9200 292.5701 13 474 952.4800 205.8500
-8.0097773963e-01 7.8647933341e-02 -1.9245897417e+00
5 6 1
2 10 625 -876.2500 360.2800 13 683 -542.0900 482.3400
-8.1634761352e-01 9.8976089069e-02 -1.8930377403e+00
138 125 128
2 10 627 -930.2000 401.8400 13 925 -583.4600 524.4299
1.0561349651e-01 2.7353606199e-01 -1.9877474996e+00
83 90 83
2 10 649 379.5000 515.9800 13 694 588.9000 511.5400
1.0030338561e-01 2.7568011478e-01 -1.9888780380e+00
16 19 8
2 10 653 371.2200 520.2000 13 697 581.6500 517.4299
3.2779555591e-01 1.4948658131e-01 -1.9242920109e+00
62 118 52
2 10 783 777.6801 222.8600 13 469 924.7600 121.3400
3.2225658685e-01 1.6322050005e-01 -1.9406443162e+00
97 176 81
2 10 786 778.4200 252.0000 13 832 942.3700 156.7400
3.1944386124e-01 1.7387456091e-01 -1.9543371709e+00
57 103 54
2 10 797 783.1700 273.9399 13 633 961.1300 181.1100
-7.9067944787e-01 8.1124473351e-02 -1.9535295910e+00
90 66 23
2 10 826 -828.2000 354.5100 13 887 -501.1100 470.6300
1.1721192173e-01 2.4688443192e-01 -1.9688964227e+00
27 30 21
2 10 838 375.9800 467.7700 13 671 567.0800 459.4600
1.1721192173e-01 2.4688443192e-01 -1.9688964227e+00
27 30 21
2 10 839 375.9800 467.7700 13 672 567.0800 459.4600
1.0205753349e-01 2.5881291357e-01 -1.9675597784e+00
33 39 26
2 10 848 351.3800 496.0500 13 908 546.9800 492.0000
1.1370016433e-01 2.6433731483e-01 -1.9804008919e+00
33 36 29
2 10 850 385.5400 499.7900 13 911 588.6400 492.6700
1.5334574739e-01 2.7319381702e-01 -2.0011895286e+00
18 24 16
2 10 854 481.8101 503.9299 13 903 700.5699 486.6899
1.0834307811e-01 2.6694815341e-01 -1.9830461686e+00
74 88 71
2 10 856 378.3400 504.2900 13 688 583.2400 498.8500
1.0834307811e-01 2.6694815341e-01 -1.9830461686e+00
74 88 71
2 10 858 378.3400 504.2900 13 689 583.2400 498.8500
1.0624394264e-01 2.7688219926e-01 -1.9879491237e+00
25 31 21
2 10 871 382.4301 522.8300 13 922 593.4800 518.7500
4.7022431864e-02 2.8263104718e-01 -1.9791006070e+00
23 26 15
2 10 893 269.2900 544.2400 13 957 478.1600 554.8000
-1.5843494218e-01 -6.6636413686e-02 -1.9438742465e+00
62 55 30
2 10 1036 -199.3300 -29.8500 2 701 -404.9900 -207.5400
-1.7631201366e-01 -4.9198363733e-02 -1.9300567893e+00
18 15 0
4 10 1047 -231.9000 6.0300 2 917 -451.3400 -182.6100 3 876 -561.7900 -490.6600 9 872 -562.9900 -346.4399
3.3822191752e-01 1.4114361564e-01 -1.9146706515e+00
99 129 88
2 10 1092 797.1200 200.9600 13 822 935.8600 93.7800
3.2098199944e-01 1.4408497720e-01 -1.9123215734e+00
73 123 74
2 10 1097 750.6801 214.4000 13 826 884.8500 118.0300
3.2310208141e-01 1.4829044413e-01 -1.9196589892e+00
82 126 100
2 10 1101 762.3101 222.2000 13 1072 904.2900 124.4200
2.7998747748e-01 1.4774434602e-01 -1.8995567379e+00
74 83 63
2 10 1106 638.7000 239.6500 13 834 759.7700 166.5400
3.2829341729e-01 1.5914563418e-01 -1.9362404854e+00
63 105 51
2 10 1108 790.2600 241.5900 13 829 950.9301 142.9900
3.1295221047e-01 1.7914384831e-01 -1.9601893172e+00
83 87 70
2 10 1124 771.8500 286.2700 13 843 954.2800 196.9800
2.8011697581e-01 1.8076511376e-01 -1.9489312747e+00
100 148 78
2 10 1134 684.7600 301.9100 13 851 852.4100 229.3000
-8.4793690187e-01 5.4639057396e-02 -1.8896371807e+00
175 127 63
2 10 1152 -969.5300 345.9100 13 1466 -619.1400 476.8000
-8.0211986390e-01 8.2014800311e-02 -1.9113699433e+00
39 37 30
2 10 1160 -894.9600 369.6300 13 1483 -557.7100 491.6300
1.0031417261e-01 2.4825804644e-01 -1.9627046555e+00
89 91 81
2 10 1186 339.5400 476.2700 13 1138 528.7100 471.9800
-1.0297014701e-01 2.6963721197e-01 -1.9328679621e+00
7 108 217
4 10 1251 -23.5600 556.7000 2 786 -398.7800 444.2500 3 1268 -700.9400 243.4900 9 1223 -601.5700 354.8800
-1.2135343422e-01 2.7490503284e-01 -1.9268939778e+00
228 226 241
2 10 1261 -56.8300 573.6100 13 1240 150.5500 615.7200
2.0765339610e-01 3.4607221394e-01 -2.0573818834e+00
148 133 85
3 10 1290 664.6500 625.3600 3 1804 -191.4700 525.2000 9 1800 -48.9200 587.0500
-3.3301117745e-01 2.7138604702e-01 -1.8587239992e+00
244 222 200
2 10 1292 -434.3600 628.7100 13 1635 -189.5200 700.6100
-3.2936779802e-01 2.7287918986e-01 -1.8593310285e+00
228 93 53
2 10 1294 -428.4300 630.4000 13 1637 -184.1900 702.6300
1.9307675382e-01 3.3680933895e-01 -2.0120262689e+00
138 138 122
2 10 1298 604.9700 634.7500 2 1838 163.3300 618.2400
1.9367431545e-01 3.3655945372e-01 -2.0115941491e+00
138 138 122
3 10 1299 604.9700 634.7500 13 1247 874.5500 622.4900 9 1799 -48.9200 587.0500
-3.3203614326e-01 2.8792767781e-01 -1.8485286998e+00
177 50 36
2 10 1313 -442.7500 666.4399 13 1669 -194.2200 738.7400
-1.5008686708e-01 3.5484675886e-01 -2.0265361412e+00
189 197 224
2 10 1316 22.0900 669.1100 13 1301 277.0800 709.7000
-1.5008686708e-01 3.5484675886e-01 -2.0265361412e+00
189 197 224
2 10 1317 22.0900 669.1100 13 1302 277.0800 709.7000
3.3549622918e-01 -1.9074107608e-01 -2.0759405315e+00
191 182 160
2 10 1375 687.0400 -498.8101 13 1323 746.6000 -658.0500
3.3549622918e-01 -1.9074107608e-01 -2.0759405315e+00
191 182 160
2 10 1376 687.0400 -498.8101 13 1324 746.6000 -658.0500
3.3096350554e-01 1.3939201058e-01 -1.9095113582e+00
117 192 106
2 10 1481 773.7000 200.4600 13 1369 905.8199 97.4800
3.3329141065e-01 1.4416546352e-01 -1.9173500324e+00
122 147 137
2 10 1482 786.5601 209.0900 13 1065 927.3900 105.6500
3.3299675140e-01 1.5203358817e-01 -1.9281186430e+00
65 105 56
2 10 1493 795.1600 225.7000 13 1071 947.8500 122.8200
2.9564477540e-01 1.6827386348e-01 -1.9375271506e+00
238 165 109
2 10 1519 710.7800 272.5100 13 841 868.4200 191.5300
3.1034779526e-01 1.7191719359e-01 -1.9485407523e+00
71 141 54
2 10 1521 755.8300 273.6000 13 1400 926.1100 185.3300
2.6291720854e-01 1.6611185264e-01 -1.9196215845e+00
167 184 148
2 10 1527 618.3300 281.7500 13 1089 758.6500 217.5400
3.0576511836e-01 1.7820430492e-01 -1.9553226323e+00
68 106 51
2 10 1532 750.8101 287.0900 13 1087 927.4100 202.2800
3.0828110565e-01 1.9201395128e-01 -1.9752035871e+00
113 179 82
2 10 1546 773.8300 311.9100 13 1092 971.1899 227.0500
-8.5158617666e-01 4.9800848164e-02 -1.8880614619e+00
150 110 45
2 10 1558 -975.6600 339.9500 13 1941 -624.5700 472.5900
-8.4938294128e-01 5.7685241729e-02 -1.8890790483e+00
52 42 9
2 10 1567 -971.0200 350.6100 13 1472 -619.7400 481.1899
-8.4938294128e-01 5.7685241729e-02 -1.8890790483e+00
52 42 9
2 10 1568 -971.0200 350.6100 13 1473 -619.7400 481.1899
2.0815774419e-01 2.8053014511e-01 -2.0277880519e+00
212 207 174
2 10 1627 614.6400 501.0500 13 1134 859.0100 468.4399
1.9436284921e-01 2.8178619810e-01 -2.0237038067e+00
112 114 104
2 10 1635 583.7700 507.3500 13 1145 823.6700 478.5000
4.5720954600e-03 2.7357790147e-01 -1.9540960662e+00
81 84 73
2 10 1658 170.8800 543.4000 13 1516 370.2200 563.0500
-3.2452388662e-01 2.1909658886e-01 -1.8153316333e+00
200 167 78
2 10 1669 -497.1300 554.3500 13 1557 -268.4600 631.4000
9.7217641872e-02 3.4429566981e-01 -1.9917535814e+00
156 160 135
2 10 1733 400.1400 664.1300 2 1833 -17.6900 616.5200
-3.3589978575e-01 -1.1922178148e-01 -1.9435325919e+00
131 125 82
2 10 1880 -432.5200 -49.4900 2 1953 -723.7400 -344.1200
-3.5058276480e-01 -2.1688749152e-02 -1.9981542870e+00
64 59 39
2 10 1966 -361.9000 100.5500 2 1543 -722.4300 -151.7900
2.8282416333e-01 1.4914271599e-01 -1.9014878926e+00
94 139 77
2 10 2012 647.8700 241.6600 13 1387 771.2300 167.1100
2.7191064244e-01 1.5015835603e-01 -1.8988763450e+00
118 171 91
2 10 2015 619.2800 248.1600 13 1396 740.4000 179.2100
2.9947478584e-01 1.6002726778e-01 -1.9266988601e+00
124 130 75
2 10 2029 710.4200 255.2700 13 1393 857.8000 171.9200
2.9680626896e-01 1.6537592245e-01 -1.9333615826e+00
199 94 51
2 10 2045 710.0000 266.7200 13 1399 863.8199 184.9400
2.9348147986e-01 1.6649411231e-01 -1.9338881583e+00
204 97 45
2 10 2049 702.4500 269.9700 13 1401 856.4301 190.1900
2.7709178176e-01 1.6336631759e-01 -1.9202724891e+00
88 105 53
2 10 2050 652.1899 271.3200 13 1856 793.4500 200.1800
2.8909642240e-01 1.7080570642e-01 -1.9382736940e+00
196 86 52
2 10 2065 696.1000 279.6200 13 1859 854.0500 202.7900
2.8603321918e-01 1.7182835516e-01 -1.9382326938e+00
239 169 109
2 10 2069 688.9399 283.0701 13 1404 846.8199 207.4100
3.0213779150e-01 1.7636087048e-01 -1.9505649853e+00
110 147 97
2 10 2072 738.2900 285.5000 13 1857 909.9900 202.0500
2.6222826751e-01 1.6877549653e-01 -1.9215742037e+00
59 89 46
2 10 2078 619.3300 287.4399 13 1414 762.0699 223.9700
2.4132596010e-01 1.6712252196e-01 -1.9113653828e+00
50 72 51
2 10 2079 561.8500 292.7100 13 1420 696.0800 238.3300
2.1177945746e-01 2.1179278178e-01 -1.9574894136e+00
112 127 163
2 10 2122 546.9600 382.9100 13 1905 723.8600 342.5100
2.1177945746e-01 2.1179278178e-01 -1.9574894136e+00
112 127 163
2 10 2123 546.9600 382.9100 13 1906 723.8600 342.5100
-8.2089553485e-01 1.3212631278e-01 -1.8773346353e+00
95 90 74
2 10 2149 -951.1500 455.6700 13 2865 -595.8400 575.8800
6.1676662014e-02 3.0983389873e-01 -2.0466043374e+00
126 129 112
2 10 2241 355.3800 562.2800 13 1519 596.7900 565.4100
-3.1611672091e-01 2.3197248008e-01 -1.8270113692e+00
248 248 239
2 10 2249 -466.0100 571.0601 13 2117 -236.5700 645.6300
-3.5218551435e-01 2.5115942964e-01 -1.8161475699e+00
129 75 125
2 10 2296 -523.9800 619.0701 13 2177 -279.0300 696.7600
-3.2278043020e-01 2.7333663854e-01 -1.8706055733e+00
190 156 127
2 10 2300 -404.8900 624.1600 13 2168 -161.8700 693.8700
-3.2442584762e-01 2.8426819787e-01 -1.8550546040e+00
252 155 125
2 10 2334 -424.8700 654.5100 13 2209 -179.1400 725.7400
9.8977198923e-02 3.4531749098e-01 -1.9913259784e+00
44 44 43
4 10 2348 402.9000 666.4900 13 1592 649.1899 677.2900 3 2502 -359.0000 502.2400 9 1785 -225.5500 576.5400
3.0248515895e-01 -1.8094069543e-01 -2.0944439065e+00
144 106 35
2 10 2599 629.0100 -447.1400 13 2298 699.9000 -586.2500
-2.3550278784e-01 -9.9708352385e-02 -1.9567232708e+00
50 52 39
2 10 2714 -293.4200 -54.8900 3 1877 -658.0700 -650.8199
-3.2852114703e-01 -1.0777055182e-01 -1.9610613750e+00
102 83 46
2 10 2738 -400.6100 -34.2000 2 2606 -695.9500 -313.2200
-3.4538921398e-01 -2.2300442061e-02 -1.9991707011e+00
92 84 63
2 10 2893 -355.1500 98.0500 2 1544 -712.0800 -151.4800
3.1627419614e-01 1.4172080325e-01 -1.9072806815e+00
124 155 108
2 10 2978 734.1100 211.6300 13 1809 862.5601 117.6000
3.3202718557e-01 1.4708707335e-01 -1.9210378067e+00
121 164 74
2 10 2985 786.4100 216.1500 13 1803 931.1600 112.8400
3.0626414965e-01 1.4357289238e-01 -1.9040522602e+00
116 172 100
2 10 2993 706.9399 220.1400 13 1819 832.4000 132.4600
2.9709550992e-01 1.4668657167e-01 -1.9058859565e+00
82 143 59
2 10 3009 685.6200 230.1800 13 1826 812.3600 147.4200
3.2091351546e-01 1.5286286714e-01 -1.9248137942e+00
83 127 56
2 10 3015 761.6000 232.2800 13 1822 908.9800 136.6600
2.3955925488e-01 1.5954777047e-01 -1.8979625291e+00
157 193 129
2 10 3098 544.8199 279.9900 13 1873 667.9600 226.7100
-7.7797943939e-01 5.6816594265e-02 -1.9260860571e+00
130 93 31
2 10 3169 -858.1200 325.8500 13 1451 -533.4500 447.7300
-8.0353487970e-01 5.2223225756e-02 -1.9055545697e+00
129 100 43
2 10 3176 -909.5700 329.8101 13 2630 -574.8500 456.3800
2.8258483251e-01 2.0141124009e-01 -1.9800324891e+00
127 118 108
2 10 3190 717.5100 337.5601 13 1889 914.5800 265.0500
1.0462635914e-01 2.7222021164e-01 -1.9855586816e+00
118 124 112
2 10 3362 375.4700 514.4900 13 2726 583.4600 510.2500
1.5541590592e-01 2.8159082328e-01 -2.0142729782e+00
62 64 60
2 10 3364 498.0601 514.9299 13 1964 726.3300 497.0500
-8.4352037510e-02 2.5428602627e-01 -1.9170131385e+00
221 238 239
2 10 3405 -17.0200 534.4900 13 2045 175.8800 571.0100
-4.9928807699e-02 3.0190436898e-01 -1.9813888552e+00
204 200 198
2 10 3531 115.4000 589.5300 13 2922 335.8700 617.6000
-4.0391394549e-01 2.2807231787e-01 -1.7964359879e+00
104 115 150
2 10 3543 -624.7700 593.3800 13 3022 -368.1900 678.9000
-3.5334774960e-01 2.5237732238e-01 -1.8307105036e+00
167 113 125
2 10 3577 -504.0900 612.7100 13 3048 -258.5400 688.7000
-3.2379713758e-01 2.6796530194e-01 -1.8725978646e+00
231 198 190
2 10 3580 -404.9800 613.1799 13 3031 -162.9900 682.7200
-3.5935961907e-01 2.5056646678e-01 -1.8102548845e+00
180 120 76
2 10 3601 -542.0900 622.3900 13 3082 -295.0200 701.4100
-3.5935961907e-01 2.5056646678e-01 -1.8102548845e+00
180 120 76
2 10 3602 -542.0900 622.3900 13 3083 -295.0200 701.4100
-3.2441852615e-01 2.8138833196e-01 -1.8679679698e+00
210 98 78
2 10 3627 -408.4100 640.7700 13 3107 -163.0100 711.1600
9.4649990803e-02 3.4405729973e-01 -1.9914141880e+00
174 177 148
2 10 3679 394.8600 664.0601 3 4372 -365.8300 497.3201
9.2880650121e-02 3.4758809752e-01 -1.9919757770e+00
188 190 177
2 10 3702 393.5100 671.2400 13 2152 639.0000 682.9500
-2.1204408940e-01 3.5771079672e-01 -2.0282533142e+00
169 170 185
2 10 3720 -61.4800 675.6801 13 2206 199.9800 722.8199
-3.2402671372e-01 3.0270119274e-01 -1.8544303890e+00
206 100 77
2 10 3744 -420.4700 689.6801 2 3110 -940.0800 501.2600
-3.2402671372e-01 3.0270119274e-01 -1.8544303890e+00
206 100 77
2 10 3745 -420.4700 689.6801 2 3111 -940.0800 501.2600
-3.2905285944e-01 3.0555682547e-01 -1.8413939713e+00
163 63 39
2 10 3773 -444.1300 704.8101 2 2321 -972.3400 513.9000
2.1539101140e-01 3.4796706183e-01 -2.1614197796e+00
57 51 25
3 2 148 194.8300 574.2000 3 195 -229.4500 479.4200 9 202 -52.8000 543.8101
-1.5827174759e-01 1.1987881438e-01 -1.9240337456e+00
133 124 75
3 2 184 -464.2300 140.5900 3 137 -679.3400 -124.6700 9 130 -629.1700 9.6800
-1.5827174759e-01 1.1987881438e-01 -1.9240337456e+00
133 124 75
3 2 185 -464.2300 140.5900 3 138 -679.3400 -124.6700 9 131 -629.1700 9.6800
-6.2748895720e-02 -1.5650407287e-01 -1.9677386431e+00
97 95 80
2 2 277 -199.8100 -342.7500 9 283 -264.5200 -458.2300
4.3641288394e-01 -1.5719694050e-01 -2.1073095209e+00
86 55 5
2 2 388 671.3300 -208.9100 9 390 503.1000 -147.2500
-2.6575839715e-01 8.5338093742e-02 -1.8592255437e+00
14 15 9
2 2 412 -723.3800 45.9500 3 224 -948.8300 -341.6801
-1.8145456462e-01 9.8658206808e-02 -1.9060282752e+00
86 66 42
3 2 417 -515.8400 93.9400 3 403 -716.1400 -195.5900 9 401 -676.6700 -51.5900
1.9433518942e-01 2.7587451258e-01 -2.0101779719e+00
46 49 37
2 2 453 177.5300 502.7800 9 423 -17.8100 473.0900
2.0132505098e-01 2.8232355445e-01 -2.0144084736e+00
216 213 193
2 2 456 189.0500 515.6000 9 425 -9.7900 486.1000
-8.8485919912e-02 2.6027017850e-01 -1.9325208266e+00
94 103 92
3 2 585 -365.7800 427.8300 3 588 -656.9700 234.3100 9 544 -564.2000 341.6600
3.3302086924e-01 -1.8011059399e-01 -2.0570422148e+00
182 132 34
2 2 683 510.2800 -280.5601 9 892 390.4200 -243.3100
-1.6085281481e-01 1.2326657501e-01 -1.9205546106e+00
171 159 108
3 2 753 -472.4200 146.4500 3 565 -689.1700 -119.4500 9 532 -638.9100 14.1600
1.7532386991e-01 2.6876447381e-01 -1.9982364860e+00
52 55 44
3 2 817 143.6801 489.2100 3 793 -167.1900 398.1700 9 773 -44.5500 455.4600
3.8141767616e-01 2.5205851276e-01 -2.0577593931e+00
164 158 133
3 2 819 520.7000 495.6200 3 806 121.1801 456.4600 9 1050 289.2600 491.0800
3.4950459594e-01 3.1997237380e-01 -2.1632056824e+00
179 179 155
3 2 849 420.5601 561.4600 3 1400 -26.0000 500.2600 9 1061 161.2800 547.4800
-8.4679014279e-02 2.5552265594e-01 -1.9337697359e+00
234 232 225
3 2 992 -356.7000 419.4600 3 747 -643.4400 225.8600 9 949 -551.5500 333.0900
1.0724913440e-01 2.7044718836e-01 -1.9765894552e+00
137 138 130
3 2 1026 15.4100 482.0400 3 1342 -276.4000 369.4900 9 1007 -167.7400 437.5800
3.4389159026e-01 2.5830437279e-01 -2.0627267265e+00
59 62 51
2 2 1055 447.6500 492.1500 9 1046 222.8600 484.5100
3.4281426634e-01 2.6517355508e-01 -2.0637275344e+00
153 150 129
2 2 1070 444.2800 503.6300 9 1053 217.7500 496.0900
1.1342465509e-01 3.0182675051e-01 -2.0560442285e+00
200 201 184
2 2 1073 29.9500 510.3900 9 1040 -182.5500 467.9399
2.3196278951e-01 3.3074768079e-01 -2.0148019791e+00
188 184 167
3 2 1105 236.9100 618.5100 3 1406 -127.2900 533.6200 9 1071 21.0600 591.2800
-7.6929620044e-02 -1.5359572163e-01 -1.9631307077e+00
154 150 126
3 2 1129 -227.4000 -342.4900 3 674 -277.3300 -560.3900 9 841 -294.1500 -464.9100
-2.5872375471e-02 6.4824238479e-02 -1.6944834854e+00
72 61 40
2 2 1242 -316.3400 49.6300 9 917 -316.1500 -63.2400
-1.5909850756e-01 1.0970832590e-01 -1.9259237065e+00
37 38 23
3 2 1255 -461.7200 121.3700 3 925 -671.2100 -146.7400 9 924 -623.5000 -12.1200
1.0200439127e-01 3.0660512550e-01 -2.0462920126e+00
111 115 97
2 2 1364 7.8800 520.5100 9 1339 -204.1500 475.6400
2.1650707433e-01 3.2973184531e-01 -2.0096590928e+00
37 44 35
2 2 1398 208.4800 613.9000 9 1360 -4.3800 585.2000
-1.7224759479e-01 1.1588997504e-02 -1.8910320374e+00
49 39 18
3 2 1553 -484.7800 -74.9700 3 1545 -605.5900 -378.1000 9 1498 -604.7900 -235.1900
8.5779630176e-02 3.3556316996e-01 -2.0505794687e+00
145 146 122
2 2 1794 -25.9200 566.6300 9 1349 -248.5900 521.9399
5.5546525483e-02 3.0117831851e-01 -1.9961753215e+00
90 94 79
2 2 2330 -83.1900 519.5500 9 2526 -284.2300 466.9600
-1.1483359740e-01 2.5392549190e-01 -1.9216021749e+00
247 248 246
3 2 2994 -421.2000 413.0701 3 2292 -713.5600 203.4000 9 2277 -623.0400 318.3700
1.8885398111e-01 2.8046054134e-01 -2.0082931518e+00
163 166 153
2 2 3129 166.5601 510.9200 9 4099 -29.2800 479.9700
9.4216030577e-02 3.4437735033e-01 -1.9922587909e+00
179 176 156
3 2 3228 -23.2100 615.5000 3 2492 -367.2300 497.2600 9 2567 -234.5300 571.9299
3.3163520286e-01 2.9462447742e-01 -2.0558944984e+00
209 204 184
2 3 50 25.7200 502.7400 9 51 191.0100 545.2700
7.7487862096e-02 3.1144263240e-01 -2.0043153239e+00
196 193 178
2 3 119 -374.0100 416.7400 9 67 -248.5900 493.6200
-6.9968747999e-02 -1.4596974229e-01 -1.9688787891e+00
38 40 27
2 3 161 -272.7300 -535.4100 9 163 -283.9400 -442.8199
5.6276722228e-02 3.5313706022e-01 -2.0744043162e+00
12 14 0
2 3 194 -464.0500 449.3900 9 266 -311.0500 531.8600
-7.7914362909e-03 2.5329660125e-01 -1.9484549825e+00
85 87 76
2 3 429 -474.8100 271.4800 9 546 -383.6700 360.1899
5.2930423328e-03 2.5899505290e-01 -1.9432740486e+00
30 31 23
2 3 593 -451.9300 294.0900 9 553 -360.7200 379.8500
1.4697397007e-01 2.7692679824e-01 -1.9950255964e+00
144 146 125
2 3 609 -219.5600 397.6899 9 572 -100.0200 460.1200
1.1158073013e-01 2.4994343991e-01 -1.9580202559e+00
41 47 34
2 3 769 -244.4700 341.2300 9 743 -145.1500 405.3101
2.3662512142e-01 3.3215131200e-01 -2.1536994240e+00
173 170 145
2 3 809 -184.8200 469.3500 9 792 -12.6300 528.4800
3.8088401439e-03 -3.5934091993e-03 -1.7883563980e+00
185 181 173
2 3 905 -148.3500 -246.4000 9 903 -197.1800 -185.5400
1.4628050317e-02 2.5529486978e-01 -1.9432990951e+00
164 167 157
2 3 970 -429.5100 293.2900 9 961 -339.3100 376.2200
6.0689877058e-03 2.6409458158e-01 -1.9468129586e+00
35 41 25
2 3 979 -455.8900 304.0701 9 964 -361.9900 389.1200
1.1044611821e-01 2.6475627385e-01 -1.9755996136e+00
106 107 101
2 3 1030 -265.8600 361.0900 9 993 -158.1200 427.9200
1.7638604039e-01 2.4330215226e-01 -1.9691534332e+00
39 42 33
2 3 1036 -131.2400 364.4100 9 985 -22.0700 418.5400
1.1173752040e-01 2.7300746393e-01 -1.9816663470e+00
22 25 16
2 3 1065 -272.6300 375.1700 9 1016 -161.0300 442.1100
1.8276350892e-01 2.6796000181e-01 -1.9978612901e+00
28 35 17
2 3 1080 -153.7300 400.9200 9 1033 -31.1100 457.8101
1.9283188744e-01 2.6716335679e-01 -1.9983507061e+00
25 32 11
2 3 1086 -136.7800 405.5500 9 1034 -12.7400 460.1899
8.6322870579e-02 3.4274988288e-01 -2.0558172974e+00
37 50 24
2 3 1091 -398.0600 456.9900 9 1059 -251.6800 531.7400
2.2777573294e-01 3.2956232808e-01 -2.0147661677e+00
44 49 27
2 3 1104 -133.2300 529.6400 9 1070 14.1800 587.7100
4.4648352742e-03 -1.4154945056e-03 -1.7895317523e+00
76 67 56
2 3 1197 -149.7400 -240.3700 9 1521 -197.2000 -179.8100
1.2475592995e-01 2.6645200376e-01 -1.9809232196e+00
104 108 93
2 3 1343 -243.9800 371.1000 9 1284 -132.9800 435.3900
1.7129178637e-01 2.6227176114e-01 -1.9888850072e+00
80 82 68
2 3 1366 -164.2000 387.4900 9 1303 -46.6100 445.6200
1.6499043408e-01 2.6579911982e-01 -1.9883252834e+00
161 164 154
2 3 1369 -177.2300 390.6500 9 1311 -59.7700 449.6200
1.7405831665e-01 2.6336997348e-01 -1.9882745800e+00
36 44 23
2 3 1371 -160.0500 391.3500 9 1309 -41.9500 449.3000
1.7405831665e-01 2.6336997348e-01 -1.9882745800e+00
36 44 23
2 3 1372 -160.0500 391.3500 9 1310 -41.9500 449.3000
8.0601251843e-02 3.5430834134e-01 -2.0613823093e+00
35 45 24
2 3 1396 -418.8600 471.4900 9 1351 -268.2100 549.4299
2.3197450492e-01 3.3056963221e-01 -2.0150359257e+00
181 178 154
2 3 1407 -127.2900 533.6200 9 1072 21.0600 591.2800
1.7928964235e-01 2.4862779735e-01 -1.9739744430e+00
35 38 30
2 3 1730 -132.8700 373.7900 9 2412 -20.8400 428.6100
2.1743805322e-01 3.2986593863e-01 -2.0125086804e+00
47 47 27
2 3 1805 -149.1700 525.9800 9 1793 -3.6600 585.0000
1.9669339051e-01 2.7760512922e-01 -2.0075699018e+00
134 137 129
2 3 2458 -142.7200 422.2200 9 2532 -13.6900 478.0701
1.1575004814e-01 2.5230938620e-01 -1.9629419400e+00
56 61 55
2 3 4119 -240.9800 346.0100 9 3918 -139.2800 410.5200
8.5624904393e-02 3.5701172214e-01 -2.0591362296e+00
169 168 151
2 3 4358 -411.5900 479.9299 9 2554 -260.5800 558.0300
