# Bundle file v0.3
14 366
0 0 0
0 0 0
0 0 0
0 0 0
0 0 0
0 0 0
0 0 0
0 0 0
0 0 0
0 0 0
0 0 0
0 0 0
0 0 0
0 0 0
0 0 0
0 0 0
0 0 0
0 0 0
0 0 0
0 0 0
0 0 0
0 0 0
0 0 0
0 0 0
0 0 0
0 0 0
0 0 0
0 0 0
0 0 0
0 0 0
0 0 0
0 0 0
0 0 0
0 0 0
0 0 0
0 0 0
0 0 0
0 0 0
0 0 0
0 0 0
3.8600713808e+03 -3.6585919731e-02 -1.0531077490e-02
9.9999892834e-01 -4.9235953276e-04 1.3787330918e-03
4.9090457439e-04 9.9999932254e-01 1.0554261140e-03
-1.3792518069e-03 -1.0547481566e-03 9.9999849258e-01
2.8703047378e-03 2.2793934115e-03 4.3957518306e-02
0 0 0
0 0 0
0 0 0
0 0 0
0 0 0
3.9818278158e+03 2.6536651026e-02 -3.3879721848e-03
8.3800564297e-01 1.6925225331e-01 -5.1874870323e-01
-1.7311245835e-01 9.8403123116e-01 4.1407884201e-02
5.1747330280e-01 5.5101822656e-02 8.5392339822e-01
-9.5932543839e-01 8.5057236645e-02 -2.8624127008e-01
0 0 0
0 0 0
0 0 0
0 0 0
0 0 0
0 0 0
0 0 0
0 0 0
0 0 0
0 0 0
0 0 0
0 0 0
0 0 0
0 0 0
0 0 0
-9.3965474741e-02 -2.7224101365e-01 -1.9028662780e+00
27 29 7
2 8 112 -194.0800 -565.3900 10 134 -195.6300 -494.0300
-3.3069629916e-01 2.6211385812e-01 -1.8920194272e+00
169 102 81
2 8 261 -689.1800 546.6799 10 215 -407.7400 623.2500
2.0518806245e-01 -1.0248835621e-01 -2.0359819203e+00
85 50 0
2 8 2161 397.5100 -197.2500 10 1389 520.5200 -281.5300
2.7146414233e-01 -1.9907206998e-01 -2.0263894805e+00
239 236 225
2 8 15 528.3000 -386.5200 10 10 603.3500 -510.7100
-1.7151871116e-01 -1.0795432216e-01 -1.9389440473e+00
230 181 54
2 8 160 -348.7800 -219.6300 10 105 -225.8400 -140.2400
-2.9643502554e-01 -7.8825093868e-02 -1.9125153508e+00
246 242 227
2 8 297 -611.3700 -162.4500 10 240 -439.0700 -39.1200
3.0271527065e-01 -2.0394847779e-01 -2.0267434524e+00
199 139 29
2 8 153 588.8101 -395.4600 10 102 662.8600 -537.1600
-2.8827508011e-01 -8.3065292027e-02 -1.9158768101e+00
136 102 38
2 8 296 -593.5100 -170.7000 10 238 -424.2300 -50.3400
-2.2172137733e-01 -8.9777624757e-02 -1.9311244123e+00
222 172 49
2 8 385 -452.8600 -183.0000 10 321 -307.3100 -87.2600
2.2710679552e-01 3.0296118134e-01 -2.0514588132e+00
195 189 164
2 8 450 435.7000 583.1300 10 279 725.5699 541.2600
2.3276151872e-01 3.1560756714e-01 -2.0509708543e+00
188 182 148
2 8 455 446.6400 606.9800 10 286 741.1000 567.0400
-5.7092861924e-02 3.4052383577e-01 -1.9540913780e+00
61 63 50
2 8 370 -115.1900 687.4200 10 305 130.0601 707.9800
2.5585281298e-01 -2.6468996319e-01 -2.0021314045e+00
169 111 13
2 8 282 504.2100 -520.9200 10 225 528.3300 -641.9000
2.3708743955e-01 3.0319832329e-01 -2.0529117941e+00
192 185 167
2 8 611 454.4900 583.3600 10 363 746.3199 538.9500
3.3682584854e-01 3.1524615580e-01 -2.0384420020e+00
210 205 175
2 8 352 650.0601 610.6200 10 280 942.8500 547.8000
-2.5054352161e-01 8.8028828739e-02 -1.8959308278e+00
57 51 39
2 8 738 -521.4500 183.8100 10 608 -335.2700 267.7900
-3.5800461766e-01 1.9528118143e-01 -1.8521992658e+00
85 56 74
2 8 562 -762.4400 416.4000 10 491 -517.9900 512.3000
1.2816356405e-02 2.7878472195e-01 -1.9729821520e+00
67 67 59
2 8 599 25.6500 557.7500 10 505 249.5699 563.1500
2.3489265084e-01 3.0796891415e-01 -2.0502949461e+00
34 38 24
2 8 614 450.8900 592.8201 10 503 741.8600 550.6400
-2.9457630586e-01 -8.3150462449e-02 -1.9126740992e+00
249 246 232
2 8 916 -607.5100 -171.0900 10 1023 -437.4800 -48.2200
-2.9064419336e-01 -7.6447809764e-02 -1.9157469865e+00
241 241 223
2 8 919 -598.4200 -157.2300 10 1031 -425.8500 -36.8700
-2.9064419336e-01 -7.6447809764e-02 -1.9157469865e+00
241 241 223
2 8 920 -598.4200 -157.2300 10 1032 -425.8500 -36.8700
-2.7937925235e-01 -7.5646732732e-02 -1.9196336576e+00
36 38 8
2 8 922 -574.0800 -155.0900 10 744 -404.1200 -39.6400
-1.7684050643e-01 -9.0689736989e-02 -1.9372639802e+00
61 48 32
2 8 915 -360.0000 -184.2100 10 735 -230.5500 -105.5100
-1.8326318428e-01 -8.3605180579e-02 -1.9343932264e+00
125 86 57
2 8 678 -373.6500 -170.0500 10 737 -241.5800 -89.4300
-1.8325430041e-01 -6.2702616879e-02 -1.9303190058e+00
53 42 22
2 8 931 -374.4300 -127.8800 10 1021 -239.3000 -48.7700
-1.7807431858e-01 -3.7387541851e-02 -1.9246363373e+00
98 88 62
2 8 702 -364.9600 -76.2100 10 751 -229.1900 -1.3700
-2.5304679461e-01 9.2169061399e-02 -1.8950407715e+00
203 201 191
2 8 968 -526.9200 192.6700 10 798 -338.8800 276.5100
-3.1154111515e-01 1.1924524117e-01 -1.9042379253e+00
30 27 22
2 8 757 -645.4300 247.8100 10 623 -409.3800 341.6500
-3.2816129730e-01 2.6575243991e-01 -1.8921838341e+00
175 83 75
2 8 831 -683.8500 554.4600 10 688 -402.5500 629.4800
-3.3520230809e-01 2.7299853633e-01 -1.8862803798e+00
248 111 70
2 8 840 -700.6700 571.1500 10 951 -417.9200 646.9301
3.1402156430e-02 2.8359921870e-01 -1.9763159451e+00
35 38 27
2 8 836 62.6600 566.7000 10 919 287.6500 567.7400
-1.7907052077e-01 -3.0321608101e-02 -1.9227275656e+00
100 84 55
2 8 1245 -367.3900 -61.6500 10 1049 -230.6100 12.6900
-3.4805622592e-01 2.8363734083e-01 -1.8802368885e+00
244 220 197
2 8 1489 -729.8100 595.2500 10 1743 -441.2400 671.7900
-3.4958948365e-01 2.9024478471e-01 -1.8788202900e+00
247 222 191
2 8 1495 -733.5500 609.5400 10 1753 -443.1700 685.3101
8.1262825959e-02 3.1526164705e-01 -1.9998275916e+00
49 53 39
2 8 1136 160.0400 622.7500 10 933 411.0601 613.9000
7.1551969857e-02 3.3776107456e-01 -1.9821894387e+00
180 175 147
2 8 1162 142.2700 671.7200 10 957 385.6100 669.7400
-3.2168251578e-01 -9.6012122641e-02 -1.9040377654e+00
233 178 60
2 8 1604 -666.3600 -198.7200 10 1875 -492.1000 -62.3900
-2.8720031772e-01 -8.2534830709e-02 -1.9156524489e+00
145 107 46
2 8 1206 -591.3800 -169.5300 10 1408 -422.7200 -49.8000
-2.8720031772e-01 -8.2534830709e-02 -1.9156524489e+00
145 107 46
2 8 1207 -591.3800 -169.5300 10 1409 -422.7200 -49.8000
-3.0869942653e-01 -7.6501756095e-02 -1.9110225325e+00
198 151 65
2 8 1610 -637.1600 -157.6900 10 1419 -458.4400 -30.5700
-2.8087515660e-01 -7.3139491997e-02 -1.9195549300e+00
207 198 157
2 8 1613 -577.1800 -149.9400 10 1892 -405.6800 -34.3900
-2.5217064293e-01 -6.8273014665e-02 -1.9228030809e+00
224 204 136
2 8 1623 -517.3600 -139.4600 10 1891 -356.8100 -35.4400
-2.5257152238e-01 8.9135490289e-02 -1.8947866171e+00
58 58 46
2 8 1301 -526.0000 186.3400 10 1517 -339.4100 270.5900
-3.0753541984e-01 1.2014904043e-01 -1.9060913680e+00
136 130 103
2 8 1314 -636.5100 249.4000 10 1559 -400.8600 342.0100
3.4861625898e-02 2.8428258621e-01 -1.9767716068e+00
102 104 90
2 8 1474 69.5800 567.4000 10 1258 294.5601 568.7900
-2.7709720346e-01 -7.2818913889e-02 -1.9224118585e+00
175 145 86
2 8 2190 -568.4800 -149.8600 10 1418 -396.4800 -34.4000
-3.6078451086e-01 2.2342797301e-01 -1.8679870112e+00
238 244 251
2 8 2512 -761.7000 472.3900 10 2240 -494.0600 562.1000
-3.4994387642e-01 2.2783831626e-01 -1.8719548523e+00
180 201 216
2 8 2518 -737.2400 480.4100 10 3496 -471.5500 567.5300
-3.2804500207e-01 2.7261599738e-01 -1.8907600229e+00
170 88 84
2 8 2663 -684.0600 568.4900 10 1307 -401.8500 643.9200
-3.4891661567e-01 2.7589962522e-01 -1.8813741329e+00
245 219 196
2 8 2681 -731.1900 578.6300 10 3659 -443.6200 656.6801
-3.4058613812e-01 2.8306851513e-01 -1.8827302330e+00
255 174 149
2 8 2706 -713.2100 593.0900 10 3695 -427.1200 668.7500
-3.4058613812e-01 2.8306851513e-01 -1.8827302330e+00
255 174 149
2 8 2707 -713.2100 593.0900 10 3696 -427.1200 668.7500
-3.5035470586e-01 2.9513074821e-01 -1.8772814360e+00
252 221 190
2 8 2743 -735.7300 620.1100 10 2384 -444.6200 695.6300
-1.9597882310e-01 3.1127715636e-01 -1.9514663341e+00
252 249 237
2 8 2753 -395.9800 629.3600 10 2365 -114.5500 673.8500
-3.5063966905e-01 3.1459075794e-01 -1.8765464204e+00
255 237 214
2 8 2010 -736.5300 661.1200 10 2435 -439.8000 733.6000
2.0607468472e-01 3.3381793865e-01 -2.0111306587e+00
185 169 103
2 8 2000 403.5200 654.2900 10 1289 664.6500 625.3600
6.6420495228e-02 3.3909500666e-01 -1.9808923960e+00
234 237 205
2 8 2844 132.1500 674.9100 10 2363 375.4800 673.8101
2.0798626075e-01 3.3842638576e-01 -2.0105444317e+00
103 105 89
2 8 2013 407.3600 663.5800 10 1716 669.7000 634.8600
-2.8138289431e-01 8.1204009131e-02 -1.8857649605e+00
227 231 219
2 8 2346 -588.8200 170.7400 10 3063 -397.1400 264.6700
-3.4744804046e-01 2.7463491887e-01 -1.8819266852e+00
175 99 91
2 8 4309 -727.9100 575.8600 10 3653 -441.1400 653.7500
-3.4792382682e-01 2.7742420211e-01 -1.8812527365e+00
179 98 78
2 8 2689 -729.1500 581.7800 10 3666 -441.7800 659.5800
-3.4792382682e-01 2.7742420211e-01 -1.8812527365e+00
179 98 78
2 8 2690 -729.1500 581.7800 10 3667 -441.7800 659.5800
-3.4949384755e-01 2.8516758657e-01 -1.8797734632e+00
201 101 93
2 8 2718 -733.0000 598.6799 10 3719 -443.4900 675.0601
7.1858283031e-02 3.3594677838e-01 -1.9825369551e+00
199 189 163
2 8 4578 142.8600 667.9399 10 2347 385.8300 665.8700
6.6132072566e-02 3.3636652242e-01 -1.9811003066e+00
196 188 169
2 8 2827 131.5699 669.3700 10 2353 374.1500 668.2100
7.6942902074e-02 3.3762611727e-01 -1.9832130158e+00
46 48 36
2 8 2831 152.9000 671.2000 10 2351 396.4200 668.0100
7.6942902074e-02 3.3762611727e-01 -1.9832130158e+00
46 48 36
2 8 2832 152.9000 671.2000 10 2352 396.4200 668.0100
7.8738456874e-02 3.3869936824e-01 -1.9833834336e+00
209 212 197
2 8 2836 156.4500 673.3000 10 2359 400.2800 669.8101
7.3917081089e-02 3.3991209343e-01 -1.9821394574e+00
54 56 51
2 8 2026 146.9600 676.2100 10 1744 390.7000 673.5800
1.3644803226e-01 2.6579751859e-01 -1.9948219816e+00
48 50 38
2 8 589 269.7000 525.3201 10 489 491.3900 503.5000
5.6495712136e-02 2.4457139388e-01 -1.9682862339e+00
42 44 28
2 8 1393 113.3300 490.3900 10 1195 311.5200 485.6500
6.8033375173e-02 3.3601138640e-01 -1.9810445960e+00
201 196 168
2 8 4583 135.3500 668.8101 10 3689 377.4600 667.0400
8.0135871265e-02 3.3563554389e-01 -1.9841132799e+00
203 197 178
2 8 4576 159.1700 667.0000 10 3673 402.4000 662.9301
8.0135871265e-02 3.3563554389e-01 -1.9841132799e+00
203 197 178
2 8 4577 159.1700 667.0000 10 3674 402.4000 662.9301
-9.0242033501e-02 -2.8836810959e-01 -1.9051243979e+00
119 118 98
2 8 23 -186.1100 -598.0100 10 31 -192.4100 -527.4000
-9.0492769408e-02 -2.8861467985e-01 -1.9055260072e+00
116 115 96
2 8 37 -186.5500 -598.6899 10 32 -192.4100 -527.4000
3.0205380762e-01 2.5786997433e-01 -2.0359815860e+00
87 88 74
2 8 50 584.0100 500.9600 10 42 846.4100 433.4100
1.9726428932e-01 -1.6097279607e-01 -2.0132103048e+00
177 127 28
2 8 66 386.5500 -313.1400 10 54 464.6600 -399.2700
2.1019794540e-01 -2.3801322456e-01 -2.0008185492e+00
206 155 47
2 8 79 414.6899 -468.6000 10 69 450.0500 -563.1200
2.4914051043e-01 -1.7777909984e-01 -2.0247531710e+00
174 118 21
2 8 80 485.2700 -344.7700 10 71 566.7900 -456.5601
2.7412735981e-01 1.8659337496e-01 -1.9925395593e+00
95 125 81
2 8 135 542.4399 368.7700 10 89 728.8101 302.1000
-2.8506050839e-01 -6.6332939038e-02 -1.9163432216e+00
238 236 195
2 8 164 -586.8300 -135.6900 10 189 -413.6400 -20.4100
-9.2153168840e-02 -2.8544881015e-01 -1.9009728583e+00
119 118 100
2 8 209 -190.5000 -593.2000 10 183 -199.2700 -521.3900
-4.4102961407e-01 2.2327985026e-01 -1.8486720132e+00
67 51 34
2 8 254 -940.3900 476.2700 10 210 -636.3300 583.8900
-1.0278658740e-01 -2.7554728248e-01 -1.9004962853e+00
71 66 45
2 8 280 -212.6800 -572.6600 10 314 -213.9000 -496.9500
2.8386815199e-01 -2.2235390755e-01 -2.0177616794e+00
204 150 38
2 8 284 554.7800 -433.4900 10 226 611.6400 -566.7900
-2.9625030730e-01 1.1251842330e-01 -1.9074720626e+00
187 163 112
2 8 320 -612.7100 233.1300 10 350 -384.4900 324.6600
2.7288105881e-01 2.0278238050e-01 -2.0019816988e+00
192 211 218
2 8 329 537.2200 399.8500 10 268 739.9700 333.9700
-4.2282897346e-01 2.4452708183e-01 -1.8628551204e+00
57 75 153
2 8 335 -894.6700 517.5500 10 374 -585.6700 616.3201
-2.5961640036e-01 2.9388550691e-01 -1.9295379930e+00
48 46 38
2 8 350 -530.4900 600.7200 10 387 -245.0700 659.1200
4.4720696345e-02 -3.0415582978e-01 -1.9382127316e+00
225 182 67
2 8 376 91.8300 -619.2300 10 310 66.2000 -621.9100
2.1930979450e-01 -1.9887489290e-01 -2.0037211647e+00
37 41 26
2 8 379 432.0200 -391.0601 10 315 484.2300 -486.8300
1.7921977206e-01 2.7157757868e-01 -2.0073535920e+00
34 35 24
2 8 440 351.8300 533.8600 10 361 585.7300 501.4100
-3.4404701148e-01 2.5794222571e-01 -1.8872743659e+00
238 104 65
2 8 441 -718.8000 539.4800 10 523 -434.9000 619.0800
-2.5207374066e-01 2.9272286978e-01 -1.9300862759e+00
249 248 246
2 8 454 -514.9400 598.1000 10 534 -233.0000 655.4900
-1.0342397347e-01 -2.6851050350e-01 -1.9006130174e+00
228 185 73
2 8 476 -214.1300 -557.0900 10 555 -212.5700 -483.7300
-1.5063135222e-01 -9.0402758534e-02 -1.9498732673e+00
147 100 21
2 8 491 -304.6000 -182.4800 10 413 -174.9600 -114.9400
-2.6356779600e-01 -4.7834110137e-02 -1.9191895013e+00
213 161 49
2 8 500 -541.6900 -98.6700 10 752 -371.8000 8.5500
-2.5871497425e-01 6.4430884035e-02 -1.8922551033e+00
64 46 24
2 8 517 -539.5400 135.2200 10 437 -359.8800 224.7200
1.8980144273e-01 2.4011480072e-01 -1.9978697323e+00
60 60 50
2 8 567 374.5500 473.9800 10 357 586.4600 436.3101
-3.5948465164e-01 2.2625842984e-01 -1.8657393618e+00
103 144 179
2 8 569 -759.8700 478.8400 10 673 -493.9400 568.1400
1.7149538339e-01 2.6202314558e-01 -1.9996588157e+00
35 35 23
2 8 587 338.1100 516.2300 10 482 560.8900 486.4700
1.2657873583e-01 2.6584804427e-01 -1.9925042613e+00
50 51 45
2 8 590 250.4700 526.5601 10 490 470.7800 506.0601
-3.8339114029e-01 2.5850036626e-01 -1.8651738575e+00
209 207 198
2 8 596 -810.3900 546.7800 10 690 -520.3300 635.0000
2.6524462385e-02 2.8156681515e-01 -1.9743858623e+00
166 164 151
2 8 604 52.9900 563.1700 10 506 276.3600 565.2800
-1.9705727453e-02 2.8974138472e-01 -1.9650834952e+00
113 114 97
2 8 609 -39.5300 582.2000 10 516 188.3500 594.2800
-5.5896300891e-02 3.0537152619e-01 -1.9811051519e+00
188 184 161
2 8 618 -111.2900 608.2700 10 528 146.5900 627.0000
-9.5306749572e-02 3.1811333121e-01 -1.9710945445e+00
211 204 188
2 8 628 -190.6700 636.6100 10 389 73.9800 663.1300
-2.2194153422e-01 3.2284998321e-01 -1.9516737924e+00
63 57 53
2 8 635 -448.3000 652.0400 10 544 -152.1000 701.0100
-9.7964601382e-02 -3.0539682296e-01 -1.9012048086e+00
194 148 51
2 8 660 -202.3500 -635.5800 10 726 -215.0700 -556.7100
-9.7290974747e-02 -2.6279250622e-01 -1.9015130201e+00
215 209 197
2 8 665 -201.2000 -545.7700 10 556 -199.4900 -474.4200
-2.2318717489e-01 -8.3175302059e-02 -1.9288548980e+00
87 73 39
2 8 679 -456.4400 -169.3900 10 1018 -310.0700 -74.3800
-4.3029872893e-01 9.5514491352e-03 -1.9042365357e+00
222 179 51
2 8 715 -890.9200 20.3600 10 589 -616.9700 167.6900
-2.5074787910e-01 5.4327646494e-02 -1.8920010965e+00
41 35 23
2 8 726 -522.9900 114.0300 10 595 -351.0400 203.0700
2.2218788144e-01 1.5544280490e-01 -1.9656788313e+00
87 115 80
2 8 763 446.0400 312.4700 10 604 590.5200 255.7900
2.3927817107e-01 1.5827225163e-01 -1.9704819112e+00
155 207 107
2 8 766 479.1100 316.9100 10 605 629.6899 256.0700
3.2017568321e-01 1.6073575288e-01 -1.9902492686e+00
125 183 99
2 8 767 634.0800 319.2700 10 438 811.3400 231.6800
2.9192502412e-01 1.8545875188e-01 -1.9968279778e+00
217 214 173
2 8 776 576.2300 366.7100 10 612 767.9200 292.5701
2.5301986541e-01 2.0277680888e-01 -1.9982587510e+00
80 84 81
2 8 784 499.1500 400.4399 10 461 697.0601 340.5601
1.6829954007e-01 2.4050357838e-01 -1.9924612132e+00
42 42 30
2 8 790 333.0699 476.3000 10 632 540.5601 443.7300
-3.7027569070e-01 2.2522086123e-01 -1.8646662107e+00
254 255 253
2 8 791 -783.0800 476.7700 10 674 -511.7500 568.7000
-3.4606809241e-01 2.3157120676e-01 -1.8729623250e+00
253 253 254
2 8 796 -728.7300 488.7100 10 923 -463.3400 572.9000
1.4573315577e-01 2.6510388713e-01 -1.9962708618e+00
32 34 25
2 8 808 287.7800 524.2300 10 488 509.9301 498.8800
8.8277370740e-02 2.6534879378e-01 -1.9821251661e+00
32 33 25
2 8 811 175.6600 528.4000 10 648 390.0200 516.7800
2.9191163149e-02 2.7662452119e-01 -1.9743769166e+00
41 43 30
2 8 830 58.3900 552.3300 10 667 279.4100 555.6300
2.3509479032e-02 2.7780402884e-01 -1.9727439881e+00
29 32 25
2 8 832 47.0699 555.3400 10 670 268.1000 559.5601
-3.4678378772e-01 2.8840817152e-01 -1.8807165696e+00
222 74 31
2 8 851 -726.9400 605.0800 10 704 -437.2400 680.6100
-4.2017950762e-01 2.8998037143e-01 -1.8505377310e+00
103 104 106
2 8 856 -894.8500 617.8400 10 965 -583.0700 707.0100
-3.3913771446e-01 2.9777813360e-01 -1.8814715360e+00
245 201 181
2 8 859 -710.6100 624.3600 10 964 -421.7700 697.2900
-4.1694670971e-01 2.9347836749e-01 -1.8501003997e+00
229 230 229
2 8 860 -888.1800 625.4301 10 968 -577.7700 713.4000
-2.6158032517e-01 3.3927472336e-01 -1.9518974698e+00
113 114 98
2 8 877 -528.2100 685.3900 10 983 -209.0700 738.2100
2.6902281148e-01 -2.2920258260e-01 -2.0169598323e+00
214 166 62
2 8 902 526.0900 -447.4600 10 1367 579.5699 -572.9600
-2.9002174636e-01 -7.3348682832e-02 -1.9167845232e+00
199 143 49
2 8 927 -596.8500 -150.4500 10 1034 -422.7600 -31.6400
-1.8255510537e-01 -6.6172714103e-02 -1.9312961708e+00
70 56 30
2 8 930 -372.8800 -134.2100 10 1020 -238.3000 -56.4900
-4.0546460643e-01 1.0881461884e-02 -1.9110388821e+00
202 144 23
2 8 950 -836.6300 23.1500 10 1090 -572.9800 162.0000
-2.5473723299e-01 9.9616754917e-02 -1.8935389044e+00
16 16 14
2 8 973 -530.8900 208.6900 10 1130 -340.8800 291.3500
-3.1412343314e-01 1.1088637782e-01 -1.9018456077e+00
147 124 74
2 8 981 -651.6000 230.6600 10 815 -418.7100 327.0200
2.9612772974e-01 1.5374956678e-01 -1.9810558237e+00
87 156 77
2 8 995 589.4100 306.5701 10 600 751.7200 226.2200
2.5918194392e-01 1.5300271556e-01 -1.9720600994e+00
140 205 103
2 8 996 518.4500 306.4100 10 784 668.9100 238.0500
2.6674762196e-01 1.5346318939e-01 -1.9738043939e+00
146 214 102
2 8 997 533.0500 307.2500 10 602 685.8101 236.1600
2.2083714359e-01 1.7420724737e-01 -1.9742699497e+00
76 112 67
2 8 1014 441.3000 348.3900 10 807 602.3400 294.5100
3.1132920970e-01 1.8555508868e-01 -2.0018046023e+00
88 120 70
2 8 1019 612.8700 366.0400 10 803 811.6500 285.8500
2.8746832581e-01 1.8470550794e-01 -1.9958702189e+00
103 112 74
2 8 1020 567.7600 365.0701 10 613 757.7900 292.7800
3.2020146828e-01 1.9264165414e-01 -2.0075012301e+00
190 197 164
2 8 1024 628.4200 379.0100 10 810 837.0900 297.1200
2.2215038784e-01 1.9344651749e-01 -1.9769019345e+00
101 101 93
2 8 1026 443.3199 385.4299 10 622 614.5900 335.3000
-4.5143947610e-01 2.2477235448e-01 -1.8440656684e+00
84 62 60
2 8 1047 -964.9100 480.3500 10 925 -656.7300 590.4700
1.7632021955e-01 2.6047865800e-01 -2.0001733319e+00
93 94 84
2 8 1071 347.5000 513.4299 10 842 570.0100 481.6100
8.4418100131e-02 2.5845593599e-01 -1.9798546274e+00
86 98 84
2 8 1073 168.2100 515.1600 10 857 378.3400 504.2900
1.5827360264e-01 2.6405282374e-01 -1.9960871632e+00
34 37 28
2 8 1076 312.6100 521.5500 10 847 533.2800 494.5100
-1.9155083845e-02 2.7227653026e-01 -1.9608314346e+00
29 31 23
2 8 1105 -38.4400 547.7500 10 914 179.0699 560.9500
-3.7871117927e-01 2.6072373888e-01 -1.8688191677e+00
172 97 135
2 8 1107 -798.9100 550.0500 10 691 -508.2100 637.5601
-1.6051036512e-02 2.7852040212e-01 -1.9646809244e+00
28 29 23
2 8 1115 -32.1200 558.7700 10 922 190.4800 572.0601
6.6864410207e-02 2.8544434833e-01 -1.9971894903e+00
223 222 202
2 8 1120 131.9600 563.9299 10 906 371.6400 557.6300
-3.4076001757e-01 2.6957065892e-01 -1.8852197100e+00
229 75 47
2 8 1123 -712.7100 564.7000 10 949 -428.7100 641.2300
-4.0263035301e-01 3.0281162092e-01 -1.8543869392e+00
253 252 249
2 8 1145 -855.7200 643.8199 10 974 -548.3900 727.5100
-4.0263035301e-01 3.0281162092e-01 -1.8543869392e+00
253 252 249
2 8 1146 -855.7200 643.8199 10 975 -548.3900 727.5100
-9.6188694835e-02 3.2181542049e-01 -1.9721763400e+00
213 208 202
2 8 1148 -192.3500 643.9900 10 698 74.8199 669.8600
-3.4692286125e-01 3.1343128063e-01 -1.8771573322e+00
220 65 36
2 8 1157 -728.5200 658.7500 10 1331 -433.8000 730.2700
-5.1365765524e-02 3.4735627815e-01 -1.9545226329e+00
31 31 21
2 8 1165 -103.6100 700.9900 10 972 142.8101 720.7100
1.2100861904e-01 -3.4096695296e-01 -1.9368011621e+00
60 50 13
2 8 1179 247.3900 -695.0601 10 718 187.4100 -737.8700
-3.1415023792e-01 -7.2462101179e-02 -1.9105322422e+00
214 163 62
2 8 1208 -648.5700 -149.4300 10 1422 -465.8700 -21.0500
-2.8447340649e-01 -6.7104792676e-02 -1.9177724860e+00
228 224 179
2 8 1216 -585.2000 -136.9800 10 1421 -411.3500 -22.3800
-1.8000043331e-01 -3.3341994930e-02 -1.9235724059e+00
28 21 11
2 8 1242 -369.1200 -67.9500 10 1429 -232.1200 7.2100
-2.4824279095e-01 3.7468774311e-02 -1.8987839982e+00
121 114 89
2 8 1278 -515.8900 78.5200 10 1475 -344.6800 168.6600
-2.4824279095e-01 3.7468774311e-02 -1.8987839982e+00
121 114 89
2 8 1279 -515.8900 78.5200 10 1476 -344.6800 168.6600
4.0966654285e-01 8.5559776049e-02 -2.0103369061e+00
9 36 84
2 8 1295 802.6000 169.2600 10 760 985.3101 32.8700
-2.5700983956e-01 8.3578816804e-02 -1.8946524551e+00
106 79 34
2 8 1296 -535.3000 175.0000 10 2035 -348.2800 260.8100
3.1427619981e-01 1.4404895214e-01 -1.9795062694e+00
210 237 161
2 8 1319 625.9900 287.4000 10 776 784.1801 199.7300
3.1937097333e-01 1.4828531858e-01 -1.9828016454e+00
241 247 219
2 8 1321 635.0000 295.4600 10 777 799.0100 206.5700
3.1937097333e-01 1.4828531858e-01 -1.9828016454e+00
241 247 219
2 8 1322 635.0000 295.4600 10 778 799.0100 206.5700
3.0240602595e-01 1.5503939150e-01 -1.9830332534e+00
245 249 216
2 8 1332 601.2500 308.8900 10 1102 766.7100 226.5800
2.7833614822e-01 1.6327851020e-01 -1.9821956435e+00
97 157 82
2 8 1337 553.7000 325.4900 10 788 719.9600 251.9700
3.2116544239e-01 1.6959671057e-01 -1.9948432930e+00
112 185 86
2 8 1340 634.5300 335.6400 10 785 820.4399 250.0100
3.0479128543e-01 1.7543620094e-01 -1.9945334832e+00
132 204 98
2 8 1351 602.3101 347.4600 10 795 788.6100 267.5200
2.8804185967e-01 1.8033969936e-01 -1.9938910932e+00
143 211 97
2 8 1354 569.4500 357.2700 10 1122 755.6801 283.2500
3.1384096099e-01 1.8251265269e-01 -2.0001092034e+00
174 206 146
2 8 1356 618.3300 360.6500 10 1117 814.3400 278.6500
3.2344878598e-01 1.9311308938e-01 -2.0084237257e+00
80 106 71
2 8 1362 634.4600 379.9700 10 809 844.6899 296.7800
2.6723138517e-01 2.0088438994e-01 -1.9997179492e+00
234 194 171
2 8 1367 526.7500 396.4000 10 818 726.0500 332.2100
2.6015876058e-01 2.0138397441e-01 -1.9985418927e+00
170 186 186
2 8 1369 513.1400 397.6400 10 820 711.0699 335.5300
3.0002163648e-01 2.0695672114e-01 -2.0102582694e+00
82 103 70
2 8 1370 588.0300 406.3300 10 819 803.2300 333.2700
-3.6909502182e-01 2.2482077792e-01 -1.8658795612e+00
253 251 247
2 8 1381 -780.0900 475.8101 10 1675 -508.6400 567.1000
-4.4857451752e-01 2.2230264974e-01 -1.8439443551e+00
225 222 201
2 8 1383 -958.9200 475.6200 10 1267 -653.5200 584.7200
-3.8178453173e-01 2.3808529509e-01 -1.8684605315e+00
101 70 67
2 8 1402 -805.6700 503.1100 10 1274 -520.3000 594.0701
3.4588249608e-01 2.6399177662e-01 -2.0478293877e+00
56 57 49
2 8 1407 664.6500 508.7900 10 834 947.7500 432.9100
1.5285385397e-01 2.6227119395e-01 -1.9967299436e+00
56 62 46
2 8 1416 301.8199 517.8101 10 1197 522.8300 491.8900
-2.1835593129e-02 2.5702674469e-01 -1.9540846425e+00
49 49 37
2 8 1425 -43.9900 519.4299 10 1235 162.3700 532.3500
1.2302100196e-01 2.6534784241e-01 -1.9886994174e+00
31 33 23
2 8 1434 243.9399 526.3101 10 865 460.5900 507.2900
-3.8046849568e-01 2.4940019061e-01 -1.8681006321e+00
184 179 173
2 8 1435 -803.0000 526.8900 10 1284 -515.2500 615.8400
-3.8532427796e-01 2.5268237946e-01 -1.8647163009e+00
162 88 148
2 8 1437 -814.6800 534.4399 10 1709 -525.5700 624.5300
-3.8137274558e-01 2.5375695665e-01 -1.8672497166e+00
170 157 160
2 8 1447 -805.2800 536.6600 10 1708 -516.2900 624.2800
6.4719086948e-02 2.8770740815e-01 -1.9962817014e+00
45 42 29
2 8 1475 127.7800 568.7000 10 1252 367.7300 562.9399
3.6586678489e-02 2.8976794408e-01 -1.9769655398e+00
103 103 93
2 8 1480 73.0100 578.2000 10 1263 299.8101 579.6300
-3.4566495299e-01 2.7552260896e-01 -1.8821402869e+00
246 229 194
2 8 1481 -724.1000 577.7300 10 1727 -437.9100 655.0000
1.9484358199e-01 3.3637088982e-01 -2.0079380922e+00
32 35 24
2 8 1532 382.1600 660.3500 10 1297 641.0500 634.1100
-3.4166919164e-01 3.1589985928e-01 -1.8794102593e+00
220 182 160
2 8 1536 -716.6100 662.8199 10 1334 -422.3400 733.7100
-3.4166919164e-01 3.1589985928e-01 -1.8794102593e+00
220 182 160
2 8 1537 -716.6100 662.8199 10 1335 -422.3400 733.7100
2.3250928403e-01 3.4408920840e-01 -2.0151473489e+00
23 24 18
2 8 1547 454.2600 672.9301 10 947 724.0699 640.5300
-2.2227878693e-01 3.4093018272e-01 -1.9516176420e+00
239 238 216
2 8 1552 -448.9700 688.7900 10 1337 -146.8400 735.7800
2.4467427800e-01 -1.9890406635e-01 -2.0169714252e+00
244 234 202
2 8 1590 478.4900 -387.5400 10 996 543.8600 -498.6600
-2.9576949964e-01 -5.9478995332e-02 -1.9171494263e+00
212 167 77
2 8 1632 -608.6000 -121.6000 10 1906 -426.6400 -3.8700
-1.7684706979e-01 -3.8344122822e-02 -1.9252161502e+00
111 100 71
2 8 1650 -362.3400 -78.0700 10 1905 -226.9100 -3.7700
-2.3909836846e-01 -1.0222120744e-02 -1.9113440048e+00
37 24 6
2 8 1669 -493.5800 -20.3600 10 1457 -331.3200 72.1300
4.1031662556e-01 8.8161527574e-02 -2.0088886079e+00
124 131 143
2 8 1709 804.4900 174.1300 10 1440 986.8101 38.8200
3.2223759513e-01 1.4284884082e-01 -1.9804545397e+00
223 237 168
2 8 1733 641.4900 284.9299 10 1091 801.0100 194.2900
3.1646352876e-01 1.4634565459e-01 -1.9810148632e+00
125 171 144
2 8 1734 629.8300 291.8000 10 1093 790.8101 203.6900
2.5371631357e-01 1.5226371119e-01 -1.9700571650e+00
161 214 113
2 8 1741 508.0699 305.2700 10 1105 655.9500 238.5400
2.8218548873e-01 1.5540038371e-01 -1.9786833014e+00
68 119 49
2 8 1747 562.4100 310.1899 10 1499 721.9200 234.6800
3.0421664814e-01 1.5657709607e-01 -1.9840992319e+00
91 151 78
2 8 1750 604.4900 311.9200 10 1494 771.8800 229.0000
2.6538593303e-01 1.5664397497e-01 -1.9754113451e+00
95 150 65
2 8 1752 529.8900 313.2200 10 1109 685.6100 243.2200
3.1444021469e-01 1.6364524397e-01 -1.9906638742e+00
143 215 111
2 8 1757 622.6300 324.6600 10 1107 800.9200 239.9800
2.8513496449e-01 1.6700385150e-01 -1.9861077532e+00
76 147 45
2 8 1759 566.0601 331.9200 10 2033 738.4100 257.3800
2.9556385438e-01 1.6921882475e-01 -1.9895868734e+00
117 191 90
2 8 1760 585.6500 335.7800 10 1507 763.3600 258.1800
2.2983452840e-01 1.6937447567e-01 -1.9742771874e+00
194 204 164
2 8 1764 459.2800 338.5400 10 1528 618.3300 281.7500
2.3109636119e-01 1.7306627663e-01 -1.9764034945e+00
173 193 144
2 8 1766 461.2500 345.8201 10 1534 624.0200 288.5200
2.3039058294e-01 1.7791848906e-01 -1.9783662440e+00
12 20 7
2 8 1774 459.3700 354.9900 10 1133 626.1300 298.7700
2.5351178789e-01 1.8080793467e-01 -1.9855386932e+00
82 127 56
2 8 1779 503.5000 359.4000 10 1539 679.3101 296.6000
2.8268236073e-01 1.8198912782e-01 -1.9931487522e+00
134 195 100
2 8 1780 559.0900 360.5900 10 1533 744.8199 288.6200
2.9914496181e-01 1.8265244999e-01 -1.9974387352e+00
232 240 193
2 8 1781 590.2700 361.1300 10 1121 782.0800 284.1899
2.9589176858e-01 1.8473258079e-01 -1.9974275828e+00
241 245 212
2 8 1786 583.8800 364.9900 10 1127 776.2300 289.8600
3.1410069997e-01 1.9648981799e-01 -2.0078808697e+00
83 129 70
2 8 1796 616.3500 386.3500 10 1136 826.2800 307.2400
2.6396115900e-01 2.0096904626e-01 -1.9995623522e+00
187 105 76
2 8 1798 520.3600 396.5500 10 1147 719.3700 333.3900
2.7691884460e-01 2.0137399368e-01 -2.0012825833e+00
137 128 129
2 8 1800 545.3500 397.3000 10 2104 747.0500 329.9200
2.7691884460e-01 2.0137399368e-01 -2.0012825833e+00
137 128 129
2 8 1801 545.3500 397.3000 10 2105 747.0500 329.9200
-3.5264195554e-01 1.9643011615e-01 -1.8539156086e+00
135 131 152
2 8 1808 -750.3100 418.1400 10 2191 -507.4200 513.2500
8.7806175342e-02 2.5380088196e-01 -1.9784299921e+00
146 146 134
2 8 1856 175.1000 506.2700 10 1619 381.6000 494.3800
3.2769697730e-02 2.5785837472e-01 -1.9858943228e+00
106 107 93
2 8 1861 65.0400 513.3500 10 2185 289.8800 511.5900
8.4293115819e-02 2.6129072136e-01 -1.9804183500e+00
47 49 39
2 8 1869 167.9000 520.7200 10 1638 379.6500 509.9100
-3.8114060670e-01 2.4642944177e-01 -1.8676126374e+00
240 236 237
2 8 1871 -804.6400 520.7700 10 1698 -517.7700 610.4200
-3.8824152782e-01 2.4903416114e-01 -1.8642070789e+00
167 93 148
2 8 1881 -821.1000 527.2600 10 2294 -531.6800 617.8000
1.4277662968e-01 2.6834390743e-01 -1.9948018300e+00
177 181 168
2 8 1884 282.1801 530.6100 10 1212 504.2800 507.1300
-3.8906115580e-01 2.5176965286e-01 -1.8633705987e+00
172 83 146
2 8 1891 -823.1900 533.2600 10 1706 -533.0700 623.5000
-3.8966533026e-01 2.5399043047e-01 -1.8627655820e+00
167 80 147
2 8 1897 -824.7300 538.1799 10 1711 -534.0200 628.0200
-3.9050166878e-01 2.5631424372e-01 -1.8621868293e+00
165 76 141
2 8 1906 -826.7300 543.0300 10 1715 -535.2400 633.0800
-3.9940335148e-01 2.6289613022e-01 -1.8580592741e+00
221 199 181
2 8 1918 -847.4100 558.4100 10 1723 -551.4800 648.4399
-1.4312737091e-01 2.7496686042e-01 -1.9353997534e+00
61 62 87
2 8 1923 -291.6400 560.6899 10 1275 -57.3100 599.0500
-3.9575074923e-01 2.7200929939e-01 -1.8592316979e+00
172 77 142
2 8 1931 -839.0800 576.9900 10 1739 -541.7800 665.3101
-2.1520385786e-01 2.9805384812e-01 -1.9404926250e+00
160 138 116
2 8 1949 -437.3100 606.2200 10 2335 -161.4800 655.2700
-3.5146853273e-01 2.9823327634e-01 -1.8767140152e+00
244 228 190
2 8 1972 -738.2800 626.8600 10 1758 -446.0100 701.9500
-1.9074885039e-01 3.1386074201e-01 -1.9543423896e+00
209 180 103
2 8 1977 -384.8400 633.5800 10 1749 -102.2200 677.0000
-3.4148183378e-01 3.0498709533e-01 -1.8800426845e+00
249 175 149
2 8 1983 -716.0200 639.7300 10 2399 -424.7500 712.3500
-3.0508201462e-01 3.1654496218e-01 -1.9301913970e+00
248 250 239
2 8 1993 -623.0100 646.9800 10 1763 -307.6000 709.3800
-3.5590345595e-01 3.1818126803e-01 -1.8755907568e+00
255 255 252
2 8 2021 -747.9300 668.9500 10 1788 -447.7900 741.7300
-2.2299953411e-01 3.3847846940e-01 -1.9502552899e+00
71 70 72
2 8 2029 -450.7400 684.2100 10 1778 -150.2400 731.8000
-8.9021447311e-02 -2.7058566465e-01 -1.9066298986e+00
204 165 82
2 8 2082 -183.4400 -561.0200 10 1380 -182.6900 -492.4500
3.0355659095e-01 -2.7521162886e-01 -2.0095891393e+00
119 71 2
2 8 2091 595.6801 -539.6200 10 1819 623.7100 -688.5400
2.4547457835e-01 -2.5066916767e-01 -2.0031731044e+00
154 102 4
2 8 2104 483.5300 -492.8800 10 2533 514.4700 -607.2900
-2.9019213812e-01 -8.5300892995e-02 -1.9146733965e+00
143 113 34
2 8 2166 -597.8400 -175.3300 10 1879 -429.2300 -53.9200
-2.7855588066e-01 -8.1588821847e-02 -1.9184711353e+00
181 156 88
2 8 2171 -572.7200 -167.5100 10 2717 -406.0900 -50.9700
-4.1840261838e-01 -7.6921367246e-02 -1.8840220218e+00
175 127 16
2 8 2176 -875.6100 -161.2500 10 2790 -650.8900 7.4900
-3.5312124287e-01 -6.4206456814e-02 -1.9044152397e+00
221 178 41
2 8 2204 -731.3100 -132.7100 10 2787 -528.0700 7.7000
-3.5312124287e-01 -6.4206456814e-02 -1.9044152397e+00
221 178 41
2 8 2205 -731.3100 -132.7100 10 2788 -528.0700 7.7000
-1.7265596980e-01 -5.9879032415e-02 -1.9306665602e+00
87 77 52
2 8 2211 -352.7300 -121.7700 10 2719 -221.2200 -47.3900
-1.7265596980e-01 -5.9879032415e-02 -1.9306665602e+00
87 77 52
2 8 2212 -352.7300 -121.7700 10 2720 -221.2200 -47.3900
-1.7766302651e-01 -3.2953957812e-02 -1.9238939158e+00
107 101 82
2 8 2247 -364.2900 -66.8700 10 2784 -227.9400 6.8600
-1.7766302651e-01 -3.2953957812e-02 -1.9238939158e+00
107 101 82
2 8 2248 -364.2900 -66.8700 10 2785 -227.9400 6.8600
-1.8403189382e-01 -1.3071249265e-02 -1.9179300929e+00
101 89 63
2 8 2274 -378.5200 -26.5200 10 2843 -238.2200 48.5100
-2.0477414905e-01 2.8462121717e-02 -1.9056366894e+00
131 117 87
2 8 2310 -423.9900 59.5000 10 2918 -271.5000 137.2100
-2.0477414905e-01 2.8462121717e-02 -1.9056366894e+00
131 117 87
2 8 2311 -423.9900 59.5000 10 2919 -271.5000 137.2100
3.2593475541e-01 1.3986732955e-01 -1.9812842504e+00
244 238 209
2 8 2402 648.5400 279.1200 10 1479 808.1600 186.2000
3.0128419896e-01 1.5257624572e-01 -1.9814390862e+00
97 153 101
2 8 2408 599.5400 304.1100 10 1490 762.1801 222.0300
2.7745019028e-01 1.5210168899e-01 -1.9754868491e+00
146 214 111
2 8 2409 553.9399 303.9299 10 1495 708.4100 229.8500
2.8445679172e-01 1.5558817014e-01 -1.9795148319e+00
139 205 113
2 8 2414 566.7000 310.2100 10 2010 727.3101 234.4100
3.1656671372e-01 1.5933035419e-01 -1.9884616528e+00
195 229 153
2 8 2423 627.5601 316.4700 10 1496 801.9301 230.4000
2.6093012440e-01 1.5894325573e-01 -1.9757537817e+00
124 90 38
2 8 2427 520.9301 317.5100 10 1504 677.7900 249.6900
2.7156468479e-01 1.6923050355e-01 -1.9840138008e+00
221 120 64
2 8 2437 539.7500 336.7200 10 2046 710.0000 266.7200
2.9310826943e-01 1.7030185312e-01 -1.9896211643e+00
71 145 49
2 8 2439 580.7700 338.0500 10 1509 758.7700 261.1400
3.0368835177e-01 1.7285600791e-01 -1.9930134854e+00
78 136 65
2 8 2444 600.6200 342.5701 10 1513 784.1500 262.6600
2.8274166628e-01 1.7945290126e-01 -1.9918268243e+00
60 106 39
2 8 2458 559.6000 355.7900 10 1529 742.9100 283.4700
2.5520405879e-01 1.8321240088e-01 -1.9884710753e+00
128 188 102
2 8 2465 506.0601 363.8300 10 3134 686.0000 300.3900
3.0340003242e-01 2.0431824854e-01 -2.0102870435e+00
111 159 71
2 8 2487 594.6200 401.4000 10 2098 809.1300 326.4200
-4.3077670024e-01 2.3536517223e-01 -1.8566752277e+00
120 124 154
2 8 2538 -914.5600 500.1000 10 2277 -607.7400 602.1000
-3.9088587274e-01 2.3737538436e-01 -1.8657553488e+00
244 212 161
2 8 2545 -826.0300 502.1899 10 2270 -537.3300 595.4299
-3.7453173510e-01 2.4192696980e-01 -1.8730412353e+00
157 133 131
2 8 2553 -788.4000 509.5100 10 2276 -502.7200 599.0701
-3.8272079761e-01 2.5062391106e-01 -1.8664751385e+00
213 198 205
2 8 2587 -808.4600 530.1000 10 2295 -520.2100 618.9600
1.8978302302e-01 2.7372090221e-01 -2.0075383340e+00
167 166 152
2 8 2607 372.5200 537.8800 10 2175 607.1100 503.5601
-3.8523710697e-01 2.5882467019e-01 -1.8642924040e+00
251 232 246
2 8 2636 -814.6800 547.8700 10 3620 -524.0600 636.0900
-3.8149015885e-01 2.6052207434e-01 -1.8660149735e+00
254 238 233
2 8 2642 -806.0200 551.0200 10 2321 -515.8500 638.0200
-3.3147551174e-01 2.6512598716e-01 -1.8890087065e+00
246 233 207
2 8 2646 -691.9300 554.2300 10 2308 -411.5300 629.8101
-3.8160576234e-01 2.6242342823e-01 -1.8662568678e+00
165 96 128
2 8 2647 -806.1400 554.8101 10 2330 -515.1300 641.7700
-1.5015873275e-01 2.7442697051e-01 -1.9376063293e+00
182 184 196
2 8 2650 -305.6300 559.0601 10 2274 -66.7800 598.4299
-3.3432300582e-01 2.6931868336e-01 -1.8871929734e+00
231 125 105
2 8 2659 -698.5300 563.5500 10 2322 -416.6800 638.9800
-3.3432300582e-01 2.6931868336e-01 -1.8871929734e+00
231 125 105
2 8 2660 -698.5300 563.5500 10 2323 -416.6800 638.9800
-3.5433233738e-01 2.8349167571e-01 -1.8801217645e+00
194 137 131
2 8 2712 -743.0000 595.1300 10 3711 -450.9200 672.4100
-1.9222965675e-01 3.0448269785e-01 -1.9485019949e+00
255 252 242
2 8 2738 -389.0000 616.4000 10 2343 -113.8800 661.2900
-2.1736594491e-01 3.0557705331e-01 -1.9438403353e+00
148 126 78
2 8 2745 -440.9300 620.5500 10 3694 -158.8700 668.8700
-3.3547552560e-01 2.9721587903e-01 -1.8847551708e+00
243 164 144
2 8 2747 -701.7200 622.1801 10 2383 -412.4900 694.2900
-1.6053597619e-01 3.1003750262e-01 -1.9510208287e+00
214 212 211
2 8 2751 -324.4600 626.9900 10 2345 -57.8300 665.6899
-1.9597882310e-01 3.1127715636e-01 -1.9514663341e+00
252 249 237
2 8 2754 -395.9800 629.3600 10 2366 -114.5500 673.8500
-8.8632773219e-02 3.1603235773e-01 -1.9715134947e+00
183 179 184
2 8 2757 -177.2900 632.4500 10 2338 84.9700 657.5699
-8.8632773219e-02 3.1603235773e-01 -1.9715134947e+00
183 179 184
2 8 2758 -177.2900 632.4500 10 2339 84.9700 657.5699
-3.3329646199e-01 3.0984837585e-01 -1.9058231638e+00
197 157 44
2 8 2773 -689.3400 641.4399 10 3786 -380.5800 710.1600
-4.0053582712e-01 3.0351274815e-01 -1.8550790248e+00
223 170 134
2 8 2783 -850.9600 645.1300 10 3843 -544.2100 728.2100
-4.1065184291e-01 3.0259787672e-01 -1.8509263226e+00
255 245 219
2 8 2784 -874.3800 644.7600 10 2431 -564.6300 729.4301
-4.1065184291e-01 3.0259787672e-01 -1.8509263226e+00
255 245 219
2 8 2785 -874.3800 644.7600 10 2429 -564.6300 729.4301
-4.1702637109e-01 3.0578257898e-01 -1.8494545208e+00
238 209 157
2 8 2797 -888.6200 652.2700 10 3858 -574.9000 736.8199
-8.5197395934e-02 3.2868483434e-01 -1.9828104069e+00
218 218 211
2 8 2800 -169.4600 653.9100 10 2369 106.2900 677.8300
-8.5197395934e-02 3.2868483434e-01 -1.9828104069e+00
218 218 211
2 8 2801 -169.4600 653.9100 10 2370 106.2900 677.8300
1.9572600136e-01 3.3380495619e-01 -2.0088550280e+00
162 156 142
2 8 2803 383.7200 654.9900 10 1712 642.5400 628.2200
1.9572600136e-01 3.3380495619e-01 -2.0088550280e+00
162 156 142
2 8 2804 383.7200 654.9900 10 1713 642.5400 628.2200
1.7974794691e-01 3.3401536038e-01 -2.0054440038e+00
33 35 15
2 8 2808 353.0200 656.7300 10 2314 608.7300 632.8400
-3.9937401416e-01 3.1138099988e-01 -1.8545721424e+00
245 198 161
2 8 2817 -848.6900 662.0000 10 3881 -540.6600 743.4000
7.8738456874e-02 3.3869936824e-01 -1.9833834336e+00
209 212 197
2 8 2835 156.4500 673.3000 10 2358 400.2800 669.8101
6.6420495228e-02 3.3909500666e-01 -1.9808923960e+00
234 237 205
2 8 2845 132.1500 674.9100 10 2364 375.4800 673.8101
-7.2490674196e-02 -3.5448261461e-01 -1.8946382535e+00
188 150 66
2 8 2899 -149.9200 -739.4000 10 2501 -197.3600 -668.4500
-1.3161693728e-01 -3.0792816388e-01 -1.8933722796e+00
186 146 46
2 8 2982 -273.4400 -642.7700 10 2557 -279.5200 -547.0900
-8.0081537514e-02 -2.9376352966e-01 -1.9101032972e+00
107 86 31
2 8 3003 -164.6500 -607.3199 10 2561 -171.9700 -542.5200
-2.8155241104e-01 -2.5050729910e-01 -1.8716753698e+00
168 131 54
2 8 3058 -592.8800 -529.2800 10 2625 -519.8100 -369.4800
-1.4921550549e-01 -8.3902909413e-02 -1.9519359093e+00
87 85 70
2 8 3295 -301.4200 -169.1600 10 2692 -168.3300 -103.0100
-2.8303670077e-01 -8.1202860625e-02 -1.9166639356e+00
148 123 68
2 8 3297 -582.4800 -166.9100 10 2718 -414.8300 -48.5500
-3.0996154569e-01 -8.0230287887e-02 -1.9101865695e+00
195 133 9
2 8 3304 -640.0700 -165.1800 10 2734 -462.5000 -37.4100
-3.0996154569e-01 -8.0230287887e-02 -1.9101865695e+00
195 133 9
2 8 3305 -640.0700 -165.1800 10 2735 -462.5000 -37.4100
-2.7620039523e-01 -7.8866035954e-02 -1.9193977265e+00
198 156 49
2 8 3310 -567.6200 -161.7000 10 2722 -400.6100 -46.8300
-3.3015189628e-01 -7.2379592980e-02 -1.9081475320e+00
204 152 16
2 8 3334 -682.4500 -149.2600 10 1897 -492.4000 -15.5700
2.1306019917e-01 -7.7812808616e-02 -2.0445121569e+00
104 61 2
2 8 3336 410.9399 -148.7400 10 2678 551.4600 -234.6700
-2.5133877703e-01 -7.1136172595e-02 -1.9236229098e+00
166 127 44
2 8 3339 -515.3900 -145.6300 10 2728 -355.4700 -40.8400
-2.1478820788e-01 -1.9934466314e-02 -1.9164516547e+00
113 106 78
2 8 3498 -442.1800 -40.4200 10 2836 -290.7100 45.1700
-2.3012991628e-01 -1.6465911306e-02 -1.9133919803e+00
106 99 71
2 8 3504 -474.5300 -33.4000 10 2854 -317.0300 57.2200
-2.1552150866e-01 1.8735733051e-02 -1.9115910643e+00
78 70 34
2 8 3580 -444.9200 40.0300 10 2903 -284.9200 119.9500
-2.2703638729e-01 2.1533566748e-02 -1.9048672827e+00
75 69 41
2 8 3587 -470.3000 45.3100 10 2912 -309.7200 130.5100
-3.7721221087e-01 2.8220575260e-02 -1.9224774732e+00
191 139 20
2 8 3600 -773.7700 58.4700 10 2947 -513.3700 184.5500
-2.9504356176e-01 4.5688120696e-02 -1.9167196718e+00
208 204 192
2 8 3623 -607.2800 94.5800 10 2956 -393.0100 195.1800
4.1479801352e-01 6.2283430248e-02 -2.0068420212e+00
117 118 104
2 8 3645 814.1500 123.6300 10 2754 984.4800 -19.7500
4.0313902290e-01 8.9529613789e-02 -2.0085759956e+00
124 129 138
2 8 3693 790.5900 176.8400 10 2834 971.6400 44.5500
3.9520813511e-01 9.0571721900e-02 -2.0079454089e+00
115 123 132
2 8 3697 775.3300 179.0200 10 2845 954.5500 49.7900
3.9520813511e-01 9.0571721900e-02 -2.0079454089e+00
115 123 132
2 8 3698 775.3300 179.0200 10 2846 954.5500 49.7900
3.0102732734e-01 1.4933856175e-01 -1.9794976044e+00
128 175 132
2 8 3822 599.6400 298.0300 10 2982 758.8400 215.4100
2.7931899729e-01 1.5145853520e-01 -1.9757900811e+00
84 153 56
2 8 3832 557.5601 302.8000 10 3004 712.2000 227.6300
2.7065217697e-01 1.5265413594e-01 -1.9743854925e+00
84 154 58
2 8 3841 540.6801 305.4900 10 2006 693.8900 233.1300
2.9783910937e-01 1.5660938445e-01 -1.9828289322e+00
206 191 109
2 8 3856 592.2600 311.9000 10 3011 757.7700 231.5900
2.3327863061e-01 1.5591853619e-01 -1.9676512544e+00
69 109 59
2 8 3857 467.8101 312.7600 10 2027 614.4301 253.3500
2.1377192141e-01 1.5805941773e-01 -1.9641787613e+00
112 159 111
2 8 3868 429.5100 317.8800 10 2042 573.6100 264.3100
2.5064963193e-01 1.6670462252e-01 -1.9776424219e+00
253 185 120
2 8 3892 499.9200 332.7500 10 2047 661.6500 269.0000
2.3125712312e-01 1.6787445254e-01 -1.9737785884e+00
79 104 60
2 8 3895 462.2400 335.6700 10 2060 620.1600 278.2000
2.3007147296e-01 1.7474264636e-01 -1.9770126964e+00
51 78 33
2 8 3921 459.0601 349.0100 10 3120 623.1400 292.3000
2.5504768710e-01 1.8129551224e-01 -1.9866881769e+00
94 153 66
2 8 3929 506.2200 360.4200 10 3126 683.5000 296.6899
2.5408411474e-01 2.0504986751e-01 -1.9994874811e+00
85 102 116
2 8 3997 500.9200 404.6799 10 2112 701.0500 344.7900
2.5345478046e-01 2.0723333460e-01 -1.9984021621e+00
126 155 165
2 8 4001 499.9500 409.2600 10 1565 699.7700 349.8400
1.7535852983e-01 2.5757422697e-01 -1.9995350037e+00
49 50 45
2 8 4097 345.7100 508.1500 10 2157 566.5200 475.7000
-3.9251474628e-01 2.4565145485e-01 -1.8633240127e+00
210 144 111
2 8 4146 -830.5200 520.2700 10 3578 -540.1500 612.4700
-3.9251474628e-01 2.4565145485e-01 -1.8633240127e+00
210 144 111
2 8 4147 -830.5200 520.2700 10 3579 -540.1500 612.4700
1.8341723339e-01 2.7236274183e-01 -2.0068497816e+00
69 68 54
2 8 4184 360.1801 535.1899 10 3348 593.7200 502.5800
1.8633561251e-01 2.7541032671e-01 -2.0073365751e+00
93 92 82
2 8 4206 365.8000 541.1100 10 3356 600.9100 508.0701
1.8131589289e-01 2.7532669835e-01 -2.0062627971e+00
96 93 79
2 8 4209 356.1500 541.2400 10 2183 590.2900 509.3700
-3.8058861608e-01 2.5739942126e-01 -1.8666722720e+00
219 198 187
2 8 4217 -803.8500 544.2900 10 3609 -514.6800 631.5800
4.7344667484e-03 2.7320603416e-01 -1.9658245013e+00
50 52 49
2 8 4231 9.5800 548.2700 10 3466 226.4000 556.2200
-3.9528014867e-01 2.6037996339e-01 -1.8602002907e+00
195 140 96
2 8 4248 -837.7100 552.2800 10 3632 -543.5100 642.3300
-3.9528014867e-01 2.6037996339e-01 -1.8602002907e+00
195 140 96
2 8 4249 -837.7100 552.2800 10 3633 -543.5100 642.3300
-3.9528014867e-01 2.6037996339e-01 -1.8602002907e+00
195 140 96
2 8 4250 -837.7100 552.2800 10 3634 -543.5100 642.3300
-3.8077960539e-01 2.6428585604e-01 -1.8664583819e+00
236 177 175
2 8 4263 -804.3000 558.6300 10 3636 -513.0700 645.1899
-3.3268266810e-01 2.6874405155e-01 -1.8878520073e+00
249 189 161
2 8 4267 -694.8500 561.9200 10 3622 -413.5800 637.6100
-3.3033585907e-01 2.7135503587e-01 -1.8904914132e+00
230 120 90
2 8 4281 -688.9600 566.3600 10 3629 -406.0700 641.5300
-3.3321365386e-01 2.7107450524e-01 -1.8875727966e+00
255 203 175
2 8 4282 -696.0500 566.8201 10 3631 -413.9800 642.3400
-1.7213866254e-01 2.9069840286e-01 -1.9360868203e+00
210 208 205
2 8 4352 -350.6300 592.6500 10 3617 -99.0600 635.0100
-1.7213866254e-01 2.9069840286e-01 -1.9360868203e+00
210 208 205
2 8 4353 -350.6300 592.6500 10 3618 -99.0600 635.0100
2.7637672834e-01 3.1801916782e-01 -2.0482865885e+00
129 124 96
2 8 4412 530.9500 612.4500 10 3486 826.8000 563.8400
-2.1618097082e-01 3.0307966767e-01 -1.9424012915e+00
140 115 46
2 8 4429 -438.8500 615.8000 10 3682 -159.3400 664.5100
-2.1034998738e-01 3.0765685286e-01 -1.9463918332e+00
252 226 123
2 8 4450 -426.1300 623.7900 10 3703 -144.2300 670.9600
-3.4012785049e-01 2.9790954534e-01 -1.8812005499e+00
255 215 193
2 8 4456 -712.7900 624.8199 10 3760 -423.5600 697.7000
-4.0361963380e-01 2.9987121530e-01 -1.8549627797e+00
214 168 142
2 8 4500 -857.5600 637.3300 10 3820 -550.0600 721.8300
-2.5626493070e-01 3.3186796718e-01 -1.9510117448e+00
159 158 139
2 8 4588 -517.7500 670.8500 10 3825 -204.0900 723.4800
7.5418237291e-02 3.3892506798e-01 -1.9825796213e+00
223 223 212
2 8 4595 149.9200 673.9600 10 3701 393.5100 671.2400
6.9957464504e-02 3.3934859905e-01 -1.9816223296e+00
62 69 61
2 8 4597 139.1400 675.0400 10 3712 382.7400 673.5400
6.9957464504e-02 3.3934859905e-01 -1.9816223296e+00
62 69 61
2 8 4598 139.1400 675.0400 10 3713 382.7400 673.5400
7.5763259221e-02 3.4184922911e-01 -1.9817432212e+00
101 102 84
2 8 4608 150.6700 680.0000 10 3726 394.4600 677.5900
7.1088683353e-02 3.4201062182e-01 -1.9811617921e+00
99 101 90
2 8 4610 141.4100 680.6400 10 2371 385.3700 678.8600
