# Bundle file v0.3
14 366
0 0 0
0 0 0
0 0 0
0 0 0
0 0 0
0 0 0
0 0 0
0 0 0
0 0 0
0 0 0
0 0 0
0 0 0
0 0 0
0 0 0
0 0 0
0 0 0
0 0 0
0 0 0
0 0 0
0 0 0
0 0 0
0 0 0
0 0 0
0 0 0
0 0 0
0 0 0
0 0 0
0 0 0
0 0 0
0 0 0
0 0 0
0 0 0
0 0 0
0 0 0
0 0 0
0 0 0
0 0 0
0 0 0
0 0 0
0 0 0
3.9468690702e+03 0.0000000000e+00 0.0000000000e+00
1.0000000000e+00 0.0000000000e+00 0.0000000000e+00
0.0000000000e+00 1.0000000000e+00 0.0000000000e+00
0.0000000000e+00 0.0000000000e+00 1.0000000000e+00
-0.0000000000e+00 -0.0000000000e+00 -0.0000000000e+00
0 0 0
0 0 0
0 0 0
0 0 0
0 0 0
3.9468690702e+03 0.0000000000e+00 0.0000000000e+00
8.3766134918e-01 1.6958446724e-01 -5.1919608296e-01
-1.7330055551e-01 9.8398167137e-01 4.1796983995e-02
5.1796754874e-01 5.4965251588e-02 8.5363249679e-01
-9.6046950448e-01 8.5625869760e-02 -2.6488967777e-01
0 0 0
0 0 0
0 0 0
0 0 0
0 0 0
0 0 0
0 0 0
0 0 0
0 0 0
0 0 0
0 0 0
0 0 0
0 0 0
0 0 0
0 0 0
-9.3689245429e-02 -2.7190545171e-01 -1.9032480613e+00
27 29 7
2 8 112 -194.0800 -565.3900 10 134 -195.6300 -494.0300
-3.3038609292e-01 2.6205174202e-01 -1.8920970631e+00
169 102 81
2 8 261 -689.1800 546.6799 10 215 -407.7400 623.2500
2.0505034825e-01 -1.0203918901e-01 -2.0355885145e+00
85 50 0
2 8 2161 397.5100 -197.2500 10 1389 520.5200 -281.5300
2.7122118465e-01 -1.9843348079e-01 -2.0262623622e+00
239 236 225
2 8 15 528.3000 -386.5200 10 10 603.3500 -510.7100
-1.7141230660e-01 -1.0776935802e-01 -1.9395385409e+00
230 181 54
2 8 160 -348.7800 -219.6300 10 105 -225.8400 -140.2400
-2.9636757247e-01 -7.8705709931e-02 -1.9132547098e+00
246 242 227
2 8 297 -611.3700 -162.4500 10 240 -439.0700 -39.1200
3.0239142255e-01 -2.0329792004e-01 -2.0267701245e+00
199 139 29
2 8 153 588.8101 -395.4600 10 102 662.8600 -537.1600
-2.8820496574e-01 -8.2942402839e-02 -1.9166113803e+00
136 102 38
2 8 296 -593.5100 -170.7000 10 238 -424.2300 -50.3400
-2.2164957040e-01 -8.9627888390e-02 -1.9318245465e+00
222 172 49
2 8 385 -452.8600 -183.0000 10 321 -307.3100 -87.2600
2.2655982058e-01 3.0278374332e-01 -2.0521252884e+00
195 189 164
2 8 450 435.7000 583.1300 10 279 725.5699 541.2600
2.3218685014e-01 3.1542380391e-01 -2.0517366903e+00
188 182 148
2 8 455 446.6400 606.9800 10 286 741.1000 567.0400
-5.7030866859e-02 3.4032582206e-01 -1.9541441675e+00
61 63 50
2 8 370 -115.1900 687.4200 10 305 130.0601 707.9800
2.5571413833e-01 -2.6394464764e-01 -2.0020009242e+00
169 111 13
2 8 282 504.2100 -520.9200 10 225 528.3300 -641.9000
2.3651126173e-01 3.0302890366e-01 -2.0536543064e+00
192 185 167
2 8 611 454.4900 583.3600 10 363 746.3199 538.9500
3.3600805910e-01 3.1515881709e-01 -2.0399399175e+00
210 205 175
2 8 352 650.0601 610.6200 10 280 942.8500 547.8000
-2.5057810627e-01 8.8150103268e-02 -1.8967446791e+00
57 51 39
2 8 738 -521.4500 183.8100 10 608 -335.2700 267.7900
-3.5788209121e-01 1.9535956771e-01 -1.8526550291e+00
85 56 74
2 8 562 -762.4400 416.4000 10 491 -517.9900 512.3000
1.2830893021e-02 2.7863850360e-01 -1.9729151461e+00
67 67 59
2 8 599 25.6500 557.7500 10 505 249.5699 563.1500
2.3432378118e-01 3.0779170519e-01 -2.0510217844e+00
34 38 24
2 8 614 450.8900 592.8201 10 503 741.8600 550.6400
-2.9450747776e-01 -8.3029908487e-02 -1.9134144965e+00
249 246 232
2 8 916 -607.5100 -171.0900 10 1023 -437.4800 -48.2200
-2.9057689188e-01 -7.6326906902e-02 -1.9164816126e+00
241 241 223
2 8 919 -598.4200 -157.2300 10 1031 -425.8500 -36.8700
-2.9057689188e-01 -7.6326906902e-02 -1.9164816126e+00
241 241 223
2 8 920 -598.4200 -157.2300 10 1032 -425.8500 -36.8700
-2.7931483648e-01 -7.5522673662e-02 -1.9203683694e+00
36 38 8
2 8 922 -574.0800 -155.0900 10 744 -404.1200 -39.6400
-1.7674985962e-01 -9.0516293049e-02 -1.9378850153e+00
61 48 32
2 8 915 -360.0000 -184.2100 10 735 -230.5500 -105.5100
-1.8318308916e-01 -8.3438789567e-02 -1.9350416166e+00
125 86 57
2 8 678 -373.6500 -170.0500 10 737 -241.5800 -89.4300
-1.8319072340e-01 -6.2544018676e-02 -1.9309918354e+00
53 42 22
2 8 931 -374.4300 -127.8800 10 1021 -239.3000 -48.7700
-1.7802577682e-01 -3.7233926505e-02 -1.9253268470e+00
98 88 62
2 8 702 -364.9600 -76.2100 10 751 -229.1900 -1.3700
-2.5308197581e-01 9.2289637728e-02 -1.8958535065e+00
203 201 191
2 8 968 -526.9200 192.6700 10 798 -338.8800 276.5100
-3.1147579146e-01 1.1932149376e-01 -1.9048336692e+00
30 27 22
2 8 757 -645.4300 247.8100 10 623 -409.3800 341.6500
-3.2785333325e-01 2.6568765216e-01 -1.8922629292e+00
175 83 75
2 8 831 -683.8500 554.4600 10 688 -402.5500 629.4800
-3.3486654091e-01 2.7292495213e-01 -1.8863134606e+00
248 111 70
2 8 840 -700.6700 571.1500 10 951 -417.9200 646.9301
3.1392119516e-02 2.8343885876e-01 -1.9762357314e+00
35 38 27
2 8 836 62.6600 566.7000 10 919 287.6500 567.7400
-1.7902773767e-01 -3.0170202557e-02 -1.9234287599e+00
100 84 55
2 8 1245 -367.3900 -61.6500 10 1049 -230.6100 12.6900
-3.4765830834e-01 2.8353915771e-01 -1.8801685923e+00
244 220 197
2 8 1489 -729.8100 595.2500 10 1743 -441.2400 671.7900
-3.4917023947e-01 2.9013398441e-01 -1.8787141691e+00
247 222 191
2 8 1495 -733.5500 609.5400 10 1753 -443.1700 685.3101
8.1118368549e-02 3.1503586498e-01 -1.9998620657e+00
49 53 39
2 8 1136 160.0400 622.7500 10 933 411.0601 613.9000
7.1443072219e-02 3.3751116032e-01 -1.9821971322e+00
180 175 147
2 8 1162 142.2700 671.7200 10 957 385.6100 669.7400
-3.2158214287e-01 -9.5894028018e-02 -1.9047356815e+00
233 178 60
2 8 1604 -666.3600 -198.7200 10 1875 -492.1000 -62.3900
-2.8713273184e-01 -8.2412067003e-02 -1.9163916331e+00
145 107 46
2 8 1206 -591.3800 -169.5300 10 1408 -422.7200 -49.8000
-2.8713273184e-01 -8.2412067003e-02 -1.9163916331e+00
145 107 46
2 8 1207 -591.3800 -169.5300 10 1409 -422.7200 -49.8000
-3.0861965954e-01 -7.6384959323e-02 -1.9117385590e+00
198 151 65
2 8 1610 -637.1600 -157.6900 10 1419 -458.4400 -30.5700
-2.8081132747e-01 -7.3016394233e-02 -1.9202889751e+00
207 198 157
2 8 1613 -577.1800 -149.9400 10 1892 -405.6800 -34.3900
-2.5212394750e-01 -6.8142942168e-02 -1.9235580485e+00
224 204 136
2 8 1623 -517.3600 -139.4600 10 1891 -356.8100 -35.4400
-2.5260848479e-01 8.9257027362e-02 -1.8956057124e+00
58 58 46
2 8 1301 -526.0000 186.3400 10 1517 -339.4100 270.5900
-3.0747101877e-01 1.2022464549e-01 -1.9066861230e+00
136 130 103
2 8 1314 -636.5100 249.4000 10 1559 -400.8600 342.0100
3.4849835965e-02 2.8411846185e-01 -1.9766776084e+00
102 104 90
2 8 1474 69.5800 567.4000 10 1258 294.5601 568.7900
-2.7702872673e-01 -7.2693608001e-02 -1.9231321332e+00
175 145 86
2 8 2190 -568.4800 -149.8600 10 1418 -396.4800 -34.4000
-3.6053280466e-01 2.2344020786e-01 -1.8682072657e+00
238 244 251
2 8 2512 -761.7000 472.3900 10 2240 -494.0600 562.1000
-3.4970713391e-01 2.2784898376e-01 -1.8721935865e+00
180 201 216
2 8 2518 -737.2400 480.4100 10 3496 -471.5500 567.5300
-3.2771860998e-01 2.7254032946e-01 -1.8908005204e+00
170 88 84
2 8 2663 -684.0600 568.4900 10 1307 -401.8500 643.9200
-3.4853239358e-01 2.7581244263e-01 -1.8813327857e+00
245 219 196
2 8 2681 -731.1900 578.6300 10 3659 -443.6200 656.6801
-3.4021155275e-01 2.8297600599e-01 -1.8826952750e+00
255 174 149
2 8 2706 -713.2100 593.0900 10 3695 -427.1200 668.7500
-3.4021155275e-01 2.8297600599e-01 -1.8826952750e+00
255 174 149
2 8 2707 -713.2100 593.0900 10 3696 -427.1200 668.7500
-3.4992050038e-01 2.9501135770e-01 -1.8771478471e+00
252 221 190
2 8 2743 -735.7300 620.1100 10 2384 -444.6200 695.6300
-1.9579004426e-01 3.1111462893e-01 -1.9515441373e+00
252 249 237
2 8 2753 -395.9800 629.3600 10 2365 -114.5500 673.8500
-3.5014579391e-01 3.1442732924e-01 -1.8763042405e+00
255 237 214
2 8 2010 -736.5300 661.1200 10 2435 -439.8000 733.6000
2.0564729898e-01 3.3358024216e-01 -2.0115174379e+00
185 169 103
2 8 2000 403.5200 654.2900 10 1289 664.6500 625.3600
6.6319530315e-02 3.3884538040e-01 -1.9809018310e+00
234 237 205
2 8 2844 132.1500 674.9100 10 2363 375.4800 673.8101
2.0754919941e-01 3.3818615390e-01 -2.0109649754e+00
103 105 89
2 8 2013 407.3600 663.5800 10 1716 669.7000 634.8600
-2.8143565309e-01 8.1325068813e-02 -1.8866254104e+00
227 231 219
2 8 2346 -588.8200 170.7400 10 3063 -397.1400 264.6700
-3.4707220051e-01 2.7455119050e-01 -1.8818993393e+00
175 99 91
2 8 4309 -727.9100 575.8600 10 3653 -441.1400 653.7500
-3.4753921068e-01 2.7733557578e-01 -1.8812089664e+00
179 98 78
2 8 2689 -729.1500 581.7800 10 3666 -441.7800 659.5800
-3.4753921068e-01 2.7733557578e-01 -1.8812089664e+00
179 98 78
2 8 2690 -729.1500 581.7800 10 3667 -441.7800 659.5800
-3.4908758663e-01 2.8506546311e-01 -1.8796917885e+00
201 101 93
2 8 2718 -733.0000 598.6799 10 3719 -443.4900 675.0601
7.1750322949e-02 3.3569871058e-01 -1.9825391469e+00
199 189 163
2 8 4578 142.8600 667.9399 10 2347 385.8300 665.8700
6.6033959074e-02 3.3612014533e-01 -1.9811015466e+00
196 188 169
2 8 2827 131.5699 669.3700 10 2353 374.1500 668.2100
7.6823959328e-02 3.3737533409e-01 -1.9832263282e+00
46 48 36
2 8 2831 152.9000 671.2000 10 2351 396.4200 668.0100
7.6823959328e-02 3.3737533409e-01 -1.9832263282e+00
46 48 36
2 8 2832 152.9000 671.2000 10 2352 396.4200 668.0100
7.8615350412e-02 3.3844698373e-01 -1.9834015898e+00
209 212 197
2 8 2836 156.4500 673.3000 10 2359 400.2800 669.8101
7.3801870639e-02 3.3965987684e-01 -1.9821579898e+00
54 56 51
2 8 2026 146.9600 676.2100 10 1744 390.7000 673.5800
1.3629061271e-01 2.6562604690e-01 -1.9946432941e+00
48 50 38
2 8 589 269.7000 525.3201 10 489 491.3900 503.5000
5.6514874942e-02 2.4446237062e-01 -1.9680653398e+00
42 44 28
2 8 1393 113.3300 490.3900 10 1195 311.5200 485.6500
6.7932586917e-02 3.3576561098e-01 -1.9810470866e+00
201 196 168
2 8 4583 135.3500 668.8101 10 3689 377.4600 667.0400
8.0012227663e-02 3.3538653311e-01 -1.9841251920e+00
203 197 178
2 8 4576 159.1700 667.0000 10 3673 402.4000 662.9301
8.0012227663e-02 3.3538653311e-01 -1.9841251920e+00
203 197 178
2 8 4577 159.1700 667.0000 10 3674 402.4000 662.9301
-8.9947317974e-02 -2.8800776924e-01 -1.9054665726e+00
119 118 98
2 8 23 -186.1100 -598.0100 10 31 -192.4100 -527.4000
-9.0198702475e-02 -2.8825426944e-01 -1.9058697284e+00
116 115 96
2 8 37 -186.5500 -598.6899 10 32 -192.4100 -527.4000
3.0141035201e-01 2.5776742314e-01 -2.0366798844e+00
87 88 74
2 8 50 584.0100 500.9600 10 42 846.4100 433.4100
1.9721676606e-01 -1.6041571631e-01 -2.0127638446e+00
177 127 28
2 8 66 386.5500 -313.1400 10 54 464.6600 -399.2700
2.1016327530e-01 -2.3732535462e-01 -2.0005013393e+00
206 155 47
2 8 79 414.6899 -468.6000 10 69 450.0500 -563.1200
2.4895370569e-01 -1.7717689812e-01 -2.0244824903e+00
174 118 21
2 8 80 485.2700 -344.7700 10 71 566.7900 -456.5601
2.7377085832e-01 1.8654417289e-01 -1.9922110305e+00
95 125 81
2 8 135 542.4399 368.7700 10 89 728.8101 302.1000
-2.8500689565e-01 -6.6213594334e-02 -1.9170954647e+00
238 236 195
2 8 164 -586.8300 -135.6900 10 189 -413.6400 -20.4100
-9.1862317930e-02 -2.8509934743e-01 -1.9013363972e+00
119 118 100
2 8 209 -190.5000 -593.2000 10 183 -199.2700 -521.3900
-4.4038784490e-01 2.2320212190e-01 -1.8482908924e+00
67 51 34
2 8 254 -940.3900 476.2700 10 210 -636.3300 583.8900
-1.0251173878e-01 -2.7522125188e-01 -1.9009025835e+00
71 66 45
2 8 280 -212.6800 -572.6600 10 314 -213.9000 -496.9500
2.8361898821e-01 -2.2167013503e-01 -2.0176872424e+00
204 150 38
2 8 284 554.7800 -433.4900 10 226 611.6400 -566.7900
-2.9620505697e-01 1.1260140253e-01 -1.9081040789e+00
187 163 112
2 8 320 -612.7100 233.1300 10 350 -384.4900 324.6600
2.7248042575e-01 2.0271044786e-01 -2.0018228481e+00
192 211 218
2 8 329 537.2200 399.8500 10 268 739.9700 333.9700
-4.2219045169e-01 2.4441312248e-01 -1.8624616784e+00
57 75 153
2 8 335 -894.6700 517.5500 10 374 -585.6700 616.3201
-2.5935658344e-01 2.9375653388e-01 -1.9295982575e+00
48 46 38
2 8 350 -530.4900 600.7200 10 387 -245.0700 659.1200
4.5019470385e-02 -3.0356017114e-01 -1.9380974947e+00
225 182 67
2 8 376 91.8300 -619.2300 10 310 66.2000 -621.9100
2.1924807898e-01 -1.9823751253e-01 -2.0033182320e+00
37 41 26
2 8 379 432.0200 -391.0601 10 315 484.2300 -486.8300
1.7894201930e-01 2.7139760639e-01 -2.0073148576e+00
34 35 24
2 8 440 351.8300 533.8600 10 361 585.7300 501.4100
-3.4371257577e-01 2.5788118925e-01 -1.8873230647e+00
238 104 65
2 8 441 -718.8000 539.4800 10 523 -434.9000 619.0800
-2.5183079378e-01 2.9260072346e-01 -1.9301691736e+00
249 248 246
2 8 454 -514.9400 598.1000 10 534 -233.0000 655.4900
-1.0315463979e-01 -2.6819117906e-01 -1.9010241679e+00
228 185 73
2 8 476 -214.1300 -557.0900 10 555 -212.5700 -483.7300
-1.5051722717e-01 -9.0210740115e-02 -1.9503854383e+00
147 100 21
2 8 491 -304.6000 -182.4800 10 413 -174.9600 -114.9400
-2.6353450348e-01 -4.7711527804e-02 -1.9199586146e+00
213 161 49
2 8 500 -541.6900 -98.6700 10 752 -371.8000 8.5500
-2.5876626891e-01 6.4555372663e-02 -1.8931262606e+00
64 46 24
2 8 517 -539.5400 135.2200 10 437 -359.8800 224.7200
1.8956706866e-01 2.3997570431e-01 -1.9976407946e+00
60 60 50
2 8 567 374.5500 473.9800 10 357 586.4600 436.3101
-3.5923832553e-01 2.2627329300e-01 -1.8659665030e+00
103 144 179
2 8 569 -759.8700 478.8400 10 673 -493.9400 568.1400
1.7126809465e-01 2.6185286870e-01 -1.9995030167e+00
35 35 23
2 8 587 338.1100 516.2300 10 482 560.8900 486.4700
1.2644102935e-01 2.6567960252e-01 -1.9923250849e+00
50 51 45
2 8 590 250.4700 526.5601 10 490 470.7800 506.0601
-3.8294617196e-01 2.5842905072e-01 -1.8650614383e+00
209 207 198
2 8 596 -810.3900 546.7800 10 690 -520.3300 635.0000
2.6523484925e-02 2.8141215901e-01 -1.9743060337e+00
166 164 151
2 8 604 52.9900 563.1700 10 506 276.3600 565.2800
-1.9666571911e-02 2.8959766819e-01 -1.9650811221e+00
113 114 97
2 8 609 -39.5300 582.2000 10 516 188.3500 594.2800
-5.5855795812e-02 3.0519274798e-01 -1.9811575033e+00
188 184 161
2 8 618 -111.2900 608.2700 10 528 146.5900 627.0000
-9.5224917458e-02 3.1792898250e-01 -1.9711665966e+00
211 204 188
2 8 628 -190.6700 636.6100 10 389 73.9800 663.1300
-2.2168674402e-01 3.2264653602e-01 -1.9516525764e+00
63 57 53
2 8 635 -448.3000 652.0400 10 544 -152.1000 701.0100
-9.7657724018e-02 -3.0503234677e-01 -1.9015605724e+00
194 148 51
2 8 660 -202.3500 -635.5800 10 726 -215.0700 -556.7100
-9.7025210636e-02 -2.6247143696e-01 -1.9019178853e+00
215 209 197
2 8 665 -201.2000 -545.7700 10 556 -199.4900 -474.4200
-2.2312451469e-01 -8.3029338980e-02 -1.9295727340e+00
87 73 39
2 8 679 -456.4400 -169.3900 10 1018 -310.0700 -74.3800
-4.2982442513e-01 9.6270422157e-03 -1.9042455713e+00
222 179 51
2 8 715 -890.9200 20.3600 10 589 -616.9700 167.6900
-2.5080205742e-01 5.4455520120e-02 -1.8928882600e+00
41 35 23
2 8 726 -522.9900 114.0300 10 595 -351.0400 203.0700
2.2207148956e-01 1.5544549593e-01 -1.9649603836e+00
87 115 80
2 8 763 446.0400 312.4700 10 604 590.5200 255.7900
2.3910624185e-01 1.5826901904e-01 -1.9698045883e+00
155 207 107
2 8 766 479.1100 316.9100 10 605 629.6899 256.0700
3.1971909187e-01 1.6074364671e-01 -1.9899989748e+00
125 183 99
2 8 767 634.0800 319.2700 10 438 811.3400 231.6800
2.9150625085e-01 1.8541779410e-01 -1.9966168735e+00
217 214 173
2 8 776 576.2300 366.7100 10 612 767.9200 292.5701
2.5268235705e-01 2.0269944309e-01 -1.9979977930e+00
80 84 81
2 8 784 499.1500 400.4399 10 461 697.0601 340.5601
1.6812074309e-01 2.4036535955e-01 -1.9921894021e+00
42 42 30
2 8 790 333.0699 476.3000 10 632 540.5601 443.7300
-3.6998974605e-01 2.2522494482e-01 -1.8648293925e+00
254 255 253
2 8 791 -783.0800 476.7700 10 674 -511.7500 568.7000
-3.4583953237e-01 2.3158104837e-01 -1.8732146301e+00
253 253 254
2 8 796 -728.7300 488.7100 10 923 -463.3400 572.9000
1.4555504910e-01 2.6493358573e-01 -1.9961102846e+00
32 34 25
2 8 808 287.7800 524.2300 10 488 509.9301 498.8800
8.8216849853e-02 2.6519302674e-01 -1.9819325858e+00
32 33 25
2 8 811 175.6600 528.4000 10 648 390.0200 516.7800
2.9196317670e-02 2.7647339315e-01 -1.9742660935e+00
41 43 30
2 8 830 58.3900 552.3300 10 667 279.4100 555.6300
2.3520106603e-02 2.7765480103e-01 -1.9726457209e+00
29 32 25
2 8 832 47.0699 555.3400 10 670 268.1000 559.5601
-3.4637633878e-01 2.8830098808e-01 -1.8806288029e+00
222 74 31
2 8 851 -726.9400 605.0800 10 704 -437.2400 680.6100
-4.1944231096e-01 2.8979767131e-01 -1.8499684824e+00
103 104 106
2 8 856 -894.8500 617.8400 10 965 -583.0700 707.0100
-3.3873284015e-01 2.9766087621e-01 -1.8813776290e+00
245 201 181
2 8 859 -710.6100 624.3600 10 964 -421.7700 697.2900
-4.1622092376e-01 2.9329555088e-01 -1.8495449840e+00
229 230 229
2 8 860 -888.1800 625.4301 10 968 -577.7700 713.4000
-2.6119882894e-01 3.3899856094e-01 -1.9516923819e+00
113 114 98
2 8 877 -528.2100 685.3900 10 983 -209.0700 738.2100
2.6881315749e-01 -2.2851344597e-01 -2.0168495908e+00
214 166 62
2 8 902 526.0900 -447.4600 10 1367 579.5699 -572.9600
-2.8995511146e-01 -7.3228268523e-02 -1.9175172546e+00
199 143 49
2 8 927 -596.8500 -150.4500 10 1034 -422.7600 -31.6400
-1.8248893172e-01 -6.6013090394e-02 -1.9319649025e+00
70 56 30
2 8 930 -372.8800 -134.2100 10 1020 -238.3000 -56.4900
-4.0510525754e-01 1.0958499588e-02 -1.9112236216e+00
202 144 23
2 8 950 -836.6300 23.1500 10 1090 -572.9800 162.0000
-2.5477369099e-01 9.9736909069e-02 -1.8943502561e+00
16 16 14
2 8 973 -530.8900 208.6900 10 1130 -340.8800 291.3500
-3.1406693977e-01 1.1096787374e-01 -1.9024651211e+00
147 124 74
2 8 981 -651.6000 230.6600 10 815 -418.7100 327.0200
2.9577729011e-01 1.5376196439e-01 -1.9805740571e+00
87 156 77
2 8 995 589.4100 306.5701 10 600 751.7200 226.2200
2.5896094114e-01 1.5301069160e-01 -1.9714027680e+00
140 205 103
2 8 996 518.4500 306.4100 10 784 668.9100 238.0500
2.6650081022e-01 1.5347109315e-01 -1.9731778931e+00
146 214 102
2 8 997 533.0500 307.2500 10 602 685.8101 236.1600
2.2067879463e-01 1.7417448063e-01 -1.9736646929e+00
76 112 67
2 8 1014 441.3000 348.3900 10 807 602.3400 294.5100
3.1083978833e-01 1.8552212672e-01 -2.0017425790e+00
88 120 70
2 8 1019 612.8700 366.0400 10 803 811.6500 285.8500
2.8706622700e-01 1.8466398272e-01 -1.9956233041e+00
103 112 74
2 8 1020 567.7600 365.0701 10 613 757.7900 292.7800
3.1966183635e-01 1.9260420675e-01 -2.0075922923e+00
190 197 164
2 8 1024 628.4200 379.0100 10 810 837.0900 297.1200
2.2196244857e-01 1.9337909506e-01 -1.9763678435e+00
101 101 93
2 8 1026 443.3199 385.4299 10 622 614.5900 335.3000
-4.5072625399e-01 2.2467951957e-01 -1.8435779011e+00
84 62 60
2 8 1047 -964.9100 480.3500 10 925 -656.7300 590.4700
1.7608281602e-01 2.6031123424e-01 -2.0000260377e+00
93 94 84
2 8 1071 347.5000 513.4299 10 842 570.0100 481.6100
8.4374209626e-02 2.5831173833e-01 -1.9796405566e+00
86 98 84
2 8 1073 168.2100 515.1600 10 857 378.3400 504.2900
1.5807725975e-01 2.6388134168e-01 -1.9959143077e+00
34 37 28
2 8 1076 312.6100 521.5500 10 847 533.2800 494.5100
-1.9099149501e-02 2.7215995974e-01 -1.9608028306e+00
29 31 23
2 8 1105 -38.4400 547.7500 10 914 179.0699 560.9500
-3.7826750227e-01 2.6064643625e-01 -1.8687035748e+00
172 97 135
2 8 1107 -798.9100 550.0500 10 691 -508.2100 637.5601
-1.6002466197e-02 2.7838895032e-01 -1.9646434547e+00
28 29 23
2 8 1115 -32.1200 558.7700 10 922 190.4800 572.0601
6.6777008549e-02 2.8525816434e-01 -1.9971191421e+00
223 222 202
2 8 1120 131.9600 563.9299 10 906 371.6400 557.6300
-3.4041862017e-01 2.6949949448e-01 -1.8852506455e+00
229 75 47
2 8 1123 -712.7100 564.7000 10 949 -428.7100 641.2300
-4.0195235752e-01 3.0262735826e-01 -1.8538923798e+00
253 252 249
2 8 1145 -855.7200 643.8199 10 974 -548.3900 727.5100
-4.0195235752e-01 3.0262735826e-01 -1.8538923798e+00
253 252 249
2 8 1146 -855.7200 643.8199 10 975 -548.3900 727.5100
-9.6108613945e-02 3.2162482648e-01 -1.9722533424e+00
213 208 202
2 8 1148 -192.3500 643.9900 10 698 74.8199 669.8600
-3.4645122102e-01 3.1327696405e-01 -1.8769513090e+00
220 65 36
2 8 1157 -728.5200 658.7500 10 1331 -433.8000 730.2700
-5.1309870091e-02 3.4714587351e-01 -1.9545717787e+00
31 31 21
2 8 1165 -103.6100 700.9900 10 972 142.8101 720.7100
1.2126059143e-01 -3.4021688184e-01 -1.9365735725e+00
60 50 13
2 8 1179 247.3900 -695.0601 10 718 187.4100 -737.8700
-3.1406568445e-01 -7.2346904494e-02 -1.9112365841e+00
214 163 62
2 8 1208 -648.5700 -149.4300 10 1422 -465.8700 -21.0500
-2.8441611382e-01 -6.6984887293e-02 -1.9185171389e+00
228 224 179
2 8 1216 -585.2000 -136.9800 10 1421 -411.3500 -22.3800
-1.7995600920e-01 -3.3190245791e-02 -1.9242714358e+00
28 21 11
2 8 1242 -369.1200 -67.9500 10 1429 -232.1200 7.2100
-2.4828331559e-01 3.7593528609e-02 -1.8996510559e+00
121 114 89
2 8 1278 -515.8900 78.5200 10 1475 -344.6800 168.6600
-2.4828331559e-01 3.7593528609e-02 -1.8996510559e+00
121 114 89
2 8 1279 -515.8900 78.5200 10 1476 -344.6800 168.6600
4.0893745202e-01 8.5738423797e-02 -2.0107734321e+00
9 36 84
2 8 1295 802.6000 169.2600 10 760 985.3101 32.8700
-2.5704957393e-01 8.3699787127e-02 -1.8954822074e+00
106 79 34
2 8 1296 -535.3000 175.0000 10 2035 -348.2800 260.8100
3.1388645141e-01 1.4408362585e-01 -1.9790426735e+00
210 237 161
2 8 1319 625.9900 287.4000 10 776 784.1801 199.7300
3.1895157104e-01 1.4831384310e-01 -1.9824132097e+00
241 247 219
2 8 1321 635.0000 295.4600 10 777 799.0100 206.5700
3.1895157104e-01 1.4831384310e-01 -1.9824132097e+00
241 247 219
2 8 1322 635.0000 295.4600 10 778 799.0100 206.5700
3.0202995764e-01 1.5505107573e-01 -1.9826001255e+00
245 249 216
2 8 1332 601.2500 308.8900 10 1102 766.7100 226.5800
2.7802237401e-01 1.6327016991e-01 -1.9817057481e+00
97 157 82
2 8 1337 553.7000 325.4900 10 788 719.9600 251.9700
3.2068387062e-01 1.6959070947e-01 -1.9946830787e+00
112 185 86
2 8 1340 634.5300 335.6400 10 785 820.4399 250.0100
3.0435286663e-01 1.7541505336e-01 -1.9943140393e+00
132 204 98
2 8 1351 602.3101 347.4600 10 795 788.6100 267.5200
2.8764803864e-01 1.8030549134e-01 -1.9936138182e+00
143 211 97
2 8 1354 569.4500 357.2700 10 1122 755.6801 283.2500
3.1335189431e-01 1.8248507515e-01 -2.0000316557e+00
174 206 146
2 8 1356 618.3300 360.6500 10 1117 814.3400 278.6500
3.2289613996e-01 1.9307715644e-01 -2.0085516060e+00
80 106 71
2 8 1362 634.4600 379.9700 10 809 844.6899 296.7800
2.6685489595e-01 2.0081315765e-01 -1.9995061010e+00
234 194 171
2 8 1367 526.7500 396.4000 10 818 726.0500 332.2100
2.5980367238e-01 2.0131018413e-01 -1.9982985064e+00
170 186 186
2 8 1369 513.1400 397.6400 10 820 711.0699 335.5300
2.9951721705e-01 2.0689098137e-01 -2.0103310034e+00
82 103 70
2 8 1370 588.0300 406.3300 10 819 803.2300 333.2700
-3.6881255105e-01 2.2482479954e-01 -1.8660492724e+00
253 251 247
2 8 1381 -780.0900 475.8101 10 1675 -508.6400 567.1000
-4.4789930778e-01 2.2222219077e-01 -1.8435158531e+00
225 222 201
2 8 1383 -958.9200 475.6200 10 1267 -653.5200 584.7200
-3.8139845697e-01 2.3804557263e-01 -1.8684556527e+00
101 70 67
2 8 1402 -805.6700 503.1100 10 1274 -520.3000 594.0701
3.4508134502e-01 2.6393588509e-01 -2.0491046773e+00
56 57 49
2 8 1407 664.6500 508.7900 10 834 947.7500 432.9100
1.5266768694e-01 2.6210242827e-01 -1.9965510107e+00
56 62 46
2 8 1416 301.8199 517.8101 10 1197 522.8300 491.8900
-2.1765748781e-02 2.5694047250e-01 -1.9540631811e+00
49 49 37
2 8 1425 -43.9900 519.4299 10 1235 162.3700 532.3500
1.2289984845e-01 2.6518100331e-01 -1.9884966075e+00
31 33 23
2 8 1434 243.9399 526.3101 10 865 460.5900 507.2900
-3.8005671991e-01 2.4934386335e-01 -1.8680463225e+00
184 179 173
2 8 1435 -803.0000 526.8900 10 1284 -515.2500 615.8400
-3.8488645591e-01 2.5261902879e-01 -1.8646185358e+00
162 88 148
2 8 1437 -814.6800 534.4399 10 1709 -525.5700 624.5300
-3.8095001643e-01 2.5369439629e-01 -1.8671772515e+00
170 157 160
2 8 1447 -805.2800 536.6600 10 1708 -516.2900 624.2800
6.4633965427e-02 2.8751916082e-01 -1.9962162446e+00
45 42 29
2 8 1475 127.7800 568.7000 10 1252 367.7300 562.9399
3.6569187859e-02 2.8959532552e-01 -1.9768772671e+00
103 103 93
2 8 1480 73.0100 578.2000 10 1263 299.8101 579.6300
-3.4529422246e-01 2.7543956991e-01 -1.8821203762e+00
246 229 194
2 8 1481 -724.1000 577.7300 10 1727 -437.9100 655.0000
1.9444712206e-01 3.3612565599e-01 -2.0082728716e+00
32 35 24
2 8 1532 382.1600 660.3500 10 1297 641.0500 634.1100
-3.4120395985e-01 3.1574151749e-01 -1.8792074259e+00
220 182 160
2 8 1536 -716.6100 662.8199 10 1334 -422.3400 733.7100
-3.4120395985e-01 3.1574151749e-01 -1.8792074259e+00
220 182 160
2 8 1537 -716.6100 662.8199 10 1335 -422.3400 733.7100
2.3199247094e-01 3.4386085024e-01 -2.0157600874e+00
23 24 18
2 8 1547 454.2600 672.9301 10 947 724.0699 640.5300
-2.2200035363e-01 3.4068989435e-01 -1.9515463761e+00
239 238 216
2 8 1552 -448.9700 688.7900 10 1337 -146.8400 735.7800
2.4452126275e-01 -1.9826462886e-01 -2.0166903491e+00
244 234 202
2 8 1590 478.4900 -387.5400 10 996 543.8600 -498.6600
-2.9570488773e-01 -5.9362880986e-02 -1.9178752646e+00
212 167 77
2 8 1632 -608.6000 -121.6000 10 1906 -426.6400 -3.8700
-1.7679675620e-01 -3.8189762908e-02 -1.9259018000e+00
111 100 71
2 8 1650 -362.3400 -78.0700 10 1905 -226.9100 -3.7700
-2.3910655379e-01 -1.0096624867e-02 -1.9121722389e+00
37 24 6
2 8 1669 -493.5800 -20.3600 10 1457 -331.3200 72.1300
4.0958710009e-01 8.8335937193e-02 -2.0093174108e+00
124 131 143
2 8 1709 804.4900 174.1300 10 1440 986.8101 38.8200
3.2182176400e-01 1.4288802412e-01 -1.9800331726e+00
223 237 168
2 8 1733 641.4900 284.9299 10 1091 801.0100 194.2900
3.1606030571e-01 1.4637673621e-01 -1.9805858157e+00
125 171 144
2 8 1734 629.8300 291.8000 10 1093 790.8101 203.6900
2.5351607447e-01 1.5227276072e-01 -1.9693743331e+00
161 214 113
2 8 1741 508.0699 305.2700 10 1105 655.9500 238.5400
2.8188015094e-01 1.5540684428e-01 -1.9781407527e+00
68 119 49
2 8 1747 562.4100 310.1899 10 1499 721.9200 234.6800
3.0383032169e-01 1.5658662754e-01 -1.9836917223e+00
91 151 78
2 8 1750 604.4900 311.9200 10 1494 771.8800 229.0000
2.6513471335e-01 1.5664566877e-01 -1.9748053436e+00
95 150 65
2 8 1752 529.8900 313.2200 10 1109 685.6100 243.2200
3.1399709415e-01 1.6364613025e-01 -1.9903976184e+00
143 215 111
2 8 1757 622.6300 324.6600 10 1107 800.9200 239.9800
2.8478711963e-01 1.6699032519e-01 -1.9856858949e+00
76 147 45
2 8 1759 566.0601 331.9200 10 2033 738.4100 257.3800
2.9517365067e-01 1.6920438331e-01 -1.9892468710e+00
117 191 90
2 8 1760 585.6500 335.7800 10 1507 763.3600 258.1800
2.2966142839e-01 1.6935029658e-01 -1.9736580307e+00
194 204 164
2 8 1764 459.2800 338.5400 10 1528 618.3300 281.7500
2.3090955894e-01 1.7303553106e-01 -1.9758163330e+00
173 193 144
2 8 1766 461.2500 345.8201 10 1534 624.0200 288.5200
2.3019463605e-01 1.7787891559e-01 -1.9778073483e+00
12 20 7
2 8 1774 459.3700 354.9900 10 1133 626.1300 298.7700
2.5323526612e-01 1.8076503785e-01 -1.9850799975e+00
82 127 56
2 8 1779 503.5000 359.4000 10 1539 679.3101 296.6000
2.8230400311e-01 1.8195061325e-01 -1.9928498975e+00
134 195 100
2 8 1780 559.0900 360.5900 10 1533 744.8199 288.6200
2.9870675054e-01 1.8261845068e-01 -1.9972545995e+00
232 240 193
2 8 1781 590.2700 361.1300 10 1121 782.0800 284.1899
2.9546101219e-01 1.8469397113e-01 -1.9972346205e+00
241 245 212
2 8 1786 583.8800 364.9900 10 1127 776.2300 289.8600
3.1357394501e-01 1.9644404668e-01 -2.0079562716e+00
83 129 70
2 8 1796 616.3500 386.3500 10 1136 826.2800 307.2400
2.6359373098e-01 2.0089686350e-01 -1.9993377427e+00
187 105 76
2 8 1798 520.3600 396.5500 10 1147 719.3700 333.3900
2.7651080933e-01 2.0130516888e-01 -2.0011273041e+00
137 128 129
2 8 1800 545.3500 397.3000 10 2104 747.0500 329.9200
2.7651080933e-01 2.0130516888e-01 -2.0011273041e+00
137 128 129
2 8 1801 545.3500 397.3000 10 2105 747.0500 329.9200
-3.5252597332e-01 1.9650918062e-01 -1.8543813642e+00
135 131 152
2 8 1808 -750.3100 418.1400 10 2191 -507.4200 513.2500
8.7766238039e-02 2.5366308748e-01 -1.9781950929e+00
146 146 134
2 8 1856 175.1000 506.2700 10 1619 381.6000 494.3800
3.2757313539e-02 2.5772713479e-01 -1.9858009267e+00
106 107 93
2 8 1861 65.0400 513.3500 10 2185 289.8800 511.5900
8.4245151356e-02 2.6114241099e-01 -1.9802142079e+00
47 49 39
2 8 1869 167.9000 520.7200 10 1638 379.6500 509.9100
-3.8073579421e-01 2.4637832706e-01 -1.8675716320e+00
240 236 237
2 8 1871 -804.6400 520.7700 10 1698 -517.7700 610.4200
-3.8780464362e-01 2.4897473922e-01 -1.8641157851e+00
167 93 148
2 8 1881 -821.1000 527.2600 10 2294 -531.6800 617.8000
1.4260507922e-01 2.6816877558e-01 -1.9946368612e+00
177 181 168
2 8 1884 282.1801 530.6100 10 1212 504.2800 507.1300
-3.8861447195e-01 2.5170579882e-01 -1.8632622964e+00
172 83 146
2 8 1891 -823.1900 533.2600 10 1706 -533.0700 623.5000
-3.8921128453e-01 2.5392302635e-01 -1.8626447440e+00
167 80 147
2 8 1897 -824.7300 538.1799 10 1711 -534.0200 628.0200
-3.9003558304e-01 2.5624166906e-01 -1.8620446833e+00
165 76 141
2 8 1906 -826.7300 543.0300 10 1715 -535.2400 633.0800
-3.9888194116e-01 2.6280471721e-01 -1.8578304182e+00
221 199 181
2 8 1918 -847.4100 558.4100 10 1723 -551.4800 648.4399
-1.4302153154e-01 2.7490422797e-01 -1.9356124077e+00
61 62 87
2 8 1923 -291.6400 560.6899 10 1275 -57.3100 599.0500
-3.9521242161e-01 2.7190185728e-01 -1.8589678952e+00
172 77 142
2 8 1931 -839.0800 576.9900 10 1739 -541.7800 665.3101
-2.1501115135e-01 2.9792693996e-01 -1.9406134842e+00
160 138 116
2 8 1949 -437.3100 606.2200 10 2335 -161.4800 655.2700
-3.5102224636e-01 2.9810681170e-01 -1.8765599085e+00
244 228 190
2 8 1972 -738.2800 626.8600 10 1758 -446.0100 701.9500
-1.9056291549e-01 3.1369029137e-01 -1.9544118338e+00
209 180 103
2 8 1977 -384.8400 633.5800 10 1749 -102.2200 677.0000
-3.4104822159e-01 3.0485294887e-01 -1.8798977390e+00
249 175 149
2 8 1983 -716.0200 639.7300 10 2399 -424.7500 712.3500
-3.0464154864e-01 3.1631767921e-01 -1.9299677396e+00
248 250 239
2 8 1993 -623.0100 646.9800 10 1763 -307.6000 709.3800
-3.5537460285e-01 3.1800133193e-01 -1.8752931201e+00
255 255 252
2 8 2021 -747.9300 668.9500 10 1788 -447.7900 741.7300
-2.2272332846e-01 3.3824523218e-01 -1.9501911292e+00
71 70 72
2 8 2029 -450.7400 684.2100 10 1778 -150.2400 731.8000
-8.8744249662e-02 -2.7024149486e-01 -1.9069894467e+00
204 165 82
2 8 2082 -183.4400 -561.0200 10 1380 -182.6900 -492.4500
3.0327809980e-01 -2.7445834596e-01 -2.0097689327e+00
119 71 2
2 8 2091 595.6801 -539.6200 10 1819 623.7100 -688.5400
2.4535791921e-01 -2.4994586787e-01 -2.0029677609e+00
154 102 4
2 8 2104 483.5300 -492.8800 10 2533 514.4700 -607.2900
-2.9012123696e-01 -8.5178302724e-02 -1.9154096474e+00
143 113 34
2 8 2166 -597.8400 -175.3300 10 1879 -429.2300 -53.9200
-2.7849058170e-01 -8.1463449477e-02 -1.9192100678e+00
181 156 88
2 8 2171 -572.7200 -167.5100 10 2717 -406.0900 -50.9700
-4.1804168994e-01 -7.6798790587e-02 -1.8842654315e+00
175 127 16
2 8 2176 -875.6100 -161.2500 10 2790 -650.8900 7.4900
-3.5297008362e-01 -6.4096160834e-02 -1.9049974462e+00
221 178 41
2 8 2204 -731.3100 -132.7100 10 2787 -528.0700 7.7000
-3.5297008362e-01 -6.4096160834e-02 -1.9049974462e+00
221 178 41
2 8 2205 -731.3100 -132.7100 10 2788 -528.0700 7.7000
-1.7258756292e-01 -5.9716140794e-02 -1.9313184326e+00
87 77 52
2 8 2211 -352.7300 -121.7700 10 2719 -221.2200 -47.3900
-1.7258756292e-01 -5.9716140794e-02 -1.9313184326e+00
87 77 52
2 8 2212 -352.7300 -121.7700 10 2720 -221.2200 -47.3900
-1.7761716412e-01 -3.2801471143e-02 -1.9245877777e+00
107 101 82
2 8 2247 -364.2900 -66.8700 10 2784 -227.9400 6.8600
-1.7761716412e-01 -3.2801471143e-02 -1.9245877777e+00
107 101 82
2 8 2248 -364.2900 -66.8700 10 2785 -227.9400 6.8600
-1.8400359694e-01 -1.2924906160e-02 -1.9186585693e+00
101 89 63
2 8 2274 -378.5200 -26.5200 10 2843 -238.2200 48.5100
-2.0478544074e-01 2.8598543674e-02 -1.9064406374e+00
131 117 87
2 8 2310 -423.9900 59.5000 10 2918 -271.5000 137.2100
-2.0478544074e-01 2.8598543674e-02 -1.9064406374e+00
131 117 87
2 8 2311 -423.9900 59.5000 10 2919 -271.5000 137.2100
3.2550764800e-01 1.3991343669e-01 -1.9808812379e+00
244 238 209
2 8 2402 648.5400 279.1200 10 1479 808.1600 186.2000
3.0091886772e-01 1.5259196723e-01 -1.9809748080e+00
97 153 101
2 8 2408 599.5400 304.1100 10 1490 762.1801 222.0300
2.7717129453e-01 1.5211340817e-01 -1.9748893154e+00
146 214 111
2 8 2409 553.9399 303.9299 10 1495 708.4100 229.8500
2.8414270416e-01 1.5559461174e-01 -1.9789846138e+00
139 205 113
2 8 2414 566.7000 310.2100 10 2010 727.3101 234.4100
3.1612807625e-01 1.5933898975e-01 -1.9881642099e+00
195 229 153
2 8 2423 627.5601 316.4700 10 1496 801.9301 230.4000
2.6068748237e-01 1.5894004851e-01 -1.9751475889e+00
124 90 38
2 8 2427 520.9301 317.5100 10 1504 677.7900 249.6900
2.7125797911e-01 1.6921031374e-01 -1.9835408547e+00
221 120 64
2 8 2437 539.7500 336.7200 10 2046 710.0000 266.7200
2.9272366667e-01 1.7028501874e-01 -1.9892778239e+00
71 145 49
2 8 2439 580.7700 338.0500 10 1509 758.7700 261.1400
3.0326042131e-01 1.7283842577e-01 -1.9927610124e+00
78 136 65
2 8 2444 600.6200 342.5701 10 1513 784.1500 262.6600
2.8236985218e-01 1.7941836322e-01 -1.9915044016e+00
60 106 39
2 8 2458 559.6000 355.7900 10 1529 742.9100 283.4700
2.5491146838e-01 1.8316605004e-01 -1.9880529375e+00
128 188 102
2 8 2465 506.0601 363.8300 10 3134 686.0000 300.3900
3.0288849198e-01 2.0425797815e-01 -2.0103688459e+00
111 159 71
2 8 2487 594.6200 401.4000 10 2098 809.1300 326.4200
-4.3013981867e-01 2.3526817956e-01 -1.8562935707e+00
120 124 154
2 8 2538 -914.5600 500.1000 10 2277 -607.7400 602.1000
-3.9046289215e-01 2.3732801327e-01 -1.8656937700e+00
244 212 161
2 8 2545 -826.0300 502.1899 10 2270 -537.3300 595.4299
-3.7414998729e-01 2.4188055234e-01 -1.8730360480e+00
157 133 131
2 8 2553 -788.4000 509.5100 10 2276 -502.7200 599.0701
-3.8230139985e-01 2.5056601217e-01 -1.8664095689e+00
213 198 205
2 8 2587 -808.4600 530.1000 10 2295 -520.2100 618.9600
1.8948061042e-01 2.7353878626e-01 -2.0075270155e+00
167 166 152
2 8 2607 372.5200 537.8800 10 2175 607.1100 503.5601
-3.8478592563e-01 2.5875209604e-01 -1.8641713134e+00
251 232 246
2 8 2636 -814.6800 547.8700 10 3620 -524.0600 636.0900
-3.8104826617e-01 2.6044890670e-01 -1.8659066197e+00
254 238 233
2 8 2642 -806.0200 551.0200 10 2321 -515.8500 638.0200
-3.3116779667e-01 2.6506587870e-01 -1.8890926914e+00
246 233 207
2 8 2646 -691.9300 554.2300 10 2308 -411.5300 629.8101
-3.8115507022e-01 2.6234536779e-01 -1.8661325592e+00
165 96 128
2 8 2647 -806.1400 554.8101 10 2330 -515.1300 641.7700
-1.5005042121e-01 2.7436124015e-01 -1.9378219103e+00
182 184 196
2 8 2650 -305.6300 559.0601 10 2274 -66.7800 598.4299
-3.3400043742e-01 2.6925191512e-01 -1.8872516274e+00
231 125 105
2 8 2659 -698.5300 563.5500 10 2322 -416.6800 638.9800
-3.3400043742e-01 2.6925191512e-01 -1.8872516274e+00
231 125 105
2 8 2660 -698.5300 563.5500 10 2323 -416.6800 638.9800
-3.5390905317e-01 2.8338467676e-01 -1.8800157356e+00
194 137 131
2 8 2712 -743.0000 595.1300 10 3711 -450.9200 672.4100
-1.9205379449e-01 3.0433897414e-01 -1.9486063488e+00
255 252 242
2 8 2738 -389.0000 616.4000 10 2343 -113.8800 661.2900
-2.1715812013e-01 3.0542930565e-01 -1.9439270706e+00
148 126 78
2 8 2745 -440.9300 620.5500 10 3694 -158.8700 668.8700
-3.3507874632e-01 2.9709759033e-01 -1.8846719420e+00
243 164 144
2 8 2747 -701.7200 622.1801 10 2383 -412.4900 694.2900
-1.6039386063e-01 3.0989119101e-01 -1.9511365729e+00
214 212 211
2 8 2751 -324.4600 626.9900 10 2345 -57.8300 665.6899
-1.9579004426e-01 3.1111462893e-01 -1.9515441373e+00
252 249 237
2 8 2754 -395.9800 629.3600 10 2366 -114.5500 673.8500
-8.8558065623e-02 3.1585129335e-01 -1.9715866715e+00
183 179 184
2 8 2757 -177.2900 632.4500 10 2338 84.9700 657.5699
-8.8558065623e-02 3.1585129335e-01 -1.9715866715e+00
183 179 184
2 8 2758 -177.2900 632.4500 10 2339 84.9700 657.5699
-3.3281734459e-01 3.0965316646e-01 -1.9055822262e+00
197 157 44
2 8 2773 -689.3400 641.4399 10 3786 -380.5800 710.1600
-3.9986733591e-01 3.0332998760e-01 -1.8545979572e+00
223 170 134
2 8 2783 -850.9600 645.1300 10 3843 -544.2100 728.2100
-4.0993396755e-01 3.0240480447e-01 -1.8503761613e+00
255 245 219
2 8 2784 -874.3800 644.7600 10 2431 -564.6300 729.4301
-4.0993396755e-01 3.0240480447e-01 -1.8503761613e+00
255 245 219
2 8 2785 -874.3800 644.7600 10 2429 -564.6300 729.4301
-4.1625688872e-01 3.0556939061e-01 -1.8488290523e+00
238 209 157
2 8 2797 -888.6200 652.2700 10 3858 -574.9000 736.8199
-8.5132691584e-02 3.2846755703e-01 -1.9828714462e+00
218 218 211
2 8 2800 -169.4600 653.9100 10 2369 106.2900 677.8300
-8.5132691584e-02 3.2846755703e-01 -1.9828714462e+00
218 218 211
2 8 2801 -169.4600 653.9100 10 2370 106.2900 677.8300
1.9532874641e-01 3.3356234189e-01 -2.0091840607e+00
162 156 142
2 8 2803 383.7200 654.9900 10 1712 642.5400 628.2200
1.9532874641e-01 3.3356234189e-01 -2.0091840607e+00
162 156 142
2 8 2804 383.7200 654.9900 10 1713 642.5400 628.2200
1.7939434422e-01 3.3376758372e-01 -2.0057013172e+00
33 35 15
2 8 2808 353.0200 656.7300 10 2314 608.7300 632.8400
-3.9868402566e-01 3.1118092698e-01 -1.8540532261e+00
245 198 161
2 8 2817 -848.6900 662.0000 10 3881 -540.6600 743.4000
7.8615350412e-02 3.3844698373e-01 -1.9834015898e+00
209 212 197
2 8 2835 156.4500 673.3000 10 2358 400.2800 669.8101
6.6319530315e-02 3.3884538040e-01 -1.9809018310e+00
234 237 205
2 8 2845 132.1500 674.9100 10 2364 375.4800 673.8101
-7.2118673469e-02 -3.5402842719e-01 -1.8948728487e+00
188 150 66
2 8 2899 -149.9200 -739.4000 10 2501 -197.3600 -668.4500
-1.3131810212e-01 -3.0760590006e-01 -1.8938063341e+00
186 146 46
2 8 2982 -273.4400 -642.7700 10 2557 -279.5200 -547.0900
-7.9776727581e-02 -2.9337799261e-01 -1.9103953249e+00
107 86 31
2 8 3003 -164.6500 -607.3199 10 2561 -171.9700 -542.5200
-2.8134902982e-01 -2.5034567016e-01 -1.8723330806e+00
168 131 54
2 8 3058 -592.8800 -529.2800 10 2625 -519.8100 -369.4800
-1.4910297216e-01 -8.3713045418e-02 -1.9524381662e+00
87 85 70
2 8 3295 -301.4200 -169.1600 10 2692 -168.3300 -103.0100
-2.8297193777e-01 -8.1079149441e-02 -1.9174058487e+00
148 123 68
2 8 3297 -582.4800 -166.9100 10 2718 -414.8300 -48.5500
-3.0987932691e-01 -8.0113198487e-02 -1.9109019748e+00
195 133 9
2 8 3304 -640.0700 -165.1800 10 2734 -462.5000 -37.4100
-3.0987932691e-01 -8.0113198487e-02 -1.9109019748e+00
195 133 9
2 8 3305 -640.0700 -165.1800 10 2735 -462.5000 -37.4100
-2.7613729369e-01 -7.8740607116e-02 -1.9201374988e+00
198 156 49
2 8 3310 -567.6200 -161.7000 10 2722 -400.6100 -46.8300
-3.3004217614e-01 -7.2266156999e-02 -1.9088077994e+00
204 152 16
2 8 3334 -682.4500 -149.2600 10 1897 -492.4000 -15.5700
2.1287517802e-01 -7.7408122554e-02 -2.0441577326e+00
104 61 2
2 8 3336 410.9399 -148.7400 10 2678 551.4600 -234.6700
-2.5128817661e-01 -7.1004670921e-02 -1.9243708721e+00
166 127 44
2 8 3339 -515.3900 -145.6300 10 2728 -355.4700 -40.8400
-2.1477823226e-01 -1.9799604647e-02 -1.9172394739e+00
113 106 78
2 8 3498 -442.1800 -40.4200 10 2836 -290.7100 45.1700
-2.3013075593e-01 -1.6336804637e-02 -1.9142066544e+00
106 99 71
2 8 3504 -474.5300 -33.4000 10 2854 -317.0300 57.2200
-2.1553033076e-01 1.8866113966e-02 -1.9123922085e+00
78 70 34
2 8 3580 -444.9200 40.0300 10 2903 -284.9200 119.9500
-2.2706031113e-01 2.1663154915e-02 -1.9057076950e+00
75 69 41
2 8 3587 -470.3000 45.3100 10 2912 -309.7200 130.5100
-3.7693671492e-01 2.8290783310e-02 -1.9227771222e+00
191 139 20
2 8 3600 -773.7700 58.4700 10 2947 -513.3700 184.5500
-2.9500592906e-01 4.5784233313e-02 -1.9174113669e+00
208 204 192
2 8 3623 -607.2800 94.5800 10 2956 -393.0100 195.1800
4.1407792071e-01 6.2505154024e-02 -2.0072157755e+00
117 118 104
2 8 3645 814.1500 123.6300 10 2754 984.4800 -19.7500
4.0243237112e-01 8.9698822489e-02 -2.0089270922e+00
124 129 138
2 8 3693 790.5900 176.8400 10 2834 971.6400 44.5500
3.9452782842e-01 9.0736047539e-02 -2.0082103763e+00
115 123 132
2 8 3697 775.3300 179.0200 10 2845 954.5500 49.7900
3.9452782842e-01 9.0736047539e-02 -2.0082103763e+00
115 123 132
2 8 3698 775.3300 179.0200 10 2846 954.5500 49.7900
3.0067177402e-01 1.4936012967e-01 -1.9790017323e+00
128 175 132
2 8 3822 599.6400 298.0300 10 2982 758.8400 215.4100
2.7903440703e-01 1.5147185472e-01 -1.9751998946e+00
84 153 56
2 8 3832 557.5601 302.8000 10 3004 712.2000 227.6300
2.7039410052e-01 1.5266401272e-01 -1.9737683038e+00
84 154 58
2 8 3841 540.6801 305.4900 10 2006 693.8900 233.1300
2.9747556668e-01 1.5661701844e-01 -1.9823807003e+00
206 191 109
2 8 3856 592.2600 311.9000 10 3011 757.7700 231.5900
2.3313158185e-01 1.5591991285e-01 -1.9669443276e+00
69 109 59
2 8 3857 467.8101 312.7600 10 2027 614.4301 253.3500
2.1367551834e-01 1.5805763629e-01 -1.9634593080e+00
112 159 111
2 8 3868 429.5100 317.8800 10 2042 573.6100 264.3100
2.5041916979e-01 1.6668621362e-01 -1.9770627008e+00
253 185 120
2 8 3892 499.9200 332.7500 10 2047 661.6500 269.0000
2.3108376810e-01 1.6785307929e-01 -1.9731522906e+00
79 104 60
2 8 3895 462.2400 335.6700 10 2060 620.1600 278.2000
2.2988349947e-01 1.7470882836e-01 -1.9764342762e+00
51 78 33
2 8 3921 459.0601 349.0100 10 3120 623.1400 292.3000
2.5476282810e-01 1.8125228559e-01 -1.9862477808e+00
94 153 66
2 8 3929 506.2200 360.4200 10 3126 683.5000 296.6899
2.5373769430e-01 2.0496942153e-01 -1.9992503974e+00
85 102 116
2 8 3997 500.9200 404.6799 10 2112 701.0500 344.7900
2.5311058773e-01 2.0714919802e-01 -1.9981638050e+00
126 155 165
2 8 4001 499.9500 409.2600 10 1565 699.7700 349.8400
1.7512739681e-01 2.5741131005e-01 -1.9993755430e+00
49 50 45
2 8 4097 345.7100 508.1500 10 2157 566.5200 475.7000
-3.9206697956e-01 2.4559252508e-01 -1.8632183235e+00
210 144 111
2 8 4146 -830.5200 520.2700 10 3578 -540.1500 612.4700
-3.9206697956e-01 2.4559252508e-01 -1.8632183235e+00
210 144 111
2 8 4147 -830.5200 520.2700 10 3579 -540.1500 612.4700
1.8313233157e-01 2.7218113980e-01 -2.0068117624e+00
69 68 54
2 8 4184 360.1801 535.1899 10 3348 593.7200 502.5800
1.8603933930e-01 2.7522544545e-01 -2.0073224577e+00
93 92 82
2 8 4206 365.8000 541.1100 10 3356 600.9100 508.0701
1.8103308782e-01 2.7514137139e-01 -2.0062317403e+00
96 93 79
2 8 4209 356.1500 541.2400 10 2183 590.2900 509.3700
-3.8015901657e-01 2.5733222584e-01 -1.8665853429e+00
219 198 187
2 8 4217 -803.8500 544.2900 10 3609 -514.6800 631.5800
4.7708932783e-03 2.7307575624e-01 -1.9657508419e+00
50 52 49
2 8 4231 9.5800 548.2700 10 3466 226.4000 556.2200
-3.9478183655e-01 2.6029574218e-01 -1.8600068594e+00
195 140 96
2 8 4248 -837.7100 552.2800 10 3632 -543.5100 642.3300
-3.9478183655e-01 2.6029574218e-01 -1.8600068594e+00
195 140 96
2 8 4249 -837.7100 552.2800 10 3633 -543.5100 642.3300
-3.9478183655e-01 2.6029574218e-01 -1.8600068594e+00
195 140 96
2 8 4250 -837.7100 552.2800 10 3634 -543.5100 642.3300
-3.8032633460e-01 2.6420498642e-01 -1.8663282693e+00
236 177 175
2 8 4263 -804.3000 558.6300 10 3636 -513.0700 645.1899
-3.3236335466e-01 2.6867815551e-01 -1.8879141831e+00
249 189 161
2 8 4267 -694.8500 561.9200 10 3622 -413.5800 637.6100
-3.3000906094e-01 2.7128067604e-01 -1.8905355852e+00
230 120 90
2 8 4281 -688.9600 566.3600 10 3629 -406.0700 641.5300
-3.3288704575e-01 2.7100426827e-01 -1.8876213291e+00
255 203 175
2 8 4282 -696.0500 566.8201 10 3631 -413.9800 642.3400
-1.7200705482e-01 2.9060846965e-01 -1.9362802675e+00
210 208 205
2 8 4352 -350.6300 592.6500 10 3617 -99.0600 635.0100
-1.7200705482e-01 2.9060846965e-01 -1.9362802675e+00
210 208 205
2 8 4353 -350.6300 592.6500 10 3618 -99.0600 635.0100
2.7569426482e-01 3.1786937552e-01 -2.0493456706e+00
129 124 96
2 8 4412 530.9500 612.4500 10 3486 826.8000 563.8400
-2.1597849541e-01 3.0293947194e-01 -1.9424990923e+00
140 115 46
2 8 4429 -438.8500 615.8000 10 3682 -159.3400 664.5100
-2.1014760556e-01 3.0750370409e-01 -1.9464738672e+00
252 226 123
2 8 4450 -426.1300 623.7900 10 3703 -144.2300 670.9600
-3.3972024073e-01 2.9779151244e-01 -1.8811032236e+00
255 215 193
2 8 4456 -712.7900 624.8199 10 3760 -423.5600 697.7000
-4.0294381621e-01 2.9969068551e-01 -1.8544733147e+00
214 168 142
2 8 4500 -857.5600 637.3300 10 3820 -550.0600 721.8300
-2.5591524863e-01 3.3161739768e-01 -1.9508616603e+00
159 158 139
2 8 4588 -517.7500 670.8500 10 3825 -204.0900 723.4800
7.5301652866e-02 3.3867306300e-01 -1.9825937503e+00
223 223 212
2 8 4595 149.9200 673.9600 10 3701 393.5100 671.2400
6.9850509583e-02 3.3909712869e-01 -1.9816321957e+00
62 69 61
2 8 4597 139.1400 675.0400 10 3712 382.7400 673.5400
6.9850509583e-02 3.3909712869e-01 -1.9816321957e+00
62 69 61
2 8 4598 139.1400 675.0400 10 3713 382.7400 673.5400
7.5645270185e-02 3.4159365705e-01 -1.9817622057e+00
101 102 84
2 8 4608 150.6700 680.0000 10 3726 394.4600 677.5900
7.0977741673e-02 3.4175642606e-01 -1.9811814224e+00
99 101 90
2 8 4610 141.4100 680.6400 10 2371 385.3700 678.8600
