# Bundle file v0.3
14 376
0 0 0
0 0 0
0 0 0
0 0 0
0 0 0
0 0 0
0 0 0
0 0 0
0 0 0
0 0 0
2.2818765133e+03 7.5995120567e-01 1.1674633738e-01
9.9280247109e-01 -1.1561521083e-01 3.1247022623e-02
1.1750855367e-01 9.9076080842e-01 -6.7710858099e-02
-2.3129920260e-02 7.0895299675e-02 9.9721555507e-01
3.0193428971e-03 -1.5962036720e-01 6.7363657734e-01
0 0 0
0 0 0
0 0 0
0 0 0
0 0 0
0 0 0
0 0 0
0 0 0
0 0 0
0 0 0
0 0 0
0 0 0
0 0 0
0 0 0
0 0 0
0 0 0
0 0 0
0 0 0
0 0 0
0 0 0
0 0 0
0 0 0
0 0 0
0 0 0
0 0 0
2.3906040523e+03 5.8418152439e-01 2.5753725184e-01
9.7328210100e-01 1.1105808203e-02 -2.2934387477e-01
-1.7070699783e-02 9.9956521930e-01 -2.4040872875e-02
2.2897716716e-01 2.7313611695e-02 9.7304852065e-01
-4.6446138067e-01 -3.8611706724e-02 5.7284296324e-01
0 0 0
0 0 0
0 0 0
0 0 0
0 0 0
2.3991118662e+03 6.3676362068e-01 -8.3158434964e-02
8.5373703047e-01 1.8536114693e-01 -4.8659462391e-01
-1.8911826274e-01 9.8105955745e-01 4.1909753484e-02
4.8514674637e-01 5.6244021447e-02 8.7262205137e-01
-9.0646885183e-01 9.7509944626e-02 3.7662148950e-01
0 0 0
0 0 0
0 0 0
0 0 0
0 0 0
0 0 0
0 0 0
0 0 0
0 0 0
0 0 0
2.2439589438e+03 5.9977922359e-01 2.9625276604e-01
6.7214132628e-01 3.2272656353e-01 -6.6638847731e-01
-3.3346154743e-01 9.3551048173e-01 1.1671989959e-01
6.6108201752e-01 1.4376266471e-01 7.3641215521e-01
-1.2051850674e+00 2.4609700016e-01 2.2940327315e-01
-6.4530904567e-02 -2.9902377129e-01 -1.8767793065e+00
27 29 7
2 8 112 -194.0800 -565.3900 10 134 -195.6300 -494.0300
-3.3601879513e-01 2.7046274059e-01 -1.8812454869e+00
169 102 81
4 8 261 -689.1800 546.6799 10 215 -407.7400 623.2500 2 249 -915.9800 425.9500 13 322 -159.6200 692.9301
2.2171948138e-01 -1.2394174566e-01 -2.1071365847e+00
85 50 0
2 8 2161 397.5100 -197.2500 10 1389 520.5200 -281.5300
2.9299630916e-01 -2.1932883096e-01 -2.0627306996e+00
239 236 225
2 8 15 528.3000 -386.5200 10 10 603.3500 -510.7100
-1.9266745954e-01 -1.3812948564e-01 -1.9754113356e+00
230 181 54
2 8 160 -348.7800 -219.6300 10 105 -225.8400 -140.2400
-3.2805818269e-01 -1.0393970378e-01 -1.9338843834e+00
246 242 227
3 8 297 -611.3700 -162.4500 10 240 -439.0700 -39.1200 13 270 -270.6500 52.4000
3.2344734264e-01 -2.2027027241e-01 -2.0549337427e+00
199 139 29
2 8 153 588.8101 -395.4600 10 102 662.8600 -537.1600
-3.2198738210e-01 -1.0960566383e-01 -1.9421602374e+00
136 102 38
3 8 296 -593.5100 -170.7000 10 238 -424.2300 -50.3400 13 268 -257.3800 38.1700
-2.5119009378e-01 -1.1770613832e-01 -1.9662910962e+00
222 172 49
2 8 385 -452.8600 -183.0000 10 321 -307.3100 -87.2600
2.2825603316e-01 3.2085915942e-01 -2.1132507317e+00
195 189 164
3 8 450 435.7000 583.1300 10 279 725.5699 541.2600 2 347 212.5300 551.7700
2.3387850215e-01 3.3226112180e-01 -2.1075970228e+00
188 182 148
3 8 455 446.6400 606.9800 10 286 741.1000 567.0400 2 354 222.0800 576.8201
-5.1725531720e-02 3.5743764375e-01 -1.9593140640e+00
61 63 50
2 8 370 -115.1900 687.4200 10 305 130.0601 707.9800
2.8032032578e-01 -2.8126842347e-01 -2.0131132097e+00
169 111 13
2 8 282 504.2100 -520.9200 10 225 528.3300 -641.9000
2.3977740728e-01 3.1885829332e-01 -2.1069504074e+00
192 185 167
3 8 611 454.4900 583.3600 10 363 746.3199 538.9500 2 465 234.9301 553.4700
3.3811755175e-01 3.1299259604e-01 -2.0490739914e+00
210 205 175
3 8 352 650.0601 610.6200 10 280 942.8500 547.8000 2 475 429.4100 594.7500
-2.5520262884e-01 8.7176886546e-02 -1.8864040319e+00
57 51 39
2 8 738 -521.4500 183.8100 10 608 -335.2700 267.7900
-3.3669297593e-01 1.9375914747e-01 -1.8090304271e+00
85 56 74
2 8 562 -762.4400 416.4000 10 491 -517.9900 512.3000
1.9170217548e-02 2.9701125041e-01 -1.9908460439e+00
67 67 59
2 8 599 25.6500 557.7500 10 505 249.5699 563.1500
2.3669340151e-01 3.2423248018e-01 -2.1063487600e+00
34 38 24
3 8 614 450.8900 592.8201 10 503 741.8600 550.6400 2 623 228.2000 563.1100
-3.3013902855e-01 -1.0984157963e-01 -1.9405734151e+00
249 246 232
3 8 916 -607.5100 -171.0900 10 1023 -437.4800 -48.2200 2 663 -730.3800 -344.2800
-3.2282208773e-01 -1.0140159042e-01 -1.9382949258e+00
241 241 223
3 8 919 -598.4200 -157.2300 10 1031 -425.8500 -36.8700 13 814 -259.4200 52.5000
-3.2282208773e-01 -1.0140159042e-01 -1.9382949258e+00
241 241 223
3 8 920 -598.4200 -157.2300 10 1032 -425.8500 -36.8700 13 815 -259.4200 52.5000
-3.1465475654e-01 -1.0123561904e-01 -1.9493871432e+00
36 38 8
3 8 922 -574.0800 -155.0900 10 744 -404.1200 -39.6400 13 811 -237.5100 45.9100
-1.9775761738e-01 -1.1789685465e-01 -1.9708363616e+00
61 48 32
3 8 915 -360.0000 -184.2100 10 735 -230.5500 -105.5100 2 675 -441.4200 -304.7200
-2.0359833782e-01 -1.0949101108e-01 -1.9648059299e+00
125 86 57
3 8 678 -373.6500 -170.0500 10 737 -241.5800 -89.4300 2 679 -456.1600 -293.7000
-2.0028756245e-01 -8.4222813972e-02 -1.9545188862e+00
53 42 22
3 8 931 -374.4300 -127.8800 10 1021 -239.3000 -48.7700 2 693 -457.8800 -249.0600
-1.8843191203e-01 -5.3178573911e-02 -1.9385504089e+00
98 88 62
3 8 702 -364.9600 -76.2100 10 751 -229.1900 -1.3700 2 706 -445.8900 -190.9800
-2.5737660092e-01 9.1653676979e-02 -1.8847871872e+00
203 201 191
2 8 968 -526.9200 192.6700 10 798 -338.8800 276.5100
-3.4066445052e-01 1.2263374824e-01 -1.9194008954e+00
30 27 22
3 8 757 -645.4300 247.8100 10 623 -409.3800 341.6500 2 749 -831.2000 106.0100
-3.3316994014e-01 2.7438339843e-01 -1.8815513667e+00
175 83 75
3 8 831 -683.8500 554.4600 10 688 -402.5500 629.4800 2 785 -910.5900 435.2700
-3.3398796459e-01 2.7930209385e-01 -1.8674351131e+00
248 111 70
4 8 840 -700.6700 571.1500 10 951 -417.9200 646.9301 2 789 -928.2500 452.2600 13 1032 -172.4200 717.6700
4.0247973616e-02 3.0143317730e-01 -1.9910089603e+00
35 38 27
3 8 836 62.6600 566.7000 10 919 287.6500 567.7400 2 831 -98.5300 513.6899
-1.8835338518e-01 -4.4612350354e-02 -1.9345735085e+00
100 84 55
3 8 1245 -367.3900 -61.6500 10 1049 -230.6100 12.6900 2 921 -448.8700 -175.2000
-3.4196582985e-01 2.8842530552e-01 -1.8571992081e+00
244 220 197
3 8 1489 -729.8100 595.2500 10 1743 -441.2400 671.7900 2 1017 -963.1000 476.3600
-3.4141328008e-01 2.9429353632e-01 -1.8537921696e+00
247 222 191
3 8 1495 -733.5500 609.5400 10 1753 -443.1700 685.3101 2 1054 -968.3700 491.5800
8.5059885486e-02 3.3564305970e-01 -2.0330421359e+00
49 53 39
3 8 1136 160.0400 622.7500 10 933 411.0601 613.9000 2 1093 -26.8900 574.4299
8.2799162662e-02 3.5083052531e-01 -1.9892077544e+00
180 175 147
3 8 1162 142.2700 671.7200 10 957 385.6100 669.7400 2 1107 -32.3300 619.2100
-3.5407737509e-01 -1.2359231944e-01 -1.9237951652e+00
233 178 60
3 8 1604 -666.3600 -198.7200 10 1875 -492.1000 -62.3900 2 1124 -792.8500 -388.3101
-3.1928706375e-01 -1.0860446130e-01 -1.9394400888e+00
145 107 46
3 8 1206 -591.3800 -169.5300 10 1408 -422.7200 -49.8000 13 1360 -257.9000 39.2300
-3.1928706375e-01 -1.0860446130e-01 -1.9394400888e+00
145 107 46
3 8 1207 -591.3800 -169.5300 10 1409 -422.7200 -49.8000 13 1361 -257.9000 39.2300
-3.4210615295e-01 -1.0163346635e-01 -1.9326858281e+00
198 151 65
2 8 1610 -637.1600 -157.6900 10 1419 -458.4400 -30.5700
-3.1620353653e-01 -9.8294007991e-02 -1.9488434036e+00
207 198 157
3 8 1613 -577.1800 -149.9400 10 1892 -405.6800 -34.3900 13 1786 -238.3100 51.2200
-2.8289970907e-01 -9.2287767999e-02 -1.9515986448e+00
224 204 136
2 8 1623 -517.3600 -139.4600 10 1891 -356.8100 -35.4400
-2.5667314269e-01 8.8299813436e-02 -1.8842662694e+00
58 58 46
2 8 1301 -526.0000 186.3400 10 1517 -339.4100 270.5900
-3.3791081543e-01 1.2389969219e-01 -1.9234588249e+00
136 130 103
3 8 1314 -636.5100 249.4000 10 1559 -400.8600 342.0100 2 1253 -822.4300 109.1200
4.4311890268e-02 3.0159901077e-01 -1.9903636062e+00
102 104 90
3 8 1474 69.5800 567.4000 10 1258 294.5601 568.7900 2 1356 -91.1100 514.3300
-3.1396928681e-01 -9.8374260063e-02 -1.9545335148e+00
175 145 86
2 8 2190 -568.4800 -149.8600 10 1418 -396.4800 -34.4000
-3.5141380720e-01 2.2534378832e-01 -1.8381189049e+00
238 244 251
2 8 2512 -761.7000 472.3900 10 2240 -494.0600 562.1000
-3.4236773619e-01 2.3081086884e-01 -1.8444155683e+00
180 201 216
2 8 2518 -737.2400 480.4100 10 3496 -471.5500 567.5300
-3.3107995830e-01 2.8068286531e-01 -1.8781805077e+00
170 88 84
3 8 2663 -684.0600 568.4900 10 1307 -401.8500 643.9200 2 1653 -911.7300 450.4500
-3.4531394864e-01 2.8130990959e-01 -1.8606909982e+00
245 219 196
3 8 2681 -731.1900 578.6300 10 3659 -443.6200 656.6801 2 1661 -964.6100 458.0000
-3.3601892077e-01 2.8853928625e-01 -1.8615217934e+00
255 174 149
3 8 2706 -713.2100 593.0900 10 3695 -427.1200 668.7500 2 1701 -943.4900 474.9100
-3.3601892077e-01 2.8853928625e-01 -1.8615217934e+00
255 174 149
3 8 2707 -713.2100 593.0900 10 3696 -427.1200 668.7500 2 1702 -943.4900 474.9100
-3.4045691002e-01 2.9856456316e-01 -1.8507119374e+00
252 221 190
3 8 2743 -735.7300 620.1100 10 2384 -444.6200 695.6300 2 1746 -971.4100 503.1000
-2.2156710779e-01 3.3805510977e-01 -1.9872487553e+00
252 249 237
2 8 2753 -395.9800 629.3600 10 2365 -114.5500 673.8500
-3.3774147998e-01 3.1703170106e-01 -1.8479562305e+00
255 237 214
2 8 2010 -736.5300 661.1200 10 2435 -439.8000 733.6000
2.1687907241e-01 3.3922302238e-01 -2.0185164625e+00
185 169 103
3 8 2000 403.5200 654.2900 10 1289 664.6500 625.3600 2 1835 212.4000 618.3101
7.6987031412e-02 3.5276309274e-01 -1.9892255095e+00
234 237 205
2 8 2844 132.1500 674.9100 10 2363 375.4800 673.8101
2.1855979061e-01 3.4356843651e-01 -2.0199456120e+00
103 105 89
4 8 2013 407.3600 663.5800 10 1716 669.7000 634.8600 2 1852 215.2900 627.0601 13 1241 952.1600 616.3300
-2.8402777900e-01 7.8687128269e-02 -1.8700326566e+00
227 231 219
2 8 2346 -588.8200 170.7400 10 3063 -397.1400 264.6700
-3.4422900806e-01 2.8019471038e-01 -1.8616122469e+00
175 99 91
3 8 4309 -727.9100 575.8600 10 3653 -441.1400 653.7500 2 2194 -960.2000 455.0500
-3.4381092683e-01 2.8277798030e-01 -1.8601159730e+00
179 98 78
3 8 2689 -729.1500 581.7800 10 3666 -441.7800 659.5800 2 2208 -961.9900 461.8600
-3.4381092683e-01 2.8277798030e-01 -1.8601159730e+00
179 98 78
3 8 2690 -729.1500 581.7800 10 3667 -441.7800 659.5800 2 2209 -961.9900 461.8600
-3.4252502050e-01 2.8962825070e-01 -1.8557090989e+00
201 101 93
3 8 2718 -733.0000 598.6799 10 3719 -443.4900 675.0601 2 2251 -966.6300 479.7300
8.2972627355e-02 3.4931623596e-01 -1.9902115968e+00
199 189 163
3 8 4578 142.8600 667.9399 10 2347 385.8300 665.8700 2 2395 -31.7000 616.0800
7.6909543304e-02 3.5033684694e-01 -1.9904309162e+00
196 188 169
4 8 2827 131.5699 669.3700 10 2353 374.1500 668.2100 2 2396 -42.6300 616.1799 13 1597 617.2200 681.1000
8.8373062494e-02 3.5040656306e-01 -1.9901542738e+00
46 48 36
3 8 2831 152.9000 671.2000 10 2351 396.4200 668.0100 2 2402 -21.9600 619.1700
8.8159519919e-02 3.5088578410e-01 -1.9921508115e+00
46 48 36
4 8 2832 152.9000 671.2000 10 2352 396.4200 668.0100 2 2403 -21.9600 619.1700 13 1594 641.4700 678.8500
9.0134658871e-02 3.5178344571e-01 -1.9920110508e+00
209 212 197
4 8 2836 156.4500 673.3000 10 2359 400.2800 669.8101 2 2404 -18.3400 621.2900 13 2147 646.3300 681.0200
8.5086570624e-02 3.5325996301e-01 -1.9908465460e+00
54 56 51
4 8 2026 146.9600 676.2100 10 1744 390.7000 673.5800 2 2410 -28.0600 624.1600 13 1607 636.6801 686.1300
1.5079303139e-01 2.7789897557e-01 -2.0090756604e+00
48 50 38
2 8 589 269.7000 525.3201 10 489 491.3900 503.5000
7.2473493018e-02 2.5709957692e-01 -1.9717852482e+00
42 44 28
2 8 1393 113.3300 490.3900 10 1195 311.5200 485.6500
7.8770428463e-02 3.4969418510e-01 -1.9894489038e+00
201 196 168
2 8 4583 135.3500 668.8101 10 3689 377.4600 667.0400
9.0986018381e-02 3.4896818610e-01 -1.9932693437e+00
203 197 178
2 8 4576 159.1700 667.0000 10 3673 402.4000 662.9301
9.0986018381e-02 3.4896818610e-01 -1.9932693437e+00
203 197 178
2 8 4577 159.1700 667.0000 10 3674 402.4000 662.9301
-6.0992550621e-02 -3.1583120690e-01 -1.8807208557e+00
119 118 98
2 8 23 -186.1100 -598.0100 10 31 -192.4100 -527.4000
-6.1521304624e-02 -3.1628172749e-01 -1.8816101818e+00
116 115 96
2 8 37 -186.5500 -598.6899 10 32 -192.4100 -527.4000
3.1047237819e-01 2.6169064938e-01 -2.0564292254e+00
87 88 74
2 8 50 584.0100 500.9600 10 42 846.4100 433.4100
2.1910544234e-01 -1.8457574666e-01 -2.0555641974e+00
177 127 28
2 8 66 386.5500 -313.1400 10 54 464.6600 -399.2700
2.3512035606e-01 -2.6078651164e-01 -2.0222608129e+00
206 155 47
2 8 79 414.6899 -468.6000 10 69 450.0500 -563.1200
2.7100418436e-01 -1.9932327541e-01 -2.0659965169e+00
174 118 21
2 8 80 485.2700 -344.7700 10 71 566.7900 -456.5601
2.9517803669e-01 1.8620424531e-01 -1.9779829446e+00
95 125 81
2 8 135 542.4399 368.7700 10 89 728.8101 302.1000
-3.1825517719e-01 -9.0075150821e-02 -1.9416403250e+00
238 236 195
2 8 164 -586.8300 -135.6900 10 189 -413.6400 -20.4100
-6.0772009978e-02 -3.1130792940e-01 -1.8723510263e+00
119 118 100
2 8 209 -190.5000 -593.2000 10 183 -199.2700 -521.3900
-4.1984897529e-01 2.1921730897e-01 -1.8074569911e+00
67 51 34
2 8 254 -940.3900 476.2700 10 210 -636.3300 583.8900
-7.3301172248e-02 -3.0232759192e-01 -1.8735099130e+00
71 66 45
2 8 280 -212.6800 -572.6600 10 314 -213.9000 -496.9500
3.0613682008e-01 -2.3923674866e-01 -2.0402903655e+00
204 150 38
2 8 284 554.7800 -433.4900 10 226 611.6400 -566.7900
-3.2066776071e-01 1.1487247909e-01 -1.9177437195e+00
187 163 112
2 8 320 -612.7100 233.1300 10 350 -384.4900 324.6600
2.9156445845e-01 2.0381331754e-01 -1.9957834283e+00
192 211 218
3 8 329 537.2200 399.8500 10 268 739.9700 333.9700 13 206 936.9900 258.8800
-4.1179149547e-01 2.4394696086e-01 -1.8316284548e+00
57 75 153
2 8 335 -894.6700 517.5500 10 374 -585.6700 616.3201
-2.8228915287e-01 3.1436535841e-01 -1.9494084860e+00
48 46 38
2 8 350 -530.4900 600.7200 10 387 -245.0700 659.1200
7.6828305249e-02 -3.2834844907e-01 -1.9231801300e+00
225 182 67
2 8 376 91.8300 -619.2300 10 310 66.2000 -621.9100
2.4459591544e-01 -2.1961208618e-01 -2.0266634026e+00
37 41 26
2 8 379 432.0200 -391.0601 10 315 484.2300 -486.8300
1.9252870973e-01 2.8230639710e-01 -2.0251586315e+00
34 35 24
2 8 440 351.8300 533.8600 10 361 585.7300 501.4100
-3.4673770611e-01 2.6512750598e-01 -1.8726169201e+00
238 104 65
2 8 441 -718.8000 539.4800 10 523 -434.9000 619.0800
-2.7557226247e-01 3.1412582475e-01 -1.9530152185e+00
249 248 246
3 8 454 -514.9400 598.1000 10 534 -233.0000 655.4900 13 583 22.5700 711.9600
-7.4401225367e-02 -2.9533356161e-01 -1.8739545704e+00
228 185 73
2 8 476 -214.1300 -557.0900 10 555 -212.5700 -483.7300
-1.7501851331e-01 -1.1886540345e-01 -1.9977019014e+00
147 100 21
2 8 491 -304.6000 -182.4800 10 413 -174.9600 -114.9400
-2.9414647688e-01 -6.8339115585e-02 -1.9445522364e+00
213 161 49
2 8 500 -541.6900 -98.6700 10 752 -371.8000 8.5500
-2.6273325638e-01 6.0809848947e-02 -1.8807623850e+00
64 46 24
2 8 517 -539.5400 135.2200 10 437 -359.8800 224.7200
2.0772349319e-01 2.4755679425e-01 -2.0042734857e+00
60 60 50
2 8 567 374.5500 473.9800 10 357 586.4600 436.3101
-3.4763567114e-01 2.2768162351e-01 -1.8334603491e+00
103 144 179
2 8 569 -759.8700 478.8400 10 673 -493.9400 568.1400
1.8705507416e-01 2.7164540192e-01 -2.0110154973e+00
35 35 23
2 8 587 338.1100 516.2300 10 482 560.8900 486.4700
1.4080290910e-01 2.7836249010e-01 -2.0064783371e+00
50 51 45
2 8 590 250.4700 526.5601 10 490 470.7800 506.0601
-3.7004695237e-01 2.5916410379e-01 -1.8326634744e+00
209 207 198
2 8 596 -810.3900 546.7800 10 690 -520.3300 635.0000
3.4596552201e-02 2.9892993315e-01 -1.9902457328e+00
166 164 151
2 8 604 52.9900 563.1700 10 506 276.3600 565.2800
-1.5030047752e-02 3.0839878634e-01 -1.9799752333e+00
113 114 97
2 8 609 -39.5300 582.2000 10 516 188.3500 594.2800
-6.8799691247e-02 3.3346839817e-01 -2.0260313758e+00
188 184 161
2 8 618 -111.2900 608.2700 10 528 146.5900 627.0000
-1.1047766148e-01 3.4594873016e-01 -2.0105873898e+00
211 204 188
2 8 628 -190.6700 636.6100 10 389 73.9800 663.1300
-2.5295227155e-01 3.5105404817e-01 -1.9912869950e+00
63 57 53
2 8 635 -448.3000 652.0400 10 544 -152.1000 701.0100
-6.6942064654e-02 -3.3192190831e-01 -1.8737922373e+00
194 148 51
2 8 660 -202.3500 -635.5800 10 726 -215.0700 -556.7100
-6.7934228649e-02 -2.8923909913e-01 -1.8746379306e+00
215 209 197
2 8 665 -201.2000 -545.7700 10 556 -199.4900 -474.4200
-2.5116901266e-01 -1.0961628760e-01 -1.9610878129e+00
87 73 39
2 8 679 -456.4400 -169.3900 10 1018 -310.0700 -74.3800
-4.7979330819e-01 -4.5678263737e-03 -1.9262182761e+00
222 179 51
2 8 715 -890.9200 20.3600 10 589 -616.9700 167.6900
-2.5300515229e-01 4.9726783585e-02 -1.8791879209e+00
41 35 23
2 8 726 -522.9900 114.0300 10 595 -351.0400 203.0700
2.5191798218e-01 1.5503817482e-01 -1.9353848982e+00
87 115 80
2 8 763 446.0400 312.4700 10 604 590.5200 255.7900
2.6735570642e-01 1.5747948662e-01 -1.9417567724e+00
155 207 107
2 8 766 479.1100 316.9100 10 605 629.6899 256.0700
3.3917692479e-01 1.5748728103e-01 -1.9665395657e+00
125 183 99
2 8 767 634.0800 319.2700 10 438 811.3400 231.6800
3.1121554719e-01 1.8441409781e-01 -1.9834904588e+00
217 214 173
3 8 776 576.2300 366.7100 10 612 767.9200 292.5701 13 475 952.4800 205.8500
2.7307434003e-01 2.0477567060e-01 -1.9930338934e+00
80 84 81
2 8 784 499.1500 400.4399 10 461 697.0601 340.5601
1.8671763877e-01 2.4879095187e-01 -1.9977951320e+00
42 42 30
2 8 790 333.0699 476.3000 10 632 540.5601 443.7300
-3.5871277680e-01 2.2624789125e-01 -1.8324476117e+00
254 255 253
2 8 791 -783.0800 476.7700 10 674 -511.7500 568.7000
-3.3872304890e-01 2.3488758934e-01 -1.8460238139e+00
253 253 254
2 8 796 -728.7300 488.7100 10 923 -463.3400 572.9000
1.6042006607e-01 2.7660027555e-01 -2.0099288088e+00
32 34 25
2 8 808 287.7800 524.2300 10 488 509.9301 498.8800
1.0221686237e-01 2.7888482568e-01 -1.9931678732e+00
32 33 25
2 8 811 175.6600 528.4000 10 648 390.0200 516.7800
3.7753515249e-02 2.9369633361e-01 -1.9898962883e+00
41 43 30
2 8 830 58.3900 552.3300 10 667 279.4100 555.6300
3.1921066801e-02 2.9490776247e-01 -1.9875235016e+00
29 32 25
2 8 832 47.0699 555.3400 10 670 268.1000 559.5601
-3.4039536926e-01 2.9327298252e-01 -1.8576736245e+00
222 74 31
2 8 851 -726.9400 605.0800 10 704 -437.2400 680.6100
-3.9193259482e-01 2.8462919228e-01 -1.8060333515e+00
103 104 106
2 8 856 -894.8500 617.8400 10 965 -583.0700 707.0100
-3.3139345943e-01 3.0261196065e-01 -1.8576968172e+00
245 201 181
2 8 859 -710.6100 624.3600 10 964 -421.7700 697.2900
-3.8772283416e-01 2.8787304045e-01 -1.8048405923e+00
229 230 229
2 8 860 -888.1800 625.4301 10 968 -577.7700 713.4000
-3.0055733136e-01 3.6924897915e-01 -1.9968210065e+00
113 114 98
2 8 877 -528.2100 685.3900 10 983 -209.0700 738.2100
2.9146877850e-01 -2.4842232204e-01 -2.0433359121e+00
214 166 62
3 8 902 526.0900 -447.4600 10 1367 579.5699 -572.9600 13 792 596.1300 -705.2300
-3.2418325218e-01 -9.8243361875e-02 -1.9424144258e+00
199 143 49
3 8 927 -596.8500 -150.4500 10 1034 -422.7600 -31.6400 13 1062 -253.9300 56.6600
-2.0132352156e-01 -8.8518694697e-02 -1.9588102205e+00
70 56 30
2 8 930 -372.8800 -134.2100 10 1020 -238.3000 -56.4900
-4.5900913568e-01 -2.8640055940e-03 -1.9402153692e+00
202 144 23
2 8 950 -836.6300 23.1500 10 1090 -572.9800 162.0000
-2.5792649303e-01 9.9705174158e-02 -1.8816447989e+00
16 16 14
2 8 973 -530.8900 208.6900 10 1130 -340.8800 291.3500
-3.3712611115e-01 1.1226461186e-01 -1.9079240939e+00
147 124 74
2 8 981 -651.6000 230.6600 10 815 -418.7100 327.0200
3.1901265967e-01 1.5103281894e-01 -1.9529964103e+00
87 156 77
2 8 995 589.4100 306.5701 10 600 751.7200 226.2200
2.8623688357e-01 1.5134245612e-01 -1.9416363807e+00
140 205 103
2 8 996 518.4500 306.4100 10 784 668.9100 238.0500
2.9301666311e-01 1.5157815498e-01 -1.9437559382e+00
146 214 102
2 8 997 533.0500 307.2500 10 602 685.8101 236.1600
2.4791805450e-01 1.7493703000e-01 -1.9520613932e+00
76 112 67
2 8 1014 441.3000 348.3900 10 807 602.3400 294.5100
3.2840127928e-01 1.8379968171e-01 -1.9894303867e+00
88 120 70
2 8 1019 612.8700 366.0400 10 803 811.6500 285.8500
3.0726825983e-01 1.8386513471e-01 -1.9821879406e+00
103 112 74
2 8 1020 567.7600 365.0701 10 613 757.7900 292.7800
3.3534957839e-01 1.9088204875e-01 -1.9986600622e+00
190 197 164
2 8 1024 628.4200 379.0100 10 810 837.0900 297.1200
2.4796937950e-01 1.9454979010e-01 -1.9536508327e+00
101 101 93
3 8 1026 443.3199 385.4299 10 622 614.5900 335.3000 13 642 772.0601 280.0200
-4.2598079909e-01 2.1937723839e-01 -1.7994142885e+00
84 62 60
2 8 1047 -964.9100 480.3500 10 925 -656.7300 590.4700
1.9206679823e-01 2.6972489942e-01 -2.0110337794e+00
93 94 84
2 8 1071 347.5000 513.4299 10 842 570.0100 481.6100
9.8941257575e-02 2.7171487495e-01 -1.9896345040e+00
86 98 84
2 8 1073 168.2100 515.1600 10 857 378.3400 504.2900
1.7401909975e-01 2.7413384398e-01 -2.0063489062e+00
34 37 28
2 8 1076 312.6100 521.5500 10 847 533.2800 494.5100
-1.2161569452e-02 2.8938604777e-01 -1.9715105747e+00
29 31 23
2 8 1105 -38.4400 547.7500 10 914 179.0699 560.9500
-3.6793593500e-01 2.6236942213e-01 -1.8389865472e+00
172 97 135
2 8 1107 -798.9100 550.0500 10 691 -508.2100 637.5601
-1.0552507426e-02 2.9665196219e-01 -1.9790011889e+00
28 29 23
2 8 1115 -32.1200 558.7700 10 922 190.4800 572.0601
7.0662787087e-02 3.0610186451e-01 -2.0320542568e+00
223 222 202
2 8 1120 131.9600 563.9299 10 906 371.6400 557.6300
-3.3758034883e-01 2.7460303302e-01 -1.8636962173e+00
229 75 47
3 8 1123 -712.7100 564.7000 10 949 -428.7100 641.2300 13 1305 -183.4000 710.6600
-3.7540556814e-01 2.9820912175e-01 -1.8111501116e+00
253 252 249
2 8 1145 -855.7200 643.8199 10 974 -548.3900 727.5100
-3.7540556814e-01 2.9820912175e-01 -1.8111501116e+00
253 252 249
2 8 1146 -855.7200 643.8199 10 975 -548.3900 727.5100
-1.1220275924e-01 3.5021118116e-01 -2.0130899435e+00
213 208 202
2 8 1148 -192.3500 643.9900 10 698 74.8199 669.8600
-3.3439287025e-01 3.1617561232e-01 -1.8489741817e+00
220 65 36
2 8 1157 -728.5200 658.7500 10 1331 -433.8000 730.2700
-4.5009465777e-02 3.6354552391e-01 -1.9582951223e+00
31 31 21
2 8 1165 -103.6100 700.9900 10 972 142.8101 720.7100
1.5921171911e-01 -3.5114049405e-01 -1.9039247456e+00
60 50 13
2 8 1179 247.3900 -695.0601 10 718 187.4100 -737.8700
-3.4841896286e-01 -9.7055426785e-02 -1.9322139713e+00
214 163 62
2 8 1208 -648.5700 -149.4300 10 1422 -465.8700 -21.0500
-3.1891893120e-01 -9.1189716036e-02 -1.9448942858e+00
228 224 179
2 8 1216 -585.2000 -136.9800 10 1421 -411.3500 -22.3800
-1.9184669729e-01 -4.9319407382e-02 -1.9392573945e+00
28 21 11
2 8 1242 -369.1200 -67.9500 10 1429 -232.1200 7.2100
-2.5612361982e-01 3.1018896366e-02 -1.8939628088e+00
121 114 89
2 8 1278 -515.8900 78.5200 10 1475 -344.6800 168.6600
-2.5612361982e-01 3.1018896366e-02 -1.8939628088e+00
121 114 89
2 8 1279 -515.8900 78.5200 10 1476 -344.6800 168.6600
4.1818127381e-01 8.1729378733e-02 -1.9940533153e+00
9 36 84
2 8 1295 802.6000 169.2600 10 760 985.3101 32.8700
-2.6219210629e-01 8.2118944585e-02 -1.8849751489e+00
106 79 34
2 8 1296 -535.3000 175.0000 10 2035 -348.2800 260.8100
3.3603781832e-01 1.4042130276e-01 -1.9475911020e+00
210 237 161
2 8 1319 625.9900 287.4000 10 776 784.1801 199.7300
3.3996991541e-01 1.4460448051e-01 -1.9529294211e+00
241 247 219
2 8 1321 635.0000 295.4600 10 777 799.0100 206.5700
3.3996991541e-01 1.4460448051e-01 -1.9529294211e+00
241 247 219
2 8 1322 635.0000 295.4600 10 778 799.0100 206.5700
3.2438316164e-01 1.5215712977e-01 -1.9557454057e+00
245 249 216
2 8 1332 601.2500 308.8900 10 1102 766.7100 226.5800
3.0199209613e-01 1.6156213906e-01 -1.9578041843e+00
97 157 82
2 8 1337 553.7000 325.4900 10 788 719.9600 251.9700
3.3904589088e-01 1.6660559327e-01 -1.9748497110e+00
112 185 86
2 8 1340 634.5300 335.6400 10 785 820.4399 250.0100
3.2395273362e-01 1.7336079025e-01 -1.9768017215e+00
132 204 98
2 8 1351 602.3101 347.4600 10 795 788.6100 267.5200
3.0846153594e-01 1.7906800954e-01 -1.9772336135e+00
143 211 97
3 8 1354 569.4500 357.2700 10 1122 755.6801 283.2500 13 844 931.5400 197.2200
3.3107758174e-01 1.8040107176e-01 -1.9857745039e+00
174 206 146
2 8 1356 618.3300 360.6500 10 1117 814.3400 278.6500
3.3815469329e-01 1.9122541907e-01 -1.9998415866e+00
80 106 71
2 8 1362 634.4600 379.9700 10 809 844.6899 296.7800
2.8630131959e-01 2.0241866793e-01 -1.9958116367e+00
234 194 171
3 8 1367 526.7500 396.4000 10 818 726.0500 332.2100 13 639 922.2500 258.1400
2.8001093628e-01 2.0285487138e-01 -1.9921677310e+00
170 186 186
2 8 1369 513.1400 397.6400 10 820 711.0699 335.5300
3.1557520686e-01 2.0698062670e-01 -2.0073609052e+00
82 103 70
2 8 1370 588.0300 406.3300 10 819 803.2300 333.2700
-3.5859845696e-01 2.2615142314e-01 -1.8347597134e+00
253 251 247
2 8 1381 -780.0900 475.8101 10 1675 -508.6400 567.1000
-4.2335640986e-01 2.1704958484e-01 -1.7993882022e+00
225 222 201
2 8 1383 -958.9200 475.6200 10 1267 -653.5200 584.7200
-3.7364381319e-01 2.3985056952e-01 -1.8401403837e+00
101 70 67
2 8 1402 -805.6700 503.1100 10 1274 -520.3000 594.0701
3.4929913460e-01 2.6519149729e-01 -2.0702328255e+00
56 57 49
2 8 1407 664.6500 508.7900 10 834 947.7500 432.9100
1.6805956527e-01 2.7313860435e-01 -2.0093372471e+00
56 62 46
2 8 1416 301.8199 517.8101 10 1197 522.8300 491.8900
-1.1730161233e-02 2.7211394600e-01 -1.9580845604e+00
49 49 37
2 8 1425 -43.9900 519.4299 10 1235 162.3700 532.3500
1.3830469154e-01 2.7716131960e-01 -1.9989081177e+00
31 33 23
2 8 1434 243.9399 526.3101 10 865 460.5900 507.2900
-3.7059871353e-01 2.5102065514e-01 -1.8386190442e+00
184 179 173
2 8 1435 -803.0000 526.8900 10 1284 -515.2500 615.8400
-3.7233324866e-01 2.5328434646e-01 -1.8322201156e+00
162 88 148
2 8 1437 -814.6800 534.4399 10 1709 -525.5700 624.5300
-3.7041663840e-01 2.5511526521e-01 -1.8369325122e+00
170 157 160
2 8 1447 -805.2800 536.6600 10 1708 -516.2900 624.2800
6.8557731907e-02 3.0832209160e-01 -2.0302888830e+00
45 42 29
2 8 1475 127.7800 568.7000 10 1252 367.7300 562.9399
4.5068235472e-02 3.0692939742e-01 -1.9927221243e+00
103 103 93
2 8 1480 73.0100 578.2000 10 1263 299.8101 579.6300
-3.3961216198e-01 2.7976936908e-01 -1.8576095427e+00
246 229 194
3 8 1481 -724.1000 577.7300 10 1727 -437.9100 655.0000 13 2210 -190.9600 726.6500
2.0516788946e-01 3.4300579506e-01 -2.0191763481e+00
32 35 24
3 8 1532 382.1600 660.3500 10 1297 641.0500 634.1100 13 998 916.4301 618.0800
-3.3018076340e-01 3.1925992756e-01 -1.8525443734e+00
220 182 160
2 8 1536 -716.6100 662.8199 10 1334 -422.3400 733.7100
-3.3018076340e-01 3.1925992756e-01 -1.8525443734e+00
220 182 160
2 8 1537 -716.6100 662.8199 10 1335 -422.3400 733.7100
2.4113299343e-01 3.4698069081e-01 -2.0225385775e+00
23 24 18
2 8 1547 454.2600 672.9301 10 947 724.0699 640.5300
-2.5152345954e-01 3.6917615311e-01 -1.9893138000e+00
239 238 216
2 8 1552 -448.9700 688.7900 10 1337 -146.8400 735.7800
2.6770428840e-01 -2.2014766921e-01 -2.0495295565e+00
244 234 202
2 8 1590 478.4900 -387.5400 10 996 543.8600 -498.6600
-3.3256203014e-01 -8.2581118908e-02 -1.9449136881e+00
212 167 77
2 8 1632 -608.6000 -121.6000 10 1906 -426.6400 -3.8700
-1.8915650204e-01 -5.5169877005e-02 -1.9425927861e+00
111 100 71
2 8 1650 -362.3400 -78.0700 10 1905 -226.9100 -3.7700
-2.5629346510e-01 -2.3380359165e-02 -1.9217508178e+00
37 24 6
2 8 1669 -493.5800 -20.3600 10 1457 -331.3200 72.1300
4.1865631246e-01 8.4185863552e-02 -1.9911704962e+00
124 131 143
2 8 1709 804.4900 174.1300 10 1440 986.8101 38.8200
3.4304829197e-01 1.3893790044e-01 -1.9482658234e+00
223 237 168
2 8 1733 641.4900 284.9299 10 1091 801.0100 194.2900
3.3769156581e-01 1.4269146079e-01 -1.9500421719e+00
125 171 144
2 8 1734 629.8300 291.8000 10 1093 790.8101 203.6900
2.8146973132e-01 1.5068100676e-01 -1.9386572375e+00
161 214 113
2 8 1741 508.0699 305.2700 10 1105 655.9500 238.5400
3.0649072435e-01 1.5317400688e-01 -1.9506150603e+00
68 119 49
2 8 1747 562.4100 310.1899 10 1499 721.9200 234.6800
3.2580413896e-01 1.5367461904e-01 -1.9574439966e+00
91 151 78
2 8 1750 604.4900 311.9200 10 1494 771.8800 229.0000
2.9132183410e-01 1.5497501668e-01 -1.9470035982e+00
95 150 65
2 8 1752 529.8900 313.2200 10 1109 685.6100 243.2200
3.3382963956e-01 1.6072389093e-01 -1.9681522709e+00
143 215 111
2 8 1757 622.6300 324.6600 10 1107 800.9200 239.9800
3.0782242222e-01 1.6488725896e-01 -1.9612648090e+00
76 147 45
3 8 1759 566.0601 331.9200 10 2033 738.4100 257.3800 13 1390 894.9600 169.9200
3.1651334408e-01 1.6724092470e-01 -1.9690291081e+00
117 191 90
2 8 1760 585.6500 335.7800 10 1507 763.3600 258.1800
2.5694553255e-01 1.6955969028e-01 -1.9505905128e+00
194 204 164
2 8 1764 459.2800 338.5400 10 1528 618.3300 281.7500
2.5756403771e-01 1.7344560609e-01 -1.9544666534e+00
173 193 144
2 8 1766 461.2500 345.8201 10 1534 624.0200 288.5200
2.5644299386e-01 1.7847150412e-01 -1.9567361750e+00
12 20 7
3 8 1774 459.3700 354.9900 10 1133 626.1300 298.7700 13 1093 777.9700 235.0000
2.7708400625e-01 1.8093391474e-01 -1.9681945504e+00
82 127 56
2 8 1779 503.5000 359.4000 10 1539 679.3101 296.6000
3.0336498428e-01 1.8114450213e-01 -1.9778012328e+00
134 195 100
2 8 1780 559.0900 360.5900 10 1533 744.8199 288.6200
3.1797894506e-01 1.8122605470e-01 -1.9832046828e+00
232 240 193
2 8 1781 590.2700 361.1300 10 1121 782.0800 284.1899
3.1486123737e-01 1.8350003951e-01 -1.9836857752e+00
241 245 212
2 8 1786 583.8800 364.9900 10 1127 776.2300 289.8600
3.2951506112e-01 1.9518020225e-01 -2.0003726846e+00
83 129 70
2 8 1796 616.3500 386.3500 10 1136 826.2800 307.2400
2.8321036149e-01 2.0275643789e-01 -1.9957373246e+00
187 105 76
3 8 1798 520.3600 396.5500 10 1147 719.3700 333.3900 13 857 914.5800 260.8700
2.9519741373e-01 2.0236572274e-01 -1.9978815467e+00
137 128 129
3 8 1800 545.3500 397.3000 10 2104 747.0500 329.9200 13 1421 947.7100 251.8800
2.9519741373e-01 2.0236572274e-01 -1.9978815467e+00
137 128 129
3 8 1801 545.3500 397.3000 10 2105 747.0500 329.9200 13 1422 947.7100 251.8800
-3.3207095509e-01 1.9528962841e-01 -1.8115174823e+00
135 131 152
2 8 1808 -750.3100 418.1400 10 2191 -507.4200 513.2500
1.0344218461e-01 2.6631559942e-01 -1.9859412252e+00
146 146 134
2 8 1856 175.1000 506.2700 10 1619 381.6000 494.3800
3.6014744588e-02 2.7790635362e-01 -2.0179050970e+00
106 107 93
2 8 1861 65.0400 513.3500 10 2185 289.8800 511.5900
9.8511797681e-02 2.7473035483e-01 -1.9906979577e+00
47 49 39
2 8 1869 167.9000 520.7200 10 1638 379.6500 509.9100
-3.7121112494e-01 2.4794204458e-01 -1.8379122933e+00
240 236 237
2 8 1871 -804.6400 520.7700 10 1698 -517.7700 610.4200
-3.7554843029e-01 2.4953694640e-01 -1.8318393164e+00
167 93 148
2 8 1881 -821.1000 527.2600 10 2294 -531.6800 617.8000
1.5760496685e-01 2.7972306718e-01 -2.0071361588e+00
177 181 168
2 8 1884 282.1801 530.6100 10 1212 504.2800 507.1300
-3.7535973243e-01 2.5200191068e-01 -1.8301504545e+00
172 83 146
2 8 1891 -823.1900 533.2600 10 1706 -533.0700 623.5000
-3.7522447419e-01 2.5402085361e-01 -1.8289426434e+00
167 80 147
2 8 1897 -824.7300 538.1799 10 1711 -534.0200 628.0200
-3.7527280931e-01 2.5611638871e-01 -1.8276907827e+00
165 76 141
2 8 1906 -826.7300 543.0300 10 1715 -535.2400 633.0800
-3.8037316605e-01 2.6129681769e-01 -1.8203157745e+00
221 199 181
2 8 1918 -847.4100 558.4100 10 1723 -551.4800 648.4399
-1.4577825553e-01 2.9249990225e-01 -1.9422930084e+00
61 62 87
2 8 1923 -291.6400 560.6899 10 1275 -57.3100 599.0500
-3.7635396435e-01 2.7046888570e-01 -1.8215545641e+00
172 77 142
2 8 1931 -839.0800 576.9900 10 1739 -541.7800 665.3101
-2.3916702669e-01 3.2259967737e-01 -1.9705039979e+00
160 138 116
3 8 1949 -437.3100 606.2200 10 2335 -161.4800 655.2700 13 2195 92.0699 708.7000
-3.4082042230e-01 3.0147827424e-01 -1.8495504194e+00
244 228 190
2 8 1972 -738.2800 626.8600 10 1758 -446.0100 701.9500
-2.1725369326e-01 3.4156105907e-01 -1.9927352434e+00
209 180 103
2 8 1977 -384.8400 633.5800 10 1749 -102.2200 677.0000
-3.3183972607e-01 3.0906056036e-01 -1.8545369795e+00
249 175 149
2 8 1983 -716.0200 639.7300 10 2399 -424.7500 712.3500
-3.3527871878e-01 3.3834943854e-01 -1.9552409712e+00
248 250 239
2 8 1993 -623.0100 646.9800 10 1763 -307.6000 709.3800
-3.4222848796e-01 3.2007889352e-01 -1.8463277381e+00
255 255 252
2 8 2021 -747.9300 668.9500 10 1788 -447.7900 741.7300
-2.5143079365e-01 3.6616541845e-01 -1.9864697437e+00
71 70 72
2 8 2029 -450.7400 684.2100 10 1778 -150.2400 731.8000
-6.1105539476e-02 -2.9838126506e-01 -1.8837977877e+00
204 165 82
2 8 2082 -183.4400 -561.0200 10 1380 -182.6900 -492.4500
3.2443711666e-01 -2.8667938964e-01 -2.0177325527e+00
119 71 2
2 8 2091 595.6801 -539.6200 10 1819 623.7100 -688.5400
2.7023341781e-01 -2.6914095594e-01 -2.0181131346e+00
154 102 4
2 8 2104 483.5300 -492.8800 10 2533 514.4700 -607.2900
-3.2187626713e-01 -1.1177742414e-01 -1.9374851543e+00
143 113 34
3 8 2166 -597.8400 -175.3300 10 1879 -429.2300 -53.9200 13 1784 -264.3800 35.9200
-3.1179816939e-01 -1.0790541712e-01 -1.9457121097e+00
181 156 88
2 8 2171 -572.7200 -167.5100 10 2717 -406.0900 -50.9700
-4.4354281356e-01 -9.9927214966e-02 -1.8835971410e+00
175 127 16
2 8 2176 -875.6100 -161.2500 10 2790 -650.8900 7.4900
-3.8966608797e-01 -8.7584830800e-02 -1.9226757944e+00
221 178 41
2 8 2204 -731.3100 -132.7100 10 2787 -528.0700 7.7000
-3.8966608797e-01 -8.7584830800e-02 -1.9226757944e+00
221 178 41
2 8 2205 -731.3100 -132.7100 10 2788 -528.0700 7.7000
-1.8810805385e-01 -8.0681399200e-02 -1.9550924884e+00
87 77 52
2 8 2211 -352.7300 -121.7700 10 2719 -221.2200 -47.3900
-1.8810805385e-01 -8.0681399200e-02 -1.9550924884e+00
87 77 52
2 8 2212 -352.7300 -121.7700 10 2720 -221.2200 -47.3900
-1.8915310155e-01 -4.8830763905e-02 -1.9395609404e+00
107 101 82
2 8 2247 -364.2900 -66.8700 10 2784 -227.9400 6.8600
-1.8915310155e-01 -4.8830763905e-02 -1.9395609404e+00
107 101 82
2 8 2248 -364.2900 -66.8700 10 2785 -227.9400 6.8600
-1.9236467662e-01 -2.5622710843e-02 -1.9264477752e+00
101 89 63
2 8 2274 -378.5200 -26.5200 10 2843 -238.2200 48.5100
-2.0809802380e-01 2.1629810108e-02 -1.9014850202e+00
131 117 87
2 8 2310 -423.9900 59.5000 10 2918 -271.5000 137.2100
-2.0809802380e-01 2.1629810108e-02 -1.9014850202e+00
131 117 87
2 8 2311 -423.9900 59.5000 10 2919 -271.5000 137.2100
3.4636554292e-01 1.3593880867e-01 -1.9494276755e+00
244 238 209
2 8 2402 648.5400 279.1200 10 1479 808.1600 186.2000
3.2370231786e-01 1.4963725185e-01 -1.9529531990e+00
97 153 101
2 8 2408 599.5400 304.1100 10 1490 762.1801 222.0300
3.0276551044e-01 1.4983726205e-01 -1.9453093143e+00
146 214 111
2 8 2409 553.9399 303.9299 10 1495 708.4100 229.8500
3.0845122715e-01 1.5332417381e-01 -1.9518485203e+00
139 205 113
2 8 2414 566.7000 310.2100 10 2010 727.3101 234.4100
3.3623364001e-01 1.5612905127e-01 -1.9637412004e+00
195 229 153
2 8 2423 627.5601 316.4700 10 1496 801.9301 230.4000
2.8759382845e-01 1.5699799363e-01 -1.9427803959e+00
124 90 38
3 8 2427 520.9301 317.5100 10 1504 677.7900 249.6900 13 1080 812.9500 171.8500
2.9507144836e-01 1.6807884010e-01 -1.9623272402e+00
221 120 64
2 8 2437 539.7500 336.7200 10 2046 710.0000 266.7200
3.1419246998e-01 1.6846759778e-01 -1.9694793532e+00
71 145 49
2 8 2439 580.7700 338.0500 10 1509 758.7700 261.1400
3.2328893526e-01 1.7071046071e-01 -1.9741412920e+00
78 136 65
2 8 2444 600.6200 342.5701 10 1513 784.1500 262.6600
3.0394131818e-01 1.7817069504e-01 -1.9738110983e+00
60 106 39
3 8 2458 559.6000 355.7900 10 1529 742.9100 283.4700 13 1083 914.6400 198.9800
2.7804184195e-01 1.8363538726e-01 -1.9736792062e+00
128 188 102
2 8 2465 506.0601 363.8300 10 3134 686.0000 300.3900
3.1887063817e-01 2.0411155941e-01 -2.0068757072e+00
111 159 71
2 8 2487 594.6200 401.4000 10 2098 809.1300 326.4200
-4.1543270320e-01 2.3322591634e-01 -1.8211056268e+00
120 124 154
2 8 2538 -914.5600 500.1000 10 2277 -607.7400 602.1000
-3.8112944484e-01 2.3831438276e-01 -1.8356572502e+00
244 212 161
2 8 2545 -826.0300 502.1899 10 2270 -537.3300 595.4299
-3.6937050638e-01 2.4491344828e-01 -1.8480309218e+00
157 133 131
2 8 2553 -788.4000 509.5100 10 2276 -502.7200 599.0701
-3.7147718840e-01 2.5178817634e-01 -1.8356778893e+00
213 198 205
2 8 2587 -808.4600 530.1000 10 2295 -520.2100 618.9600
2.0349500015e-01 2.8322527530e-01 -2.0225932629e+00
167 166 152
2 8 2607 372.5200 537.8800 10 2175 607.1100 503.5601
-3.7125145866e-01 2.5922907518e-01 -1.8311731332e+00
251 232 246
2 8 2636 -814.6800 547.8700 10 3620 -524.0600 636.0900
-3.6857750642e-01 2.6141660075e-01 -1.8340747806e+00
254 238 233
2 8 2642 -806.0200 551.0200 10 2321 -515.8500 638.0200
-3.3085281145e-01 2.7178824084e-01 -1.8704725696e+00
246 233 207
3 8 2646 -691.9300 554.2300 10 2308 -411.5300 629.8101 13 2181 -167.9900 700.4301
-3.6866818978e-01 2.6333057700e-01 -1.8343744032e+00
165 96 128
2 8 2647 -806.1400 554.8101 10 2330 -515.1300 641.7700
-1.5612242786e-01 2.9307301426e-01 -1.9488997575e+00
182 184 196
2 8 2650 -305.6300 559.0601 10 2274 -66.7800 598.4299
-3.3442857845e-01 2.7653650839e-01 -1.8707615528e+00
231 125 105
2 8 2659 -698.5300 563.5500 10 2322 -416.6800 638.9800
-3.3442857845e-01 2.7653650839e-01 -1.8707615528e+00
231 125 105
2 8 2660 -698.5300 563.5500 10 2323 -416.6800 638.9800
-3.4891198459e-01 2.8826553034e-01 -1.8576409793e+00
194 137 131
2 8 2712 -743.0000 595.1300 10 3711 -450.9200 672.4100
-2.1490208043e-01 3.2977766153e-01 -1.9801287128e+00
255 252 242
2 8 2738 -389.0000 616.4000 10 2343 -113.8800 661.2900
-2.4213794820e-01 3.3026945915e-01 -1.9741154944e+00
148 126 78
2 8 2745 -440.9300 620.5500 10 3694 -158.8700 668.8700
-3.3031138277e-01 3.0314478170e-01 -1.8639099922e+00
243 164 144
2 8 2747 -701.7200 622.1801 10 2383 -412.4900 694.2900
-1.7709328088e-01 3.3461606849e-01 -1.9789280716e+00
214 212 211
2 8 2751 -324.4600 626.9900 10 2345 -57.8300 665.6899
-2.2156710779e-01 3.3805510977e-01 -1.9872487553e+00
252 249 237
2 8 2754 -395.9800 629.3600 10 2366 -114.5500 673.8500
-1.0256771115e-01 3.4344602561e-01 -2.0101638682e+00
183 179 184
2 8 2757 -177.2900 632.4500 10 2338 84.9700 657.5699
-1.0256771115e-01 3.4344602561e-01 -2.0101638682e+00
183 179 184
2 8 2758 -177.2900 632.4500 10 2339 84.9700 657.5699
-3.4579578859e-01 3.2270607332e-01 -1.9059625338e+00
197 157 44
2 8 2773 -689.3400 641.4399 10 3786 -380.5800 710.1600
-3.7374934431e-01 2.9912232651e-01 -1.8122548821e+00
223 170 134
2 8 2783 -850.9600 645.1300 10 3843 -544.2100 728.2100
-3.8078455491e-01 2.9681901317e-01 -1.8054685656e+00
255 245 219
2 8 2784 -874.3800 644.7600 10 2431 -564.6300 729.4301
-3.8078455491e-01 2.9681901317e-01 -1.8054685656e+00
255 245 219
2 8 2785 -874.3800 644.7600 10 2429 -564.6300 729.4301
-3.8572939625e-01 2.9922107412e-01 -1.8030841893e+00
238 209 157
2 8 2797 -888.6200 652.2700 10 3858 -574.9000 736.8199
-1.0570646799e-01 3.6059752989e-01 -2.0353796606e+00
218 218 211
2 8 2800 -169.4600 653.9100 10 2369 106.2900 677.8300
-1.0570646799e-01 3.6059752989e-01 -2.0353796606e+00
218 218 211
2 8 2801 -169.4600 653.9100 10 2370 106.2900 677.8300
2.0629016299e-01 3.4051859525e-01 -2.0187277692e+00
162 156 142
2 8 2803 383.7200 654.9900 10 1712 642.5400 628.2200
2.0586481663e-01 3.4094325506e-01 -2.0216528785e+00
162 156 142
3 8 2804 383.7200 654.9900 10 1713 642.5400 628.2200 13 1239 918.0900 611.2200
1.9076711272e-01 3.4178138675e-01 -2.0152611922e+00
33 35 15
2 8 2808 353.0200 656.7300 10 2314 608.7300 632.8400
-3.7104037431e-01 3.0633078086e-01 -1.8107375443e+00
245 198 161
2 8 2817 -848.6900 662.0000 10 3881 -540.6600 743.4000
8.9686472799e-02 3.5177509557e-01 -1.9917063323e+00
209 212 197
2 8 2835 156.4500 673.3000 10 2358 400.2800 669.8101
7.6423258066e-02 3.5328277978e-01 -1.9913461489e+00
234 237 205
3 8 2845 132.1500 674.9100 10 2364 375.4800 673.8101 13 1611 619.7500 687.2600
-3.2027866506e-02 -3.7296485583e-01 -1.8549170857e+00
188 150 66
2 8 2899 -149.9200 -739.4000 10 2501 -197.3600 -668.4500
-1.0111504972e-01 -3.3461477170e-01 -1.8638518269e+00
186 146 46
2 8 2982 -273.4400 -642.7700 10 2557 -279.5200 -547.0900
-5.1947694987e-02 -3.2227331547e-01 -1.8892514162e+00
107 86 31
2 8 3003 -164.6500 -607.3199 10 2561 -171.9700 -542.5200
-2.6434370998e-01 -2.7949488104e-01 -1.8443227983e+00
168 131 54
2 8 3058 -592.8800 -529.2800 10 2625 -519.8100 -369.4800
-1.7500571514e-01 -1.1153596977e-01 -2.0024727033e+00
87 85 70
2 8 3295 -301.4200 -169.1600 10 2692 -168.3300 -103.0100
-3.1566463401e-01 -1.0727174992e-01 -1.9421717367e+00
148 123 68
2 8 3297 -582.4800 -166.9100 10 2718 -414.8300 -48.5500
-3.4275183806e-01 -1.0581286994e-01 -1.9310076572e+00
195 133 9
2 8 3304 -640.0700 -165.1800 10 2734 -462.5000 -37.4100
-3.4275183806e-01 -1.0581286994e-01 -1.9310076572e+00
195 133 9
2 8 3305 -640.0700 -165.1800 10 2735 -462.5000 -37.4100
-3.1012821685e-01 -1.0479654562e-01 -1.9480172381e+00
198 156 49
3 8 3310 -567.6200 -161.7000 10 2722 -400.6100 -46.8300 13 2417 -236.5800 38.5600
-3.6559706451e-01 -9.6998445161e-02 -1.9287232699e+00
204 152 16
2 8 3334 -682.4500 -149.2600 10 1897 -492.4000 -15.5700
2.2807080053e-01 -9.6744489194e-02 -2.1249293845e+00
104 61 2
2 8 3336 410.9399 -148.7400 10 2678 551.4600 -234.6700
-2.8253841117e-01 -9.5727437199e-02 -1.9533860895e+00
166 127 44
2 8 3339 -515.3900 -145.6300 10 2728 -355.4700 -40.8400
-2.3010315821e-01 -3.4270687408e-02 -1.9292492910e+00
113 106 78
2 8 3498 -442.1800 -40.4200 10 2836 -290.7100 45.1700
-2.4681070717e-01 -3.0458589207e-02 -1.9249532756e+00
106 99 71
2 8 3504 -474.5300 -33.4000 10 2854 -317.0300 57.2200
-2.2674433238e-01 1.0255859943e-02 -1.9173309727e+00
78 70 34
2 8 3580 -444.9200 40.0300 10 2903 -284.9200 119.9500
-2.3530676872e-01 1.3389303463e-02 -1.9041519938e+00
75 69 41
2 8 3587 -470.3000 45.3100 10 2912 -309.7200 130.5100
-4.3812420694e-01 1.7501577510e-02 -1.9640639661e+00
191 139 20
2 8 3600 -773.7700 58.4700 10 2947 -513.3700 184.5500
-3.3074065203e-01 3.9532313343e-02 -1.9412409897e+00
208 204 192
2 8 3623 -607.2800 94.5800 10 2956 -393.0100 195.1800
4.2344905713e-01 5.8804661312e-02 -1.9876412502e+00
117 118 104
2 8 3645 814.1500 123.6300 10 2754 984.4800 -19.7500
4.1268797391e-01 8.5713040040e-02 -1.9915403255e+00
124 129 138
2 8 3693 790.5900 176.8400 10 2834 971.6400 44.5500
4.0607223618e-01 8.6937772692e-02 -1.9914743368e+00
115 123 132
2 8 3697 775.3300 179.0200 10 2845 954.5500 49.7900
4.0607223618e-01 8.6937772692e-02 -1.9914743368e+00
115 123 132
2 8 3698 775.3300 179.0200 10 2846 954.5500 49.7900
3.2388837084e-01 1.4627925144e-01 -1.9493899696e+00
128 175 132
2 8 3822 599.6400 298.0300 10 2982 758.8400 215.4100
3.0447637694e-01 1.4913782215e-01 -1.9456233791e+00
84 153 56
2 8 3832 557.5601 302.8000 10 3004 712.2000 227.6300
2.9660286858e-01 1.5063230759e-01 -1.9442721885e+00
84 154 58
2 8 3841 540.6801 305.4900 10 2006 693.8900 233.1300
3.2018407225e-01 1.5393218794e-01 -1.9560260503e+00
206 191 109
2 8 3856 592.2600 311.9000 10 3011 757.7700 231.5900
2.6224690302e-01 1.5513601567e-01 -1.9372943452e+00
69 109 59
2 8 3857 467.8101 312.7600 10 2027 614.4301 253.3500
2.4390636470e-01 1.5791685387e-01 -1.9337727137e+00
112 159 111
2 8 3868 429.5100 317.8800 10 2042 573.6100 264.3100
2.7699495963e-01 1.6558992156e-01 -1.9496059639e+00
253 185 120
3 8 3892 499.9200 332.7500 10 2047 661.6500 269.0000 13 1402 804.5100 195.6200
2.5901290981e-01 1.6757492918e-01 -1.9454423300e+00
79 104 60
3 8 3895 462.2400 335.6700 10 2060 620.1600 278.2000 13 1409 759.0900 213.1400
2.5676158911e-01 1.7496864205e-01 -1.9527730138e+00
51 78 33
3 8 3921 459.0601 349.0100 10 3120 623.1400 292.3000 13 2563 770.2200 228.3600
2.7831948147e-01 1.8148030035e-01 -1.9701958377e+00
94 153 66
2 8 3929 506.2200 360.4200 10 3126 683.5000 296.6899
2.7345778141e-01 2.0765309086e-01 -1.9970893641e+00
85 102 116
3 8 3997 500.9200 404.6799 10 2112 701.0500 344.7900 13 1097 897.0200 277.2500
2.7323787912e-01 2.0916751045e-01 -1.9929415598e+00
126 155 165
2 8 4001 499.9500 409.2600 10 1565 699.7700 349.8400
1.9136454336e-01 2.6678959594e-01 -2.0101185549e+00
49 50 45
2 8 4097 345.7100 508.1500 10 2157 566.5200 475.7000
-3.7972297327e-01 2.4589204151e-01 -1.8306536361e+00
210 144 111
2 8 4146 -830.5200 520.2700 10 3578 -540.1500 612.4700
-3.7972297327e-01 2.4589204151e-01 -1.8306536361e+00
210 144 111
2 8 4147 -830.5200 520.2700 10 3579 -540.1500 612.4700
1.9707174899e-01 2.8244917285e-01 -2.0228702198e+00
69 68 54
2 8 4184 360.1801 535.1899 10 3348 593.7200 502.5800
1.9986200005e-01 2.8523476948e-01 -2.0229058541e+00
93 92 82
2 8 4206 365.8000 541.1100 10 3356 600.9100 508.0701
1.9489836709e-01 2.8544412377e-01 -2.0218600020e+00
96 93 79
2 8 4209 356.1500 541.2400 10 2183 590.2900 509.3700
-3.6856128287e-01 2.5854528558e-01 -1.8354617119e+00
219 198 187
2 8 4217 -803.8500 544.2900 10 3609 -514.6800 631.5800
1.3435649716e-02 2.8982757885e-01 -1.9768680079e+00
50 52 49
2 8 4231 9.5800 548.2700 10 3466 226.4000 556.2200
-3.7815819795e-01 2.5948314058e-01 -1.8241016081e+00
195 140 96
2 8 4248 -837.7100 552.2800 10 3632 -543.5100 642.3300
-3.7815819795e-01 2.5948314058e-01 -1.8241016081e+00
195 140 96
2 8 4249 -837.7100 552.2800 10 3633 -543.5100 642.3300
-3.7815819795e-01 2.5948314058e-01 -1.8241016081e+00
195 140 96
2 8 4250 -837.7100 552.2800 10 3634 -543.5100 642.3300
-3.6772537240e-01 2.6521585701e-01 -1.8345594250e+00
236 177 175
2 8 4263 -804.3000 558.6300 10 3636 -513.0700 645.1899
-3.3315919817e-01 2.7614544579e-01 -1.8718649513e+00
249 189 161
2 8 4267 -694.8500 561.9200 10 3622 -413.5800 637.6100
-3.3255386675e-01 2.7952151999e-01 -1.8767192715e+00
230 120 90
2 8 4281 -688.9600 566.3600 10 3629 -406.0700 641.5300
-3.3085265028e-01 2.7717316747e-01 -1.8672988892e+00
255 203 175
3 8 4282 -696.0500 566.8201 10 3631 -413.9800 642.3400 13 3111 -169.4200 712.7100
-1.8095798721e-01 3.1018992420e-01 -1.9486949440e+00
210 208 205
2 8 4352 -350.6300 592.6500 10 3617 -99.0600 635.0100
-1.8095798721e-01 3.1018992420e-01 -1.9486949440e+00
210 208 205
2 8 4353 -350.6300 592.6500 10 3618 -99.0600 635.0100
2.7935997697e-01 3.2660363856e-01 -2.0845534027e+00
129 124 96
2 8 4412 530.9500 612.4500 10 3486 826.8000 563.8400
-2.3960828126e-01 3.2711616534e-01 -1.9707368870e+00
140 115 46
2 8 4429 -438.8500 615.8000 10 3682 -159.3400 664.5100
-2.3543631529e-01 3.3306227397e-01 -1.9785023303e+00
252 226 123
2 8 4450 -426.1300 623.7900 10 3703 -144.2300 670.9600
-3.3227128463e-01 3.0265838367e-01 -1.8572930378e+00
255 215 193
2 8 4456 -712.7900 624.8199 10 3760 -423.5600 697.7000
-3.7733118228e-01 2.9560087500e-01 -1.8124365564e+00
214 168 142
2 8 4500 -857.5600 637.3300 10 3820 -550.0600 721.8300
-2.9405403134e-01 3.6125156105e-01 -1.9947721873e+00
159 158 139
2 8 4588 -517.7500 670.8500 10 3825 -204.0900 723.4800
8.6324923882e-02 3.5210676922e-01 -1.9907311386e+00
223 223 212
2 8 4595 149.9200 673.9600 10 3701 393.5100 671.2400
8.0629047821e-02 3.5283527941e-01 -1.9899340209e+00
62 69 61
2 8 4597 139.1400 675.0400 10 3712 382.7400 673.5400
8.0629047821e-02 3.5283527941e-01 -1.9899340209e+00
62 69 61
2 8 4598 139.1400 675.0400 10 3713 382.7400 673.5400
8.7022786479e-02 3.5450678797e-01 -1.9885053937e+00
101 102 84
2 8 4608 150.6700 680.0000 10 3726 394.4600 677.5900
8.2056743465e-02 3.5503332156e-01 -1.9883748152e+00
99 101 90
2 8 4610 141.4100 680.6400 10 2371 385.3700 678.8600
-8.1049761816e-02 -1.4619234346e-01 -1.9551035857e+00
46 44 31
2 8 384 -172.9000 -244.9700 2 280 -220.6000 -328.0200
-3.4213763905e-01 -9.7279978150e-02 -1.9323813796e+00
245 246 227
2 8 493 -637.2400 -150.2500 13 614 -282.6100 69.4100
-4.7977978746e-01 -9.8937677780e-03 -1.9341860794e+00
228 188 72
2 8 1273 -881.2900 9.3500 13 1424 -366.7400 261.7000
-3.2082342065e-01 -1.0538969465e-01 -1.9391024280e+00
231 228 183
2 8 3306 -594.0800 -163.9500 13 2422 -258.0300 44.8100
-4.3293215841e-01 -1.0680966260e-01 -1.8838798325e+00
235 201 93
2 10 241 -638.5800 -7.6500 13 273 -433.0200 111.4700
-5.8224845640e-02 -2.9181017322e-01 -1.8503699725e+00
54 49 25
2 10 728 -211.6700 -491.6600 13 802 -199.8900 -423.6899
-3.1953663256e-01 -1.0607803268e-01 -1.9339626790e+00
153 144 104
2 10 741 -428.5900 -45.1700 13 808 -263.3900 44.0500
-3.3800618261e-01 -9.6424233764e-02 -1.9374828393e+00
197 146 29
2 10 747 -446.1000 -23.7900 13 818 -272.1200 67.0800
-3.1087301875e-01 -1.0982264902e-01 -1.9500044452e+00
188 164 85
2 10 1878 -400.8800 -54.5000 13 2414 -237.5300 30.5700
-3.1785844257e-01 -1.0386591179e-01 -1.9441041457e+00
133 123 82
2 10 1886 -414.5800 -42.6200 13 2420 -248.4200 44.4500
